[0mGET / [32m200[0m 1630.671 ms - 10546[0m
[0mGET /upload/post/postimg/post_img-1600618449060 [33m404[0m 110.683 ms - 181[0m
[0mGET /favicon.ico [33m404[0m 21.483 ms - 150[0m
[0mGET /user/sign_In [32m200[0m 50.218 ms - 6195[0m
[0mGET /reset_password/enter_email [32m200[0m 19.882 ms - 4320[0m
[0mGET /user/sign_In [32m200[0m 68.527 ms - 6195[0m
[0mGET /user/sign_Up [32m200[0m 97.188 ms - 6291[0m
[0mGET /user/sign_In [32m200[0m 80.133 ms - 6195[0m
[0mGET /reset_password/enter_email [32m200[0m 85.570 ms - 4320[0m
[0mGET /user/sign_In [32m200[0m 40.481 ms - 6195[0m
[0mGET /user/sign_Up [32m200[0m 29.728 ms - 6291[0m
[0mPOST /user/create [36m302[0m 475.202 ms - 112[0m
[0mGET /user/sign_Up [32m200[0m 66.395 ms - 6550[0m
[0mPOST /user/create [36m302[0m 2525.487 ms - 70[0m
[0mGET /user/sign_In [32m200[0m 23.697 ms - 6446[0m
[0mGET /reset_password/enter_email [32m200[0m 47.761 ms - 4320[0m
[0mPOST /reset_password/send_mail [36m302[0m 337.117 ms - 140[0m
[0mGET /reset_password/enter_email [32m200[0m 21.105 ms - 4320[0m
[0mPOST /reset_password/send_mail [36m302[0m 775.556 ms - 140[0m
[0mGET /reset_password/enter_email [32m200[0m 238.338 ms - 4320[0m
[0mPOST /reset_password/send_mail [36m302[0m 381.876 ms - 140[0m
[0mGET /reset_password/enter_email [32m200[0m 67.463 ms - 4320[0m
[0mPOST /reset_password/send_mail [36m302[0m 556.870 ms - 140[0m
[0mGET /reset_password/enter_email [32m200[0m 113.750 ms - 4320[0m
[0mGET /reset_password/enter_email [32m200[0m 27.136 ms - 4320[0m
[0mPOST /reset_password/send_mail [36m302[0m 197.498 ms - 140[0m
[0mGET /reset_password/enter_email [32m200[0m 24.115 ms - 4320[0m
[0mGET /reset_password/enter_email [32m200[0m 140.581 ms - 4320[0m
[0mPOST /reset_password/send_mail [36m302[0m 335.416 ms - 140[0m
[0mGET /reset_password/enter_email [32m200[0m 34.478 ms - 4320[0m
[0mGET /reset_password/reset/?access_token=e36011f2627695ce7faf8c317ea6e153f525ac4380c446e4fbaba6cc38dde4f35686357ce7bcf327 [32m200[0m 44.799 ms - 4574[0m
[0mPOST /reset_password/password_changed [36m302[0m 383.366 ms - 70[0m
[0mGET /user/sign_In [32m200[0m 37.551 ms - 6195[0m
[0mPOST /user/create-session [36m302[0m 59.794 ms - 46[0m
[0mGET / [32m200[0m 576.542 ms - 26941[0m
[0mGET /upload/post/postimg/post_img-1600618449060 [33m404[0m 30.448 ms - 181[0m
[0mGET / [32m200[0m 11359.372 ms - 10546[0m
[0mGET /upload/post/postimg/post_img-1600618449060 [33m404[0m 268.882 ms - 181[0m
[0mGET /favicon.ico [33m404[0m 7.983 ms - 150[0m
[0mGET / [32m200[0m 245.617 ms - 10546[0m
[0mGET /upload/post/postimg/post_img-1600618449060 [33m404[0m 13.792 ms - 181[0m
[0mGET /user/sign_Up [32m200[0m 50.718 ms - 6291[0m
[0mGET /user/sign_In [32m200[0m 93.731 ms - 6195[0m
[0mPOST /user/create-session [36m302[0m 213.291 ms - 70[0m
[0mGET /user/sign_In [32m200[0m 39.125 ms - 6440[0m
[0mPOST /user/create-session [36m302[0m 25.104 ms - 70[0m
[0mGET /user/sign_In [32m200[0m 23.003 ms - 6440[0m
[0mGET /user/sign_Up [32m200[0m 46.219 ms - 6291[0m
[0mGET /user/sign_In [32m200[0m 43.498 ms - 6195[0m
[0mGET /user/auth/google [36m302[0m 46.494 ms - 0[0m
[0mGET /user/auth/google/callback?code=4%2F0AY0e-g56ggsqJFDjjdJoMgcavLAweDJQo07y0WRY0g9JrRReNSHVgzaz7T3AdP1uTtjcFg&scope=email+profile+https%3A%2F%2Fwww.googleapis.com%2Fauth%2Fuserinfo.profile+https%3A%2F%2Fwww.googleapis.com%2Fauth%2Fuserinfo.email+openid&authuser=1&prompt=consent [36m302[0m 1713.261 ms - 46[0m
[0mGET / [32m200[0m 409.306 ms - 26941[0m
[0mGET /upload/post/postimg/post_img-1600618449060 [33m404[0m 27.385 ms - 181[0m
[0mPOST /like/toggle/?id=603674aac48edf016c249a40&type=Comment [32m200[0m 126.179 ms - 58[0m
[0mPOST /like/toggle/?id=603674aac48edf016c249a40&type=Comment [32m200[0m 44.134 ms - 57[0m
[0mGET /user/profile/6045da43469ce71314ccf8c3 [32m200[0m 87.541 ms - 8080[0m
[0mGET /user/profile/6045da43469ce71314ccf8c3 [32m200[0m 69.858 ms - 8080[0m
[0mGET / [32m200[0m 195.523 ms - 26941[0m
[0mGET /upload/post/postimg/post_img-1600618449060 [33m404[0m 38.978 ms - 181[0m
[0mGET /user/profile/5f3d641afb7aec29d8dfa524 [32m200[0m 192.381 ms - 5869[0m
[0mGET /user/friendreq/5f3d641afb7aec29d8dfa524 [36m302[0m 181.695 ms - 162[0m
[0mGET /user/profile/5f3d641afb7aec29d8dfa524 [32m200[0m 54.491 ms - 5869[0m
[0mGET /user/friendreq/5f3d641afb7aec29d8dfa524 [36m302[0m 42.145 ms - 162[0m
[0mGET /user/profile/5f3d641afb7aec29d8dfa524 [32m200[0m 43.834 ms - 5869[0m
[0mGET /user/profile/5f3d641afb7aec29d8dfa524 [32m200[0m 53.784 ms - 5869[0m
[0mGET /user/profile/5f3d641afb7aec29d8dfa524 [32m200[0m 161.668 ms - 5869[0m
[0mGET /user/profile/5f3d641afb7aec29d8dfa524 [32m200[0m 80.699 ms - 5869[0m
[0mGET / [32m200[0m 379.721 ms - 26941[0m
[0mGET /upload/post/postimg/post_img-1600618449060 [33m404[0m 22.063 ms - 181[0m
[0mGET /user/profile/5f40c23b424c163b70d21cdf [32m200[0m 54.982 ms - 5902[0m
[0mGET / [32m200[0m 273.879 ms - 26941[0m
[0mGET /upload/post/postimg/post_img-1600618449060 [33m404[0m 45.453 ms - 181[0m
[0mGET /user/profile/5f5b41738ec6da22cc6e3fd4 [32m200[0m 74.663 ms - 5907[0m
[0mGET / [32m200[0m 329.885 ms - 26941[0m
[0mGET /upload/post/postimg/post_img-1600618449060 [33m404[0m 44.008 ms - 181[0m
[0mGET /user/profile/60366b5bf67f880a442fd1b0 [32m200[0m 57.672 ms - 5807[0m
[0mGET / [32m200[0m 201.552 ms - 26941[0m
[0mGET /upload/post/postimg/post_img-1600618449060 [33m404[0m 28.319 ms - 181[0m
[0mPOST /like/toggle/?id=603674aac48edf016c249a40&type=Comment [32m200[0m 49.581 ms - 58[0m
[0mPOST /like/toggle/?id=603674aac48edf016c249a40&type=Comment [32m200[0m 40.650 ms - 57[0m
[0mPOST /like/toggle/?id=6036748cc48edf016c249a3e&type=Post [32m200[0m 38.770 ms - 58[0m
[0mPOST /like/toggle/?id=6036748cc48edf016c249a3e&type=Post [32m200[0m 53.892 ms - 57[0m
[0mGET /user/profile/60366b5bf67f880a442fd1b0 [32m200[0m 84.423 ms - 5807[0m
[0mGET /user/friendreq/60366b5bf67f880a442fd1b0 [36m302[0m 50.345 ms - 162[0m
[0mGET /user/profile/60366b5bf67f880a442fd1b0 [32m200[0m 68.482 ms - 5807[0m
[0mGET / [32m200[0m 187.335 ms - 26941[0m
[0mGET /upload/post/postimg/post_img-1600618449060 [33m404[0m 26.828 ms - 181[0m
[0mGET /user/profile/5f468b815972b018780ad880 [32m200[0m 58.040 ms - 5881[0m
[0mGET /user/friendreq/5f468b815972b018780ad880 [36m302[0m 51.087 ms - 162[0m
[0mGET /user/profile/5f468b815972b018780ad880 [32m200[0m 58.821 ms - 5881[0m
[0mGET /user/profile/6045da43469ce71314ccf8c3 [32m200[0m 59.158 ms - 8080[0m
[0mGET /user/profile/6045da43469ce71314ccf8c3 [32m200[0m 51.432 ms - 8080[0m
[0mGET /user/profile/6045da43469ce71314ccf8c3 [32m200[0m 69.533 ms - 8080[0m
[0mGET /user/profile/6045da43469ce71314ccf8c3 [32m200[0m 59.271 ms - 8080[0m
[0mGET /user/profile/6045da43469ce71314ccf8c3 [32m200[0m 55.317 ms - 8080[0m
[0mGET /user/profile/6045da43469ce71314ccf8c3 [32m200[0m 53.535 ms - 8080[0m
[0mGET / [32m200[0m 180.730 ms - 26941[0m
[0mGET /upload/post/postimg/post_img-1600618449060 [33m404[0m 21.813 ms - 181[0m
[0mGET / [32m200[0m 84.849 ms - 26941[0m
[0mGET /upload/post/postimg/post_img-1600618449060 [33m404[0m 13.416 ms - 181[0m
[0mGET /user/profile/6045da43469ce71314ccf8c3 [32m200[0m 62.451 ms - 8080[0m
[0mGET /user/profile/6045da43469ce71314ccf8c3 [32m200[0m 51.130 ms - 8080[0m
[0mPOST /user/update/6045da43469ce71314ccf8c3 [36m302[0m 183.313 ms - 162[0m
[0mGET /user/profile/6045da43469ce71314ccf8c3 [32m200[0m 45.736 ms - 8399[0m
[0mGET /user/profile/6045da43469ce71314ccf8c3 [32m200[0m 55.245 ms - 8162[0m
[0mGET / [32m200[0m 284.908 ms - 27023[0m
[0mGET /upload/post/postimg/post_img-1600618449060 [33m404[0m 25.030 ms - 181[0m
[0mPOST /post/create_image [36m302[0m 398.428 ms - 88[0m
[0mGET / [32m200[0m 180.679 ms - 33303[0m
[0mGET /upload/post/postimg/post_img-1600618449060 [33m404[0m 26.935 ms - 181[0m
[0mGET /user/profile/6045da43469ce71314ccf8c3 [32m200[0m 78.243 ms - 8677[0m
[0mGET /user/profile/6045da43469ce71314ccf8c3 [32m200[0m 66.531 ms - 8677[0m
[0mGET / [32m200[0m 5271.982 ms - 12853[0m
[0mGET /upload/post/postimg/post_img-1600618449060 [33m404[0m 1018.635 ms - 181[0m
[0mGET /favicon.ico [33m404[0m 12.644 ms - 150[0m
[0mGET /user/sign_In [32m200[0m 75.268 ms - 6195[0m
[0mGET /user/auth/google [36m302[0m 114.594 ms - 0[0m
[0mGET /user/auth/google/callback?code=4%2F0AY0e-g6VYRv_iglXwDfO4P4-B5bSZw5Guszc2EOXlzHvg6wIA_p_Cf14dvzwydmoIBhpFw&scope=email+profile+https%3A%2F%2Fwww.googleapis.com%2Fauth%2Fuserinfo.profile+https%3A%2F%2Fwww.googleapis.com%2Fauth%2Fuserinfo.email+openid&authuser=0&prompt=consent [36m302[0m 1686.100 ms - 46[0m
[0mGET / [32m200[0m 1534.099 ms - 33375[0m
[0mGET /upload/post/postimg/post_img-1600618449060 [33m404[0m 29.975 ms - 181[0m
[0mPOST /like/toggle/?id=6050bd6b77211c041c2a49f7&type=Post [32m200[0m 6225.347 ms - 58[0m
[0mPOST /like/toggle/?id=6050bd6b77211c041c2a49f7&type=Post [32m200[0m 3622.492 ms - 58[0m
[0mPOST /like/toggle/?id=6050bd6b77211c041c2a49f7&type=Post [32m200[0m 50.501 ms - 57[0m
[0mPOST /like/toggle/?id=6050bd6b77211c041c2a49f7&type=Post [32m200[0m 67.222 ms - 57[0m
[0mPOST /like/toggle/?id=6050bd6b77211c041c2a49f7&type=Post [32m200[0m 241.995 ms - 58[0m
[0mPOST /like/toggle/?id=6050bd6b77211c041c2a49f7&type=Post [32m200[0m 29.532 ms - 57[0m
[0mGET /user/profile/5f539983e3ec643be08c4c37 [32m200[0m 123.441 ms - 8935[0m
[0mGET /upload/post/postimg/post_img-1600618449060 [33m404[0m 14.498 ms - 181[0m
[0mGET /user/profile/5f539983e3ec643be08c4c37 [32m200[0m 57.253 ms - 8935[0m
[0mPOST /user/update/5f539983e3ec643be08c4c37 [36m302[0m 373.906 ms - 162[0m
[0mGET /user/profile/5f539983e3ec643be08c4c37 [32m200[0m 81.148 ms - 8952[0m
[0mGET /upload/post/postimg/post_img-1600618449060 [33m404[0m 117.832 ms - 181[0m
[0mGET /user/profile/5f539983e3ec643be08c4c37 [32m200[0m 320.691 ms - 8715[0m
[0mGET / [32m200[0m 382.299 ms - 32935[0m
[0mGET /upload/post/postimg/post_img-1600618449060 [33m404[0m 18.993 ms - 181[0m
[0mGET /undefined [33m404[0m 27.198 ms - 148[0m
[0mGET /sign-out [36m302[0m 98.029 ms - 70[0m
[0mGET /user/sign_In [32m200[0m 139.345 ms - 6433[0m
[0mGET /user/auth/google [36m302[0m 11.545 ms - 0[0m
[0mGET /user/auth/google/callback?code=4%2F0AY0e-g6_Qa3QhgcDPNHVhhFwnFTANaev__iiPveaYlTW8QdsZTz3zpUVdtdw_dEMHdoKgA&scope=email+profile+https%3A%2F%2Fwww.googleapis.com%2Fauth%2Fuserinfo.profile+https%3A%2F%2Fwww.googleapis.com%2Fauth%2Fuserinfo.email+openid&authuser=0&prompt=consent [36m302[0m 997.155 ms - 46[0m
[0mGET / [32m200[0m 263.516 ms - 32935[0m
[0mGET /upload/post/postimg/post_img-1600618449060 [33m404[0m 14.673 ms - 181[0m
[0mGET /user/profile/5f539983e3ec643be08c4c37 [32m200[0m 130.910 ms - 8715[0m
[0mGET /upload/post/postimg/post_img-1600618449060 [33m404[0m 26.210 ms - 181[0m
[0mGET /user/profile/5f539983e3ec643be08c4c37 [32m200[0m 65.264 ms - 8715[0m
[0mPOST /user/update/5f539983e3ec643be08c4c37 [36m302[0m 477.847 ms - 162[0m
[0mGET /user/profile/5f539983e3ec643be08c4c37 [32m200[0m 78.871 ms - 8952[0m
[0mGET /upload/post/postimg/post_img-1600618449060 [33m404[0m 35.647 ms - 181[0m
[0mGET /user/profile/5f539983e3ec643be08c4c37 [32m200[0m 122.277 ms - 8715[0m
[0mGET / [32m200[0m 383.617 ms - 32935[0m
[0mGET /upload/post/postimg/post_img-1600618449060 [33m404[0m 31.104 ms - 181[0m
[0mPOST /like/toggle/?id=6050bd6b77211c041c2a49f7&type=Post [32m200[0m 51.570 ms - 58[0m
[0mPOST /like/toggle/?id=6050bd6b77211c041c2a49f7&type=Post [32m200[0m 58.104 ms - 57[0m
[0mGET /user/profile/5f539983e3ec643be08c4c37 [32m200[0m 77.610 ms - 8715[0m
[0mGET /upload/post/postimg/post_img-1600618449060 [33m404[0m 23.784 ms - 181[0m
[0mGET /user/profile/5f539983e3ec643be08c4c37 [32m200[0m 59.141 ms - 8715[0m
[0mGET / [32m200[0m 452.322 ms - 32935[0m
[0mGET /upload/post/postimg/post_img-1600618449060 [33m404[0m 42.704 ms - 181[0m
[0mGET /user/profile/5f539983e3ec643be08c4c37 [32m200[0m 107.055 ms - 8715[0m
[0mGET /upload/post/postimg/post_img-1600618449060 [33m404[0m 19.891 ms - 181[0m
[0mGET /user/profile/5f539983e3ec643be08c4c37 [32m200[0m 59.378 ms - 8715[0m
[0mGET / [32m200[0m 430.441 ms - 32935[0m
[0mGET /upload/post/postimg/post_img-1600618449060 [33m404[0m 20.672 ms - 181[0m
[0mGET / [32m200[0m 278.151 ms - 32935[0m
[0mGET /upload/post/postimg/post_img-1600618449060 [33m404[0m 16.533 ms - 181[0m
[0mGET / [32m200[0m 7806.139 ms - 12635[0m
[0mGET /upload/post/postimg/post_img-1600618449060 [33m404[0m 715.921 ms - 181[0m
[0mGET /user/sign_In [32m200[0m 279.592 ms - 6195[0m
[0mGET /favicon.ico [33m404[0m 12.583 ms - 150[0m
[0mGET /user/auth/google [36m302[0m 61.600 ms - 0[0m
[0mGET /user/sign_In [32m200[0m 21.534 ms - 6195[0m
[0mGET /user/auth/google [36m302[0m 20.029 ms - 0[0m
[0mGET /user/auth/google [36m302[0m 9.755 ms - 0[0m
[0mGET /user/sign_In [32m200[0m 37.792 ms - 6195[0m
[0mGET /user/auth/google [36m302[0m 21.714 ms - 0[0m
[0mGET /user/sign_In [32m200[0m 32.547 ms - 6195[0m
[0mGET /user/auth/google [0m-[0m - ms - -[0m
[0mGET /user/auth/google [36m302[0m 58.333 ms - 0[0m
[0mGET /user/auth/google/callback?code=4%2F0AY0e-g7dqz5TDad6opOQnKIpWyUTVNq7CrPHAYamblCxU3i_abKm8YS4JPCb348eJzS5AA&scope=email+profile+https%3A%2F%2Fwww.googleapis.com%2Fauth%2Fuserinfo.profile+https%3A%2F%2Fwww.googleapis.com%2Fauth%2Fuserinfo.email+openid&authuser=0&prompt=consent [36m302[0m 5667.367 ms - 46[0m
[0mGET / [32m200[0m 1269.159 ms - 32937[0m
[0mGET /upload/post/postimg/post_img-1600618449060 [33m404[0m 30.241 ms - 181[0m
[0mGET / [32m200[0m 322.199 ms - 12635[0m
[0mGET /upload/post/postimg/post_img-1600618449060 [33m404[0m 11.807 ms - 181[0m
[0mGET /user/sign_In [32m200[0m 52.721 ms - 6195[0m
[0mGET /user/auth/google [36m302[0m 22.122 ms - 0[0m
[0mGET /user/sign_In [32m200[0m 26.747 ms - 6195[0m
[0mGET /user/sign_Up [32m200[0m 71.180 ms - 6291[0m
[0mPOST /user/create [36m302[0m 26.666 ms - 112[0m
[0mGET /user/sign_Up [32m200[0m 30.411 ms - 6291[0m
[0mGET /user/sign_In [32m200[0m 52.097 ms - 6195[0m
[0mPOST /user/create-session [36m302[0m 46.873 ms - 70[0m
[0mGET /user/sign_In [32m200[0m 49.541 ms - 6440[0m
[0mGET /user/sign_Up [32m200[0m 29.347 ms - 6291[0m
[0mPOST /user/create [36m302[0m 303.706 ms - 70[0m
[0mGET /user/sign_In [32m200[0m 26.317 ms - 6446[0m
[0mPOST /user/create-session [36m302[0m 43.844 ms - 46[0m
[0mGET / [32m200[0m 206.888 ms - 32842[0m
[0mGET /upload/post/postimg/post_img-1600618449060 [33m404[0m 142.154 ms - 181[0m
[0mGET /user/profile/6076e50ff0066e02f8fe84e7 [32m200[0m 705.639 ms - 8081[0m
[0mGET /user/profile/6076e50ff0066e02f8fe84e7 [32m200[0m 35.345 ms - 8081[0m
[0mPOST /user/update/6076e50ff0066e02f8fe84e7 [36m302[0m 460.665 ms - 162[0m
[0mGET /user/profile/6076e50ff0066e02f8fe84e7 [32m200[0m 285.354 ms - 8400[0m
[0mGET /user/profile/6076e50ff0066e02f8fe84e7 [32m200[0m 76.788 ms - 8163[0m
[0mGET / [32m200[0m 756.888 ms - 32924[0m
[0mGET /upload/post/postimg/post_img-1600618449060 [33m404[0m 136.713 ms - 181[0m
[0mGET /user/profile/5f539983e3ec643be08c4c37 [32m200[0m 872.165 ms - 6126[0m
[0mGET /user/friendreq/5f539983e3ec643be08c4c37 [36m302[0m 686.478 ms - 162[0m
[0mGET /user/profile/5f539983e3ec643be08c4c37 [32m200[0m 62.098 ms - 6126[0m
[0mGET / [32m200[0m 194.399 ms - 34250[0m
[0mGET /upload/post/postimg/post_img-1600618449060 [33m404[0m 34.340 ms - 181[0m
[0mGET /user/profile/6076e50ff0066e02f8fe84e7/toggle_friend/?pid=6076e5a5f0066e02f8fe84e8 [36m302[0m 48.066 ms - 88[0m
[0mGET / [32m200[0m 512.892 ms - 34663[0m
[0mGET /upload/post/postimg/post_img-1600618449060 [33m404[0m 19.025 ms - 181[0m
[0mGET / [32m200[0m 365.306 ms - 33784[0m
[0mGET /upload/post/postimg/post_img-1600618449060 [33m404[0m 16.513 ms - 181[0m
[0mGET /user/profile/5f539983e3ec643be08c4c37 [32m200[0m 88.077 ms - 6122[0m
[0mPOST /user/sendmsg/5f539983e3ec643be08c4c37 [33m404[0m 31.618 ms - 177[0m
[0mGET /user/profile/5f539983e3ec643be08c4c37 [32m200[0m 325.162 ms - 6122[0m
[0mPOST /user/sendmsg/5f539983e3ec643be08c4c37 [33m404[0m 32.986 ms - 177[0m
[0mGET /user/profile/5f539983e3ec643be08c4c37 [32m200[0m 451.501 ms - 6122[0m
[0mPOST /user/sendmsg/5f539983e3ec643be08c4c37 [0m-[0m - ms - -[0m
[0mPOST /user/sendmsg/5f539983e3ec643be08c4c37 [0m-[0m - ms - -[0m
[0mPOST /user/sendmsg/5f539983e3ec643be08c4c37 [36m302[0m 443.744 ms - 162[0m
[0mGET /user/profile/5f539983e3ec643be08c4c37 [32m200[0m 338.871 ms - 6364[0m
[0mPOST /user/sendmsg/5f539983e3ec643be08c4c37 [36m302[0m 267.644 ms - 162[0m
[0mGET /user/profile/5f539983e3ec643be08c4c37 [32m200[0m 192.280 ms - 6364[0m
[0mPOST /user/sendmsg/5f539983e3ec643be08c4c37 [36m302[0m 256.930 ms - 162[0m
[0mGET /user/profile/5f539983e3ec643be08c4c37 [32m200[0m 1105.787 ms - 6364[0m
[0mPOST /user/sendmsg/5f539983e3ec643be08c4c37 [36m302[0m 341.874 ms - 162[0m
[0mGET /user/profile/5f539983e3ec643be08c4c37 [32m200[0m 204.128 ms - 6364[0m
[0mPOST /user/sendmsg/5f539983e3ec643be08c4c37 [36m302[0m 414.370 ms - 162[0m
[0mGET /user/profile/5f539983e3ec643be08c4c37 [32m200[0m 218.344 ms - 6364[0m
[0mGET /user/profile/5f539983e3ec643be08c4c37 [32m200[0m 382.108 ms - 6122[0m
[0mPOST /user/sendmsg/5f539983e3ec643be08c4c37 [36m302[0m 552.508 ms - 162[0m
[0mGET /user/profile/5f539983e3ec643be08c4c37 [32m200[0m 168.360 ms - 6364[0m
[0mGET /user/profile/5f539983e3ec643be08c4c37 [32m200[0m 181.758 ms - 6122[0m
[0mPOST /user/sendmsg/5f539983e3ec643be08c4c37 [36m302[0m 102.119 ms - 162[0m
[0mGET /user/profile/5f539983e3ec643be08c4c37 [32m200[0m 151.667 ms - 6364[0m
[0mPOST /user/sendmsg/5f539983e3ec643be08c4c37 [36m302[0m 264.156 ms - 162[0m
[0mGET /user/profile/5f539983e3ec643be08c4c37 [32m200[0m 140.631 ms - 6364[0m
[0mGET /user/chatbox/?id=5f539983e3ec643be08c4c37 [32m200[0m 105.610 ms - 6348[0m
[0mGET /user/profile/5f539983e3ec643be08c4c37 [32m200[0m 150.998 ms - 6122[0m
[0mGET / [32m200[0m 491.193 ms - 33344[0m
[0mGET /upload/post/postimg/post_img-1600618449060 [33m404[0m 77.541 ms - 181[0m
[0mPOST /post/create_image [36m302[0m 503.456 ms - 88[0m
[0mGET / [32m200[0m 348.947 ms - 39628[0m
[0mGET /upload/post/postimg/post_img-1600618449060 [33m404[0m 23.001 ms - 181[0m
[0mPOST /post/create_image [36m302[0m 297.075 ms - 88[0m
[0mGET / [32m200[0m 428.822 ms - 45670[0m
[0mGET /upload/post/postimg/post_img-1600618449060 [33m404[0m 87.057 ms - 181[0m
[0mPOST /post/create_image [36m302[0m 2995.523 ms - 88[0m
[0mGET / [32m200[0m 285.353 ms - 51706[0m
[0mGET /upload/post/postimg/post_img-1600618449060 [33m404[0m 67.193 ms - 181[0m
[0mGET /user/profile/6076e50ff0066e02f8fe84e7 [32m200[0m 139.815 ms - 9708[0m
[0mGET /user/profile/6076e50ff0066e02f8fe84e7 [32m200[0m 211.521 ms - 9708[0m
[0mGET / [32m200[0m 335.204 ms - 51465[0m
[0mGET /upload/post/postimg/post_img-1600618449060 [33m404[0m 24.414 ms - 181[0m
[0mPOST /post/create_image [36m302[0m 364.933 ms - 88[0m
[0mGET / [32m200[0m 471.033 ms - 57748[0m
[0mGET /upload/post/postimg/post_img-1600618449060 [33m404[0m 20.710 ms - 181[0m
[0mGET /user/profile/6076e50ff0066e02f8fe84e7 [32m200[0m 126.356 ms - 10151[0m
[0mGET /user/profile/6076e50ff0066e02f8fe84e7 [32m200[0m 117.599 ms - 10151[0m
[0mPOST /user/update/6076e50ff0066e02f8fe84e7 [36m302[0m 89.270 ms - 162[0m
[0mGET /user/profile/6076e50ff0066e02f8fe84e7 [32m200[0m 74.508 ms - 10507[0m
[0mGET /user/profile/6076e50ff0066e02f8fe84e7 [32m200[0m 113.660 ms - 10270[0m
[0mGET /user/profile/6076e50ff0066e02f8fe84e7 [32m200[0m 106.122 ms - 10270[0m
[0mGET /user/profile/6076e50ff0066e02f8fe84e7 [32m200[0m 99.002 ms - 10270[0m
[0mGET / [32m200[0m 451.778 ms - 57563[0m
[0mGET /upload/post/postimg/post_img-1600618449060 [33m404[0m 28.839 ms - 181[0m
[0mPOST /post/create_image [36m302[0m 329.260 ms - 88[0m
[0mGET / [32m200[0m 254.137 ms - 63852[0m
[0mGET /upload/post/postimg/post_img-1600618449060 [33m404[0m 84.286 ms - 181[0m
[0mGET /user/profile/6076e50ff0066e02f8fe84e7 [32m200[0m 119.722 ms - 10785[0m
[0mGET /user/profile/6076e50ff0066e02f8fe84e7 [32m200[0m 97.384 ms - 10785[0m
[0mGET / [32m200[0m 763.458 ms - 62857[0m
[0mGET /user/profile/6076e50ff0066e02f8fe84e7 [31m500[0m 970.270 ms - 2540[0m
[0mGET /upload/post/postimg/post_img-1600618449060 [33m404[0m 25.707 ms - 181[0m
[0mGET /user/profile/6076e50ff0066e02f8fe84e7 [31m500[0m 97.574 ms - 2547[0m
[0mGET /user/profile/6076e50ff0066e02f8fe84e7 [32m200[0m 92.609 ms - 10780[0m
[0mGET /user/profile/6076e50ff0066e02f8fe84e7 [32m200[0m 342.105 ms - 10780[0m
[0mPOST /like/toggle/?id=6077291aa9ef7c1c3c4385c9&type=Post [32m200[0m 63.083 ms - 58[0m
[0mPOST /comment/create_comment [32m200[0m 459.626 ms - 624[0m
[0mGET /like/toggle/?id=60772c47a9ef7c1c3c4385cc&type=Comment [33m404[0m 25.375 ms - 151[0m
[0mGET / [32m200[0m 384.035 ms - 64111[0m
[0mGET /upload/post/postimg/post_img-1600618449060 [33m404[0m 22.868 ms - 181[0m
[0mPOST /like/toggle/?id=60772c47a9ef7c1c3c4385cc&type=Comment [32m200[0m 53.441 ms - 58[0m
[0mPOST /like/toggle/?id=60772891a9ef7c1c3c4385c8&type=Post [32m200[0m 41.943 ms - 58[0m
[0mGET /user/profile/6076e50ff0066e02f8fe84e7 [32m200[0m 41.617 ms - 10780[0m
[0mGET /user/profile/6076e50ff0066e02f8fe84e7 [32m200[0m 78.664 ms - 10780[0m
[0mGET / [32m200[0m 409.457 ms - 64116[0m
[0mGET /upload/post/postimg/post_img-1600618449060 [33m404[0m 16.056 ms - 181[0m
[0mGET / [32m200[0m 226.360 ms - 64117[0m
[0mGET /upload/post/postimg/post_img-1600618449060 [33m404[0m 22.271 ms - 181[0m
[0mGET / [32m200[0m 443.897 ms - 64117[0m
[0mGET /upload/post/postimg/post_img-1600618449060 [33m404[0m 19.658 ms - 181[0m
[0mGET / [32m200[0m 495.731 ms - 64373[0m
[0mGET /upload/post/postimg/post_img-1600618449060 [33m404[0m 19.342 ms - 181[0m
[0mGET / [32m200[0m 188.738 ms - 64403[0m
[0mGET /upload/post/postimg/post_img-1600618449060 [33m404[0m 32.677 ms - 181[0m
[0mGET / [32m200[0m 193.656 ms - 64385[0m
[0mGET /upload/post/postimg/post_img-1600618449060 [33m404[0m 9.429 ms - 181[0m
[0mGET / [32m200[0m 219.467 ms - 64380[0m
[0mGET /upload/post/postimg/post_img-1600618449060 [33m404[0m 21.205 ms - 181[0m
[0mGET / [32m200[0m 188.673 ms - 64374[0m
[0mGET /upload/post/postimg/post_img-1600618449060 [33m404[0m 11.853 ms - 181[0m
[0mGET / [32m200[0m 141.975 ms - 64502[0m
[0mGET /upload/post/postimg/post_img-1600618449060 [33m404[0m 26.974 ms - 181[0m
[0mGET / [32m200[0m 154.744 ms - 64502[0m
[0mGET /upload/post/postimg/post_img-1600618449060 [33m404[0m 27.300 ms - 181[0m
[0mGET / [32m200[0m 173.237 ms - 64606[0m
[0mGET /upload/post/postimg/post_img-1600618449060 [33m404[0m 4.678 ms - 181[0m
[0mGET / [32m200[0m 144.185 ms - 64622[0m
[0mGET /upload/post/postimg/post_img-1600618449060 [33m404[0m 12.638 ms - 181[0m
[0mGET / [32m200[0m 317.861 ms - 64622[0m
[0mGET /upload/post/postimg/post_img-1600618449060 [33m404[0m 39.731 ms - 181[0m
[0mGET / [32m200[0m 293.141 ms - 64622[0m
[0mGET /upload/post/postimg/post_img-1600618449060 [33m404[0m 18.134 ms - 181[0m
[0mGET / [32m200[0m 384.638 ms - 64502[0m
[0mGET /upload/post/postimg/post_img-1600618449060 [33m404[0m 24.779 ms - 181[0m
[0mGET / [32m200[0m 149.802 ms - 64390[0m
[0mGET /upload/post/postimg/post_img-1600618449060 [33m404[0m 26.948 ms - 181[0m
[0mGET / [32m200[0m 766.453 ms - 65718[0m
[0mGET /upload/post/postimg/post_img-1600618449060 [33m404[0m 22.390 ms - 181[0m
[0mGET / [32m200[0m 634.540 ms - 65712[0m
[0mGET /upload/post/postimg/post_img-1600618449060 [33m404[0m 10.325 ms - 181[0m
