[0mPOST /post/create [32m200[0m 106.929 ms - 367[0m
[0mPOST /like/toggle/?id=607c7af0f445114ba8523f47&type=Post [32m200[0m 56.200 ms - 58[0m
[0mGET / [32m200[0m 618.382 ms - 68927[0m
[0mGET /upload/post/postimg/post_img-1600618449060 [33m404[0m 20.428 ms - 181[0m
[0mGET / [32m200[0m 486.275 ms - 68927[0m
[0mGET /upload/post/postimg/post_img-1600618449060 [33m404[0m 22.628 ms - 181[0m
[0mPOST /post/create [32m200[0m 402.314 ms - 371[0m
[0mGET / [32m200[0m 850.600 ms - 74958[0m
[0mGET /upload/post/postimg/post_img-1600618449060 [33m404[0m 21.196 ms - 181[0m
[0mPOST /post/create [32m200[0m 151.760 ms - 352[0m
[0mGET / [32m200[0m 1258.892 ms - 80983[0m
[0mGET /upload/post/postimg/post_img-1600618449060 [33m404[0m 130.768 ms - 181[0m
[0mGET / [32m200[0m 711.555 ms - 80974[0m
[0mGET /upload/post/postimg/post_img-1600618449060 [33m404[0m 17.573 ms - 181[0m
[0mGET /user/profile/5f468b815972b018780ad880 [31m500[0m 210.089 ms - 1720[0m
[0mGET /user/profile/5f468b815972b018780ad880 [31m500[0m 105.039 ms - 1720[0m
[0mGET /user/profile/5f468b815972b018780ad880 [31m500[0m 263.015 ms - 1720[0m
[0mGET /user/profile/5f468b815972b018780ad880 [32m200[0m 364.687 ms - 30637[0m
[0mGET / [32m200[0m 406.658 ms - 80975[0m
[0mGET /upload/post/postimg/post_img-1600618449060 [33m404[0m 17.414 ms - 181[0m
[0mGET /user/profile/5f539983e3ec643be08c4c37 [32m200[0m 99.846 ms - 16186[0m
[0mGET /upload/post/postimg/post_img-1600618449060 [33m404[0m 117.758 ms - 181[0m
[0mGET /user/profile/5f539983e3ec643be08c4c37 [32m200[0m 274.782 ms - 16186[0m
[0mGET /user/profile/5f539983e3ec643be08c4c37 [32m200[0m 103.234 ms - 16207[0m
[0mGET /upload/post/postimg/post_img-1600618449060 [33m404[0m 122.355 ms - 181[0m
[0mGET /user/profile/5f539983e3ec643be08c4c37 [32m200[0m 246.234 ms - 16207[0m
[0mGET /user/profile/5f539983e3ec643be08c4c37 [32m200[0m 99.826 ms - 16075[0m
[0mGET /upload/post/postimg/post_img-1600618449060 [33m404[0m 27.665 ms - 181[0m
[0mGET /user/profile/5f539983e3ec643be08c4c37 [32m200[0m 133.392 ms - 16075[0m
[0mGET /user/profile/5f539983e3ec643be08c4c37 [32m200[0m 130.704 ms - 16075[0m
[0mGET /upload/post/postimg/post_img-1600618449060 [33m404[0m 26.362 ms - 181[0m
[0mGET /user/profile/5f539983e3ec643be08c4c37 [32m200[0m 96.784 ms - 16075[0m
[0mGET /user/profile/5f539983e3ec643be08c4c37 [31m500[0m 35.722 ms - 2005[0m
[0mGET /user/profile/5f539983e3ec643be08c4c37 [32m200[0m 107.078 ms - 10344[0m
[0mGET /upload/post/postimg/post_img-1600618449060 [33m404[0m 118.330 ms - 181[0m
[0mGET /user/profile/5f539983e3ec643be08c4c37 [32m200[0m 210.461 ms - 10344[0m
[0mGET / [32m200[0m 1024.051 ms - 80969[0m
[0mGET /upload/post/postimg/post_img-1600618449060 [33m404[0m 19.042 ms - 181[0m
[0mPOST /post/create [32m200[0m 138.555 ms - 346[0m
[0mGET / [32m200[0m 830.997 ms - 90645[0m
[0mGET /upload/post/postimg/post_img-1600618449060 [33m404[0m 21.899 ms - 181[0m
[0mPOST /post/create [32m200[0m 139.211 ms - 347[0m
[0mGET / [32m200[0m 1061.261 ms - 96939[0m
[0mGET /upload/post/postimg/post_img-1600618449060 [33m404[0m 20.343 ms - 181[0m
[0mGET /post/destroy/607d1c27ef758b21b805d30f [32m200[0m 254.406 ms - 73[0m
[0mGET /post/destroy/607d175d7e2ddb4a5cec146c [32m200[0m 75.514 ms - 73[0m
[0mPOST /post/create [32m200[0m 110.744 ms - 354[0m
[0mGET / [32m200[0m 1013.284 ms - 90650[0m
[0mGET /upload/post/postimg/post_img-1600618449060 [33m404[0m 35.340 ms - 181[0m
[0mPOST /post/create [32m200[0m 218.052 ms - 343[0m
[0mGET / [32m200[0m 872.793 ms - 96940[0m
[0mGET /upload/post/postimg/post_img-1600618449060 [33m404[0m 10.638 ms - 181[0m
[0mPOST /post/create [32m200[0m 215.718 ms - 335[0m
[0mGET /user/profile/5f539983e3ec643be08c4c37 [32m200[0m 145.056 ms - 10399[0m
[0mGET /upload/post/postimg/post_img-1600618449060 [33m404[0m 35.143 ms - 181[0m
[0mGET /user/profile/5f539983e3ec643be08c4c37 [32m200[0m 105.514 ms - 10399[0m
[0mGET / [32m200[0m 544.524 ms - 103225[0m
[0mGET /upload/post/postimg/post_img-1600618449060 [33m404[0m 13.761 ms - 181[0m
[0mGET / [32m200[0m 584.445 ms - 103225[0m
[0mGET / [32m200[0m 340.841 ms - 103225[0m
[0mGET /upload/post/postimg/post_img-1600618449060 [33m404[0m 35.267 ms - 181[0m
[0mGET / [32m200[0m 441.165 ms - 103222[0m
[0mGET /upload/post/postimg/post_img-1600618449060 [33m404[0m 25.079 ms - 181[0m
[0mGET /user/profile/5f539983e3ec643be08c4c37 [32m200[0m 105.703 ms - 10206[0m
[0mGET /upload/post/postimg/post_img-1600618449060 [33m404[0m 31.826 ms - 181[0m
[0mGET /user/profile/5f539983e3ec643be08c4c37 [32m200[0m 93.776 ms - 10206[0m
[0mGET / [32m200[0m 572.668 ms - 103222[0m
[0mGET /upload/post/postimg/post_img-1600618449060 [33m404[0m 14.232 ms - 181[0m
[0mGET / [32m200[0m 632.517 ms - 43185[0m
[0mGET /upload/post/postimg/post_img-1600618449060 [33m404[0m 9.281 ms - 181[0m
[0mGET /user/sign_In [32m200[0m 56.664 ms - 6416[0m
[0mGET /css/style.css.map [33m404[0m 12.101 ms - 156[0m
[0mPOST /user/create-session [36m302[0m 69.107 ms - 46[0m
[0mGET / [32m200[0m 277.912 ms - 100552[0m
[0mGET /upload/post/postimg/post_img-1600618449060 [33m404[0m 13.873 ms - 181[0m
[0mGET /user/profile/5f53cb7e2eec89042862358a [32m200[0m 106.356 ms - 9603[0m
[0mGET /user/profile/5f53cb7e2eec89042862358a [32m200[0m 82.760 ms - 9603[0m
[0mGET /user/profile/5f53cb7e2eec89042862358a [32m200[0m 56.103 ms - 9603[0m
[0mGET /user/profile/5f53cb7e2eec89042862358a [32m200[0m 64.415 ms - 9603[0m
[0mPOST /user/update/5f53cb7e2eec89042862358a [36m302[0m 153.665 ms - 162[0m
[0mGET /user/profile/5f53cb7e2eec89042862358a [32m200[0m 71.015 ms - 9388[0m
[0mGET /user/profile/5f53cb7e2eec89042862358a [32m200[0m 92.165 ms - 9625[0m
[0mGET / [32m200[0m 497.667 ms - 100444[0m
[0mGET /upload/post/postimg/post_img-1600618449060 [33m404[0m 23.418 ms - 181[0m
[0mGET /sign-out [36m302[0m 21.115 ms - 70[0m
[0mGET /user/sign_In [32m200[0m 25.728 ms - 6654[0m
[0mGET /css/style.css.map [33m404[0m 5.921 ms - 156[0m
[0mPOST /user/create-session [36m302[0m 37.443 ms - 46[0m
[0mGET / [32m200[0m 883.880 ms - 101672[0m
[0mGET /upload/post/postimg/post_img-1600618449060 [33m404[0m 13.001 ms - 181[0m
[0mGET /user/profile/60366b5bf67f880a442fd1b0 [32m200[0m 123.828 ms - 9272[0m
[0mGET /user/profile/60366b5bf67f880a442fd1b0 [32m200[0m 95.822 ms - 9272[0m
[0mPOST /user/update/60366b5bf67f880a442fd1b0 [36m302[0m 110.860 ms - 162[0m
[0mGET /user/profile/60366b5bf67f880a442fd1b0 [32m200[0m 87.038 ms - 9591[0m
[0mGET /user/profile/60366b5bf67f880a442fd1b0 [32m200[0m 77.946 ms - 9354[0m
[0mGET / [32m200[0m 337.724 ms - 101795[0m
[0mGET /upload/post/postimg/post_img-1600618449060 [33m404[0m 18.846 ms - 181[0m
[0mGET / [32m200[0m 453.613 ms - 101795[0m
[0mGET /upload/post/postimg/post_img-1600618449060 [33m404[0m 22.919 ms - 181[0m
[0mGET /user/profile/60366b5bf67f880a442fd1b0 [32m200[0m 67.641 ms - 9354[0m
[0mGET /user/profile/60366b5bf67f880a442fd1b0 [32m200[0m 100.624 ms - 9354[0m
[0mGET / [32m200[0m 464.915 ms - 101795[0m
[0mGET /upload/post/postimg/post_img-1600618449060 [33m404[0m 25.336 ms - 181[0m
[0mGET /user/profile/6045da43469ce71314ccf8c3/toggle_friend/?pid=6050bd0977211c041c2a49f4 [36m302[0m 58.590 ms - 88[0m
[0mGET / [32m200[0m 389.260 ms - 101349[0m
[0mGET /upload/post/postimg/post_img-1600618449060 [33m404[0m 34.751 ms - 181[0m
[0mGET /post/destroy/6036748cc48edf016c249a3e [32m200[0m 109.283 ms - 73[0m
[0mGET /post/destroy/5f677fd2e2b9e21ad04e6391 [32m200[0m 48.535 ms - 73[0m
[0mGET / [32m200[0m 721.700 ms - 88482[0m
[0mGET /user/profile/5f539983e3ec643be08c4c37 [32m200[0m 79.948 ms - 9375[0m
[0mGET /user/profile/5f539983e3ec643be08c4c37 [32m200[0m 74.539 ms - 9375[0m
[0mGET / [32m200[0m 447.886 ms - 88482[0m
[0mPOST /like/toggle/?id=607d1e7f3063f122ac4b9323&type=Post [32m200[0m 73.193 ms - 58[0m
[0mPOST /like/toggle/?id=607d1e7f3063f122ac4b9323&type=Post [32m200[0m 44.410 ms - 57[0m
[0mGET /user/profile/5f539983e3ec643be08c4c37 [32m200[0m 99.011 ms - 9375[0m
[0mGET /user/profile/5f539983e3ec643be08c4c37 [32m200[0m 68.825 ms - 9375[0m
[0mGET / [32m200[0m 304.929 ms - 88482[0m
[0mGET /user/profile/5f468b815972b018780ad880 [32m200[0m 310.768 ms - 30637[0m
[0mGET /user/profile/6045da43469ce71314ccf8c3 [31m500[0m 95.612 ms - 2451[0m
[0mGET / [32m200[0m 664.605 ms - 86602[0m
[0mGET /user/profile/6045da43469ce71314ccf8c3 [31m500[0m 82.033 ms - 2385[0m
[0mGET / [32m200[0m 475.524 ms - 86602[0m
[0mGET /user/profile/6045da43469ce71314ccf8c3 [31m500[0m 149.177 ms - 2345[0m
[0mGET / [32m200[0m 286.376 ms - 86602[0m
[0mGET /user/profile/6045da43469ce71314ccf8c3 [31m500[0m 473.834 ms - 2424[0m
[0mGET / [32m200[0m 810.523 ms - 86602[0m
[0mGET /user/profile/6045da43469ce71314ccf8c3 [31m500[0m 124.446 ms - 2424[0m
[0mGET / [32m200[0m 486.883 ms - 86602[0m
[0mGET /user/profile/6045da43469ce71314ccf8c3 [31m500[0m 116.325 ms - 2424[0m
[0mGET / [32m200[0m 625.957 ms - 86602[0m
[0mGET /user/profile/6045da43469ce71314ccf8c3 [31m500[0m 269.085 ms - 2410[0m
[0mGET / [32m200[0m 363.800 ms - 86602[0m
[0mGET /user/profile/6045da43469ce71314ccf8c3 [32m200[0m 154.385 ms - 10291[0m
[0mGET / [32m200[0m 528.228 ms - 86602[0m
[0mGET /user/profile/6045da43469ce71314ccf8c3 [32m200[0m 135.126 ms - 10291[0m
[0mGET / [32m200[0m 391.250 ms - 86602[0m
[0mGET /user/profile/6045da43469ce71314ccf8c3 [32m200[0m 146.897 ms - 10291[0m
[0mGET /user/profile/6045da43469ce71314ccf8c3/toggle_friend [36m302[0m 155.044 ms - 162[0m
[0mGET /user/profile/6045da43469ce71314ccf8c3 [32m200[0m 73.021 ms - 8084[0m
[0mGET /user/friendreq/6045da43469ce71314ccf8c3 [36m302[0m 131.822 ms - 162[0m
[0mGET /user/profile/6045da43469ce71314ccf8c3 [32m200[0m 95.931 ms - 8084[0m
[0mGET / [32m200[0m 383.152 ms - 86214[0m
[0mGET /user/profile/5f539983e3ec643be08c4c37 [32m200[0m 84.512 ms - 8108[0m
[0mGET /user/friendreq/5f539983e3ec643be08c4c37 [36m302[0m 100.077 ms - 162[0m
[0mGET /user/profile/5f539983e3ec643be08c4c37 [32m200[0m 72.236 ms - 8108[0m
[0mGET / [32m200[0m 462.623 ms - 86214[0m
[0mGET / [32m200[0m 439.918 ms - 89316[0m
[0mGET /user/profile/60366b5bf67f880a442fd1b0/toggle_friend/?pid=607d2ea21d081f06e0583128 [36m302[0m 42.136 ms - 88[0m
[0mGET / [32m200[0m 411.463 ms - 88870[0m
[0mGET /user/profile/60366b5bf67f880a442fd1b0 [32m200[0m 80.498 ms - 10292[0m
[0mGET /user/profile/5f539983e3ec643be08c4c37 [32m200[0m 69.937 ms - 10329[0m
[0mGET / [32m200[0m 858.967 ms - 88870[0m
[0mGET /user/profile/60366b5bf67f880a442fd1b0 [31m500[0m 133.267 ms - 2411[0m
[0mGET /user/profile/60366b5bf67f880a442fd1b0 [32m200[0m 291.271 ms - 10292[0m
[0mGET /user/profile/5f539983e3ec643be08c4c37 [32m200[0m 162.209 ms - 10329[0m
[0mGET /user/profile/60366b5bf67f880a442fd1b0 [32m200[0m 119.440 ms - 10292[0m
[0mGET / [32m200[0m 532.399 ms - 86610[0m
[0mGET /user/profile/5f539983e3ec643be08c4c37 [32m200[0m 65.596 ms - 11107[0m
[0mGET / [32m200[0m 585.434 ms - 88870[0m
[0mGET /user/profile/60366b5bf67f880a442fd1b0 [31m500[0m 184.267 ms - 2359[0m
[0mGET /user/profile/60366b5bf67f880a442fd1b0 [32m200[0m 63.899 ms - 10299[0m
[0mGET / [32m200[0m 937.194 ms - 88870[0m
[0mGET /user/profile/60366b5bf67f880a442fd1b0 [31m500[0m 209.593 ms - 2345[0m
[0mGET /user/profile/60366b5bf67f880a442fd1b0 [31m500[0m 614.584 ms - 2345[0m
[0mGET /user/profile/60366b5bf67f880a442fd1b0 [31m500[0m 198.957 ms - 2345[0m
[0mGET /user/profile/60366b5bf67f880a442fd1b0 [31m500[0m 523.021 ms - 2345[0m
[0mGET / [32m200[0m 794.815 ms - 88870[0m
[0mGET /user/profile/60366b5bf67f880a442fd1b0 [31m500[0m 67.986 ms - 2345[0m
[0mGET / [0m-[0m - ms - -[0m
[0mGET /user/profile/60366b5bf67f880a442fd1b0 [31m500[0m 551.490 ms - 2345[0m
[0mGET / [32m200[0m 825.073 ms - 88870[0m
[0mGET /user/profile/5f468b815972b018780ad880 [32m200[0m 1706.723 ms - 30723[0m
[0mGET / [32m200[0m 435.609 ms - 88870[0m
[0mGET /user/profile/60366b5bf67f880a442fd1b0 [31m500[0m 152.455 ms - 2345[0m
[0mGET /user/profile/60366b5bf67f880a442fd1b0 [32m200[0m 629.982 ms - 10313[0m
[0mGET / [32m200[0m 1382.359 ms - 86610[0m
[0mGET / [32m200[0m 455.731 ms - 88870[0m
[0mGET /user/profile/60366b5bf67f880a442fd1b0 [32m200[0m 217.493 ms - 10673[0m
[0mGET /user/profile/60366b5bf67f880a442fd1b0/toggle_friend [36m302[0m 179.911 ms - 162[0m
[0mGET /user/profile/60366b5bf67f880a442fd1b0 [32m200[0m 350.618 ms - 8100[0m
[0mGET / [32m200[0m 647.773 ms - 88482[0m
[0mGET /user/profile/60366b5bf67f880a442fd1b0 [32m200[0m 101.301 ms - 8100[0m
[0mGET /user/friendreq/60366b5bf67f880a442fd1b0 [36m302[0m 257.124 ms - 162[0m
[0mGET /user/profile/60366b5bf67f880a442fd1b0 [32m200[0m 57.795 ms - 8100[0m
[0mGET / [32m200[0m 400.600 ms - 87064[0m
[0mGET / [32m200[0m 640.269 ms - 87064[0m
[0mGET /user/profile/5f539983e3ec643be08c4c37/toggle_friend/?pid=607d3785382fcd4240852e10 [36m302[0m 48.812 ms - 88[0m
[0mGET / [32m200[0m 920.257 ms - 86610[0m
[0mGET /user/profile/60366b5bf67f880a442fd1b0 [32m200[0m 180.312 ms - 10313[0m
[0mGET / [32m200[0m 423.243 ms - 88870[0m
[0mGET / [32m200[0m 1073.922 ms - 88870[0m
[0mGET / [32m200[0m 598.892 ms - 88870[0m
[0mGET /user/profile/5f539983e3ec643be08c4c37 [32m200[0m 249.690 ms - 10434[0m
[0mGET /user/profile/5f539983e3ec643be08c4c37 [32m200[0m 97.122 ms - 10434[0m
[0mGET /user/profile/5f539983e3ec643be08c4c37 [32m200[0m 94.977 ms - 10434[0m
[0mGET /user/profile/5f539983e3ec643be08c4c37 [32m200[0m 97.644 ms - 10434[0m
[0mGET /user/profile/5f539983e3ec643be08c4c37 [31m500[0m 858.124 ms - 2005[0m
[0mGET /user/profile/5f539983e3ec643be08c4c37 [31m500[0m 122.235 ms - 2005[0m
[0mGET /user/profile/5f539983e3ec643be08c4c37 [32m200[0m 67.117 ms - 10248[0m
[0mGET /user/profile/5f539983e3ec643be08c4c37 [32m200[0m 168.815 ms - 10248[0m
[0mGET /user/profile/5f539983e3ec643be08c4c37 [32m200[0m 51.821 ms - 10317[0m
[0mGET /user/profile/5f539983e3ec643be08c4c37 [32m200[0m 90.457 ms - 10317[0m
[0mGET /user/profile/5f539983e3ec643be08c4c37 [32m200[0m 124.407 ms - 10434[0m
[0mGET /user/profile/5f539983e3ec643be08c4c37 [32m200[0m 120.876 ms - 10434[0m
[0mGET / [32m200[0m 648.995 ms - 88870[0m
[0mGET /user/profile/6076e50ff0066e02f8fe84e7 [31m500[0m 181.204 ms - 2345[0m
[0mGET / [0m-[0m - ms - -[0m
[0mGET / [32m200[0m 458.217 ms - 88870[0m
[0mGET /user/profile/6076e50ff0066e02f8fe84e7 [32m200[0m 368.956 ms - 10790[0m
[0mGET /user/profile/6076e50ff0066e02f8fe84e7 [32m200[0m 165.298 ms - 10790[0m
[0mGET /user/profile/6076e50ff0066e02f8fe84e7 [32m200[0m 190.059 ms - 10790[0m
[0mGET / [32m200[0m 305.637 ms - 88870[0m
[0mGET /user/profile/5f539983e3ec643be08c4c37 [32m200[0m 127.152 ms - 10434[0m
[0mGET /user/profile/5f539983e3ec643be08c4c37 [32m200[0m 85.004 ms - 10434[0m
[0mGET / [32m200[0m 324.460 ms - 88870[0m
[0mPOST /post/create_image [36m302[0m 703.896 ms - 88[0m
[0mGET / [32m200[0m 349.456 ms - 95499[0m
[0mGET /user/profile/5f539983e3ec643be08c4c37 [31m500[0m 135.301 ms - 2482[0m
[0mGET /user/profile/5f539983e3ec643be08c4c37 [32m200[0m 125.573 ms - 12289[0m
[0mGET /user/profile/5f539983e3ec643be08c4c37 [32m200[0m 124.742 ms - 12289[0m
[0mGET /user/profile/5f539983e3ec643be08c4c37 [32m200[0m 98.509 ms - 12289[0m
[0mGET /user/profile/5f539983e3ec643be08c4c37 [32m200[0m 94.069 ms - 12289[0m
[0mGET / [32m200[0m 488.363 ms - 95260[0m
[0mGET /user/profile/6076e50ff0066e02f8fe84e7 [32m200[0m 163.991 ms - 16297[0m
[0mGET / [32m200[0m 344.286 ms - 95260[0m
[0mGET /user/profile/5f40c23b424c163b70d21cdf [32m200[0m 87.924 ms - 8568[0m
[0mGET / [32m200[0m 606.811 ms - 95260[0m
[0mGET /user/profile/6045da43469ce71314ccf8c3 [32m200[0m 139.166 ms - 8514[0m
[0mGET / [32m200[0m 355.149 ms - 95260[0m
[0mGET / [32m200[0m 372.788 ms - 95260[0m
[0mGET /user/profile/6076e50ff0066e02f8fe84e7 [32m200[0m 145.170 ms - 15999[0m
[0mGET / [32m200[0m 265.034 ms - 95260[0m
[0mGET /user/profile/5f539983e3ec643be08c4c37 [32m200[0m 108.935 ms - 12146[0m
[0mGET /user/profile/5f539983e3ec643be08c4c37 [32m200[0m 88.919 ms - 12146[0m
[0mGET / [32m200[0m 360.662 ms - 95260[0m
[0mGET /user/profile/5f539983e3ec643be08c4c37 [32m200[0m 110.407 ms - 12146[0m
[0mGET /user/profile/5f539983e3ec643be08c4c37 [32m200[0m 80.300 ms - 12146[0m
[0mGET /user/profile/5f539983e3ec643be08c4c37 [32m200[0m 80.322 ms - 12146[0m
[0mGET /user/profile/5f539983e3ec643be08c4c37 [32m200[0m 67.740 ms - 12146[0m
[0mGET /user/profile/5f539983e3ec643be08c4c37 [32m200[0m 89.873 ms - 12158[0m
[0mGET /user/profile/5f539983e3ec643be08c4c37 [32m200[0m 75.606 ms - 12158[0m
[0mGET /user/profile/5f539983e3ec643be08c4c37 [32m200[0m 118.959 ms - 12158[0m
[0mGET /user/profile/5f539983e3ec643be08c4c37 [32m200[0m 60.891 ms - 12158[0m
[0mGET /user/profile/5f539983e3ec643be08c4c37 [32m200[0m 43.482 ms - 12187[0m
[0mGET /user/profile/5f539983e3ec643be08c4c37 [32m200[0m 61.209 ms - 12187[0m
[0mGET /user/profile/5f539983e3ec643be08c4c37 [32m200[0m 91.231 ms - 12158[0m
[0mGET /user/profile/5f539983e3ec643be08c4c37 [32m200[0m 72.319 ms - 12158[0m
[0mGET / [32m200[0m 439.441 ms - 92788[0m
[0mGET /user/profile/5f539983e3ec643be08c4c37 [32m200[0m 150.736 ms - 12158[0m
[0mGET /user/profile/5f539983e3ec643be08c4c37 [32m200[0m 65.760 ms - 12158[0m
[0mGET /user/profile/5f539983e3ec643be08c4c37 [32m200[0m 62.854 ms - 12158[0m
[0mGET /user/profile/5f539983e3ec643be08c4c37 [32m200[0m 69.267 ms - 12158[0m
[0mGET / [32m200[0m 656.834 ms - 95260[0m
[0mGET /user/profile/6076e50ff0066e02f8fe84e7 [32m200[0m 181.872 ms - 16015[0m
[0mGET /user/profile/5f539983e3ec643be08c4c37 [32m200[0m 101.449 ms - 12158[0m
[0mGET /user/profile/5f539983e3ec643be08c4c37 [32m200[0m 82.190 ms - 12158[0m
[0mGET /user/profile/5f539983e3ec643be08c4c37 [32m200[0m 54.595 ms - 12158[0m
[0mGET /user/profile/5f539983e3ec643be08c4c37 [32m200[0m 72.188 ms - 12158[0m
[0mGET /user/profile/5f539983e3ec643be08c4c37 [32m200[0m 112.906 ms - 12094[0m
[0mGET /user/profile/5f539983e3ec643be08c4c37 [32m200[0m 68.528 ms - 12094[0m
[0mGET /user/profile/5f539983e3ec643be08c4c37 [31m500[0m 126.391 ms - 2482[0m
[0mGET /user/profile/5f539983e3ec643be08c4c37 [32m200[0m 130.865 ms - 13057[0m
[0mGET /user/profile/5f539983e3ec643be08c4c37 [32m200[0m 74.003 ms - 13057[0m
[0mGET /user/profile/5f539983e3ec643be08c4c37 [32m200[0m 47.402 ms - 13042[0m
[0mGET /user/profile/5f539983e3ec643be08c4c37 [32m200[0m 68.831 ms - 13042[0m
[0mGET /user/profile/5f539983e3ec643be08c4c37 [32m200[0m 53.690 ms - 12178[0m
[0mGET /user/profile/5f539983e3ec643be08c4c37 [32m200[0m 55.201 ms - 12178[0m
[0mGET /user/profile/5f539983e3ec643be08c4c37 [32m200[0m 65.055 ms - 10206[0m
[0mGET /user/profile/5f539983e3ec643be08c4c37 [32m200[0m 64.770 ms - 10206[0m
[0mGET /user/profile/5f539983e3ec643be08c4c37 [32m200[0m 120.394 ms - 10206[0m
[0mGET /user/profile/5f539983e3ec643be08c4c37 [32m200[0m 96.593 ms - 10206[0m
[0mGET / [32m200[0m 547.812 ms - 95260[0m
[0mGET /user/profile/5f539983e3ec643be08c4c37 [32m200[0m 85.188 ms - 10206[0m
[0mGET /user/profile/5f539983e3ec643be08c4c37 [32m200[0m 72.696 ms - 10206[0m
[0mGET /user/profile/5f539983e3ec643be08c4c37 [32m200[0m 62.413 ms - 10206[0m
[0mGET /user/profile/5f539983e3ec643be08c4c37 [32m200[0m 61.395 ms - 10206[0m
[0mGET /user/profile/5f539983e3ec643be08c4c37 [32m200[0m 128.299 ms - 10206[0m
[0mGET /user/profile/5f539983e3ec643be08c4c37 [32m200[0m 70.738 ms - 10206[0m
[0mGET /user/profile/5f539983e3ec643be08c4c37 [32m200[0m 80.501 ms - 10226[0m
[0mGET /user/profile/5f539983e3ec643be08c4c37 [32m200[0m 59.072 ms - 10226[0m
[0mGET /user/profile/5f539983e3ec643be08c4c37 [32m200[0m 57.838 ms - 10226[0m
[0mGET /user/profile/5f539983e3ec643be08c4c37 [32m200[0m 62.914 ms - 10226[0m
[0mGET /user/profile/5f539983e3ec643be08c4c37 [32m200[0m 178.871 ms - 10226[0m
[0mGET /user/profile/5f539983e3ec643be08c4c37 [32m200[0m 94.600 ms - 10226[0m
[0mGET /user/profile/5f539983e3ec643be08c4c37 [32m200[0m 70.003 ms - 10226[0m
[0mGET /user/profile/5f539983e3ec643be08c4c37 [32m200[0m 92.940 ms - 10226[0m
[0mGET /user/profile/5f539983e3ec643be08c4c37 [32m200[0m 130.394 ms - 11207[0m
[0mGET /user/profile/5f539983e3ec643be08c4c37 [32m200[0m 90.758 ms - 11207[0m
[0mGET / [32m200[0m 483.610 ms - 95257[0m
[0mGET /post/destroy/607d1e7f3063f122ac4b9323 [32m200[0m 262.745 ms - 73[0m
[0mGET /post/destroy/607d1dc4f8c97118cc9879ac [32m200[0m 80.938 ms - 73[0m
[0mGET /post/destroy/607d1d19f38e3f09244c05a4 [32m200[0m 118.918 ms - 73[0m
[0mGET /post/destroy/607c7ce6b3d2234ad47063d1 [32m200[0m 92.555 ms - 73[0m
[0mPOST /post/create [32m200[0m 899.709 ms - 379[0m
[0mGET /user/profile/5f539983e3ec643be08c4c37 [32m200[0m 180.538 ms - 13208[0m
[0mGET /user/profile/5f539983e3ec643be08c4c37 [32m200[0m 97.352 ms - 13208[0m
[0mGET /user/profile/5f539983e3ec643be08c4c37 [32m200[0m 159.123 ms - 13176[0m
[0mGET /user/profile/5f539983e3ec643be08c4c37 [32m200[0m 93.016 ms - 13176[0m
[0mGET /user/profile/5f539983e3ec643be08c4c37 [32m200[0m 70.659 ms - 13393[0m
[0mGET /user/profile/5f539983e3ec643be08c4c37 [32m200[0m 92.843 ms - 13393[0m
[0mGET /user/profile/5f539983e3ec643be08c4c37 [32m200[0m 243.557 ms - 13409[0m
[0mGET /user/profile/5f539983e3ec643be08c4c37 [32m200[0m 101.879 ms - 13409[0m
[0mGET /user/profile/5f539983e3ec643be08c4c37 [32m200[0m 62.808 ms - 13409[0m
[0mGET /user/profile/5f539983e3ec643be08c4c37 [32m200[0m 72.933 ms - 13409[0m
[0mGET /user/profile/5f539983e3ec643be08c4c37 [32m200[0m 53.570 ms - 13421[0m
[0mGET /user/profile/5f539983e3ec643be08c4c37 [32m200[0m 80.769 ms - 13421[0m
[0mGET /user/profile/5f539983e3ec643be08c4c37 [32m200[0m 104.472 ms - 13417[0m
[0mGET /user/profile/5f539983e3ec643be08c4c37 [32m200[0m 61.822 ms - 13417[0m
[0mGET /user/profile/5f539983e3ec643be08c4c37 [32m200[0m 73.806 ms - 13436[0m
[0mGET /user/profile/5f539983e3ec643be08c4c37 [32m200[0m 94.638 ms - 13436[0m
[0mGET / [32m200[0m 778.188 ms - 76414[0m
[0mGET /user/profile/6076e50ff0066e02f8fe84e7 [32m200[0m 252.481 ms - 16494[0m
[0mGET / [32m200[0m 294.080 ms - 76414[0m
[0mGET /user/profile/6076e50ff0066e02f8fe84e7 [32m200[0m 207.435 ms - 16494[0m
[0mGET /user/profile/6076e50ff0066e02f8fe84e7 [32m200[0m 66.534 ms - 16494[0m
[0mGET /user/profile/6076e50ff0066e02f8fe84e7 [32m200[0m 65.494 ms - 16293[0m
[0mGET /user/profile/6076e50ff0066e02f8fe84e7 [32m200[0m 125.684 ms - 16293[0m
[0mGET /user/profile/6076e50ff0066e02f8fe84e7 [32m200[0m 100.810 ms - 16082[0m
[0mGET /user/profile/6076e50ff0066e02f8fe84e7 [32m200[0m 155.756 ms - 16082[0m
[0mGET /user/profile/6076e50ff0066e02f8fe84e7 [32m200[0m 83.842 ms - 16598[0m
[0mGET /user/profile/5f539983e3ec643be08c4c37 [32m200[0m 124.645 ms - 13964[0m
[0mGET /user/profile/5f539983e3ec643be08c4c37 [32m200[0m 104.958 ms - 13964[0m
[0mGET / [32m200[0m 719.235 ms - 76415[0m
[0mGET /user/profile/6076e50ff0066e02f8fe84e7 [32m200[0m 70.983 ms - 16598[0m
[0mGET /user/profile/6076e50ff0066e02f8fe84e7 [32m200[0m 77.010 ms - 16598[0m
[0mGET /user/profile/6076e50ff0066e02f8fe84e7 [32m200[0m 73.178 ms - 16598[0m
[0mGET /user/profile/6076e50ff0066e02f8fe84e7 [32m200[0m 77.264 ms - 16623[0m
[0mGET /user/profile/6076e50ff0066e02f8fe84e7 [32m200[0m 182.854 ms - 16659[0m
[0mGET /user/profile/6076e50ff0066e02f8fe84e7 [32m200[0m 78.804 ms - 16659[0m
[0mGET /user/profile/6076e50ff0066e02f8fe84e7 [32m200[0m 74.853 ms - 16659[0m
[0mGET /user/profile/6076e50ff0066e02f8fe84e7 [32m200[0m 131.932 ms - 16659[0m
[0mGET /user/profile/6076e50ff0066e02f8fe84e7 [32m200[0m 77.791 ms - 16709[0m
[0mGET /user/profile/6076e50ff0066e02f8fe84e7 [32m200[0m 66.977 ms - 16710[0m
[0mGET /user/profile/6076e50ff0066e02f8fe84e7 [32m200[0m 82.895 ms - 16699[0m
[0mGET /user/profile/6076e50ff0066e02f8fe84e7 [32m200[0m 98.918 ms - 16699[0m
[0mGET /user/profile/6076e50ff0066e02f8fe84e7 [32m200[0m 138.513 ms - 16699[0m
[0mGET /user/profile/6076e50ff0066e02f8fe84e7 [32m200[0m 136.662 ms - 16699[0m
[0mGET /user/profile/6076e50ff0066e02f8fe84e7 [32m200[0m 140.601 ms - 16703[0m
[0mGET /user/profile/6076e50ff0066e02f8fe84e7 [32m200[0m 138.823 ms - 16703[0m
[0mGET /user/profile/6076e50ff0066e02f8fe84e7 [32m200[0m 139.001 ms - 16703[0m
[0mGET /user/profile/6076e50ff0066e02f8fe84e7 [32m200[0m 124.720 ms - 16703[0m
[0mGET /user/profile/6076e50ff0066e02f8fe84e7 [32m200[0m 405.071 ms - 16707[0m
[0mGET /user/profile/6076e50ff0066e02f8fe84e7 [32m200[0m 194.801 ms - 16707[0m
[0mGET /user/profile/6076e50ff0066e02f8fe84e7 [32m200[0m 74.925 ms - 16707[0m
[0mGET /user/profile/6076e50ff0066e02f8fe84e7 [32m200[0m 157.036 ms - 16707[0m
[0mGET /user/profile/6076e50ff0066e02f8fe84e7 [32m200[0m 244.993 ms - 16707[0m
[0mGET /user/profile/6076e50ff0066e02f8fe84e7 [32m200[0m 629.077 ms - 16707[0m
[0mGET /user/profile/6076e50ff0066e02f8fe84e7 [32m200[0m 75.525 ms - 16707[0m
[0mGET /user/profile/6076e50ff0066e02f8fe84e7 [32m200[0m 342.321 ms - 16713[0m
[0mGET / [32m200[0m 468.465 ms - 76524[0m
[0mGET / [32m200[0m 10658.259 ms - 76744[0m
[0mGET /post/destroy/607d52f165892750cce482bb [32m200[0m 338.080 ms - 73[0m
[0mPOST /post/create [32m200[0m 817.538 ms - 335[0m
[0mPOST /post/create [32m200[0m 93.931 ms - 371[0m
[0mPOST /post/create [32m200[0m 140.619 ms - 391[0m
[0mPOST /post/create_image [36m302[0m 759.655 ms - 88[0m
[0mGET / [32m200[0m 614.364 ms - 96059[0m
[0mPOST /like/toggle/?id=607d5c217fa5f0129ce93898&type=Post [32m200[0m 87.770 ms - 58[0m
[0mPOST /like/toggle/?id=607d5bcd7fa5f0129ce93897&type=Post [32m200[0m 72.716 ms - 58[0m
[0mPOST /like/toggle/?id=607d5b737fa5f0129ce93896&type=Post [32m200[0m 59.040 ms - 58[0m
[0mGET / [32m200[0m 686.541 ms - 95930[0m
[0mGET / [32m200[0m 807.517 ms - 95930[0m
[0mGET / [32m200[0m 607.118 ms - 95930[0m
[0mGET / [32m200[0m 388.155 ms - 95930[0m
[0mGET / [32m200[0m 606.725 ms - 95932[0m
[0mGET / [32m200[0m 481.670 ms - 95932[0m
[0mGET / [32m200[0m 947.968 ms - 95971[0m
[0mGET / [32m200[0m 356.859 ms - 95971[0m
[0mPOST /post/create_image [36m302[0m 1021.843 ms - 88[0m
[0mGET / [32m200[0m 1380.685 ms - 102651[0m
[0mGET / [32m200[0m 2970.068 ms - 102415[0m
[0mGET / [32m200[0m 261.362 ms - 102436[0m
[0mGET / [32m200[0m 303.186 ms - 102436[0m
[0mPOST /post/create_image [36m302[0m 253.878 ms - 88[0m
[0mGET / [32m200[0m 561.257 ms - 109098[0m
[0mGET / [32m200[0m 242.108 ms - 108862[0m
[0mGET /user/profile/5f539983e3ec643be08c4c37 [32m200[0m 164.322 ms - 21756[0m
[0mGET /user/profile/5f539983e3ec643be08c4c37 [32m200[0m 103.170 ms - 21756[0m
[0mGET /user/profile/5f539983e3ec643be08c4c37 [32m200[0m 131.197 ms - 21758[0m
[0mGET /user/profile/5f539983e3ec643be08c4c37 [32m200[0m 96.429 ms - 21758[0m
[0mGET /user/profile/5f539983e3ec643be08c4c37 [32m200[0m 127.881 ms - 21834[0m
[0mGET /user/profile/5f539983e3ec643be08c4c37 [32m200[0m 77.078 ms - 21834[0m
[0mGET /user/profile/5f539983e3ec643be08c4c37 [32m200[0m 120.504 ms - 21578[0m
[0mGET /user/profile/5f539983e3ec643be08c4c37 [32m200[0m 116.599 ms - 21578[0m
[0mGET /user/profile/5f539983e3ec643be08c4c37 [32m200[0m 109.195 ms - 21693[0m
[0mGET /user/profile/5f539983e3ec643be08c4c37 [32m200[0m 113.040 ms - 21693[0m
[0mGET /user/profile/5f539983e3ec643be08c4c37 [32m200[0m 93.615 ms - 21729[0m
[0mGET /user/profile/5f539983e3ec643be08c4c37 [32m200[0m 91.496 ms - 21729[0m
[0mGET /user/profile/5f539983e3ec643be08c4c37 [32m200[0m 87.594 ms - 21600[0m
[0mGET /user/profile/5f539983e3ec643be08c4c37 [32m200[0m 99.527 ms - 21600[0m
[0mGET /user/profile/5f539983e3ec643be08c4c37 [32m200[0m 61.352 ms - 21663[0m
[0mGET /user/profile/5f539983e3ec643be08c4c37 [32m200[0m 82.394 ms - 21663[0m
[0mGET /user/profile/5f539983e3ec643be08c4c37 [32m200[0m 202.643 ms - 23586[0m
[0mGET /user/profile/5f539983e3ec643be08c4c37 [32m200[0m 88.026 ms - 23586[0m
[0mGET /user/profile/5f539983e3ec643be08c4c37 [32m200[0m 147.498 ms - 23547[0m
[0mGET /user/profile/5f539983e3ec643be08c4c37 [32m200[0m 172.706 ms - 23547[0m
[0mGET /user/profile/5f539983e3ec643be08c4c37 [32m200[0m 99.588 ms - 23552[0m
[0mGET /user/profile/5f539983e3ec643be08c4c37 [32m200[0m 61.759 ms - 23552[0m
[0mGET /user/profile/5f539983e3ec643be08c4c37 [32m200[0m 132.615 ms - 23552[0m
[0mGET /user/profile/5f539983e3ec643be08c4c37 [32m200[0m 85.322 ms - 23552[0m
[0mGET /user/profile/5f539983e3ec643be08c4c37 [32m200[0m 65.311 ms - 23705[0m
[0mGET /user/profile/5f539983e3ec643be08c4c37 [32m200[0m 61.710 ms - 23705[0m
[0mGET /user/profile/5f539983e3ec643be08c4c37 [32m200[0m 128.840 ms - 23705[0m
[0mGET /user/profile/5f539983e3ec643be08c4c37 [32m200[0m 103.888 ms - 23705[0m
[0mGET /user/profile/5f539983e3ec643be08c4c37 [32m200[0m 124.431 ms - 23804[0m
[0mGET /user/profile/5f539983e3ec643be08c4c37 [32m200[0m 86.977 ms - 23804[0m
[0mGET /user/profile/5f539983e3ec643be08c4c37 [32m200[0m 126.942 ms - 23804[0m
[0mGET /user/profile/5f539983e3ec643be08c4c37 [32m200[0m 100.320 ms - 23804[0m
[0mGET /user/profile/5f539983e3ec643be08c4c37 [32m200[0m 97.736 ms - 23846[0m
[0mGET /user/profile/5f539983e3ec643be08c4c37 [32m200[0m 92.164 ms - 23846[0m
[0mGET /user/profile/5f539983e3ec643be08c4c37 [32m200[0m 59.182 ms - 23846[0m
[0mGET /user/profile/5f539983e3ec643be08c4c37 [32m200[0m 125.467 ms - 23846[0m
[0mGET / [32m200[0m 445.283 ms - 108860[0m
[0mGET / [32m200[0m 202.094 ms - 108860[0m
[0mGET /user/profile/5f539983e3ec643be08c4c37 [32m200[0m 117.383 ms - 23846[0m
[0mGET /user/profile/5f539983e3ec643be08c4c37 [32m200[0m 87.266 ms - 23846[0m
[0mGET /user/profile/5f539983e3ec643be08c4c37 [32m200[0m 117.631 ms - 23903[0m
[0mGET /user/profile/5f539983e3ec643be08c4c37 [32m200[0m 88.507 ms - 23903[0m
[0mGET /user/profile/5f539983e3ec643be08c4c37 [32m200[0m 164.597 ms - 23606[0m
[0mGET /user/profile/5f539983e3ec643be08c4c37 [32m200[0m 107.160 ms - 23606[0m
[0mGET /user/profile/5f539983e3ec643be08c4c37 [32m200[0m 148.807 ms - 23903[0m
[0mGET /user/profile/5f539983e3ec643be08c4c37 [32m200[0m 108.721 ms - 23903[0m
[0mGET /user/profile/5f539983e3ec643be08c4c37 [32m200[0m 150.148 ms - 23895[0m
[0mGET /user/profile/5f539983e3ec643be08c4c37 [32m200[0m 105.540 ms - 23895[0m
[0mPOST /user/update/5f539983e3ec643be08c4c37 [36m302[0m 119.274 ms - 162[0m
[0mGET /user/profile/5f539983e3ec643be08c4c37 [32m200[0m 73.464 ms - 24236[0m
[0mGET /user/profile/5f539983e3ec643be08c4c37 [32m200[0m 222.400 ms - 23999[0m
[0mGET / [0m-[0m - ms - -[0m
[0mGET / [32m200[0m 3581.231 ms - 108842[0m
[0mGET / [32m200[0m 2200.259 ms - 108842[0m
[0mGET /user/profile/6076e50ff0066e02f8fe84e7 [32m200[0m 272.796 ms - 16873[0m
[0mGET /user/profile/60366b5bf67f880a442fd1b0 [32m200[0m 179.728 ms - 11114[0m
[0mGET /user/profile/60366b5bf67f880a442fd1b0 [32m200[0m 46.673 ms - 11114[0m
[0mGET /sign-out [36m302[0m 126.253 ms - 70[0m
[0mGET /user/sign_In [32m200[0m 173.564 ms - 6654[0m
[0mPOST /user/create-session [36m302[0m 56.489 ms - 70[0m
[0mGET /user/sign_In [32m200[0m 34.136 ms - 6661[0m
[0mPOST /user/create-session [36m302[0m 28.247 ms - 46[0m
[0mGET / [32m200[0m 1884.608 ms - 107215[0m
[0mGET / [32m200[0m 903.900 ms - 107215[0m
[0mGET /user/profile/5f539983e3ec643be08c4c37 [32m200[0m 807.414 ms - 22947[0m
[0mGET /user/profile/5f539983e3ec643be08c4c37 [32m200[0m 294.768 ms - 23675[0m
[0mGET /user/profile/6076e50ff0066e02f8fe84e7 [32m200[0m 317.335 ms - 18914[0m
[0mGET / [32m200[0m 799.190 ms - 107215[0m
[0mGET / [32m200[0m 399.724 ms - 107215[0m
[0mPOST /like/toggle/?id=607d5c217fa5f0129ce93898&type=Post [32m200[0m 71.122 ms - 58[0m
[0mPOST /like/toggle/?id=607d5bcd7fa5f0129ce93897&type=Post [32m200[0m 101.300 ms - 58[0m
[0mPOST /like/toggle/?id=607d5b737fa5f0129ce93896&type=Post [32m200[0m 59.902 ms - 58[0m
[0mPOST /comment/create_comment [32m200[0m 167.447 ms - 608[0m
[0mGET /user/profile/6076e50ff0066e02f8fe84e7 [32m200[0m 198.999 ms - 18914[0m
[0mGET /user/profile/6076e50ff0066e02f8fe84e7 [32m200[0m 348.137 ms - 18910[0m
[0mGET /user/profile/5f539983e3ec643be08c4c37 [32m200[0m 250.108 ms - 24132[0m
[0mGET /user/profile/6076e50ff0066e02f8fe84e7 [0m-[0m - ms - -[0m
[0mGET /user/profile/6076e50ff0066e02f8fe84e7 [32m200[0m 1007.779 ms - 19741[0m
[0mGET /user/profile/5f539983e3ec643be08c4c37 [32m200[0m 535.807 ms - 24962[0m
[0mGET /user/profile/6076e50ff0066e02f8fe84e7 [32m200[0m 515.733 ms - 20574[0m
[0mGET /user/profile/6076e50ff0066e02f8fe84e7 [32m200[0m 451.177 ms - 20939[0m
[0mGET /user/profile/5f539983e3ec643be08c4c37 [32m200[0m 305.966 ms - 26244[0m
