[0mGET / [32m200[0m 1575.919 ms - 51243[0m
[0mGET / [32m200[0m 583.745 ms - 51243[0m
[0mGET /user/sign_In [32m200[0m 72.461 ms - 6416[0m
[0mGET /user/auth/google [36m302[0m 36.858 ms - 0[0m
[0mGET /user/auth/google/callback?code=4%2F0AY0e-g5JRcRYaWNNEkAD1JCmfC-a8qFZyFhdHDJw5efPnfoSs7KmcHfNq8UHmWIyvADT0A&scope=email+profile+https%3A%2F%2Fwww.googleapis.com%2Fauth%2Fuserinfo.profile+https%3A%2F%2Fwww.googleapis.com%2Fauth%2Fuserinfo.email+openid&authuser=0&prompt=consent [36m302[0m 1249.123 ms - 46[0m
[0mGET / [32m200[0m 497.718 ms - 123447[0m
[0mGET / [32m200[0m 519.644 ms - 123447[0m
[0mGET /post/destroy/608bbcbe277fd12b08b9bf0c [32m200[0m 124.553 ms - 73[0m
[0mGET / [32m200[0m 843.131 ms - 117137[0m
[0mGET / [32m200[0m 651.078 ms - 117137[0m
[0mGET / [32m200[0m 1024.122 ms - 117137[0m
[0mGET / [32m200[0m 542.826 ms - 117137[0m
[0mGET / [32m200[0m 569.927 ms - 117137[0m
[0mGET / [32m200[0m 547.419 ms - 117137[0m
[0mGET / [32m200[0m 394.657 ms - 117137[0m
[0mGET / [32m200[0m 425.496 ms - 117137[0m
[0mPOST /post/create [32m200[0m 148.885 ms - 331[0m
[0mGET /post/destroy/608cf2f7ccae012fec55668f [32m200[0m 362.108 ms - 73[0m
[0mPOST /post/create [32m200[0m 270.112 ms - 328[0m
[0mGET / [32m200[0m 923.870 ms - 123198[0m
[0mGET / [32m200[0m 544.619 ms - 123198[0m
[0mGET /post/destroy/608cf353effbab09ac05a0be [32m200[0m 73.890 ms - 73[0m
[0mPOST /post/create [32m200[0m 63.673 ms - 330[0m
[0mGET /post/destroy/608cf37feffbab09ac05a0bf [32m200[0m 243.303 ms - 73[0m
[0mGET / [32m200[0m 616.116 ms - 123196[0m
[0mGET / [32m200[0m 520.534 ms - 116897[0m
[0mGET / [32m200[0m 636.523 ms - 116897[0m
[0mGET / [32m200[0m 645.968 ms - 116897[0m
[0mPOST /post/create [32m200[0m 238.481 ms - 331[0m
[0mPOST /comment/create_comment [36m302[0m 178.785 ms - 88[0m
[0mGET / [32m200[0m 414.265 ms - 124465[0m
[0mGET / [32m200[0m 901.298 ms - 124465[0m
[0mPOST /comment/create_comment [32m200[0m 73.121 ms - 442[0m
[0mGET /like/toggle/?id=608cf44c701d44258cb61962&type=Comment [33m404[0m 51.596 ms - 151[0m
[0mGET / [32m200[0m 471.328 ms - 125715[0m
[0mGET / [32m200[0m 449.305 ms - 125715[0m
[0mGET / [32m200[0m 315.638 ms - 125715[0m
[0mGET /comment/destroy/608cf44c701d44258cb61962 [32m200[0m 269.069 ms - 88[0m
[0mGET /comment/destroy/608cf443701d44258cb61960 [32m200[0m 67.078 ms - 88[0m
[0mPOST /comment/create_comment [32m200[0m 234.248 ms - 610[0m
[0mGET /like/toggle/?id=608cf519fdc61719884b921b&type=Comment [33m404[0m 47.865 ms - 151[0m
[0mGET / [32m200[0m 1055.473 ms - 124457[0m
[0mGET / [32m200[0m 281.738 ms - 124457[0m
[0mGET /comment/destroy/608cf519fdc61719884b921b [32m200[0m 326.183 ms - 88[0m
[0mGET /post/destroy/608cf436701d44258cb6195f [32m200[0m 94.771 ms - 73[0m
[0mPOST /post/create [32m200[0m 142.338 ms - 332[0m
[0mPOST /like/toggle/?id=608cf5b8eb3ad032d8cef42b&type=Post [32m200[0m 77.099 ms - 58[0m
[0mPOST /like/toggle/?id=608cf5b8eb3ad032d8cef42b&type=Post [32m200[0m 108.356 ms - 57[0m
[0mPOST /like/toggle/?id=608cf5b8eb3ad032d8cef42b&type=Post [32m200[0m 52.670 ms - 58[0m
[0mPOST /comment/create_comment [36m302[0m 394.929 ms - 88[0m
[0mGET / [32m200[0m 572.293 ms - 124464[0m
[0mGET / [32m200[0m 801.364 ms - 124464[0m
[0mPOST /like/toggle/?id=608cf662736b2120b8e78b62&type=Comment [32m200[0m 94.548 ms - 58[0m
[0mPOST /like/toggle/?id=608cf662736b2120b8e78b62&type=Comment [32m200[0m 63.631 ms - 57[0m
[0mPOST /like/toggle/?id=608cf662736b2120b8e78b62&type=Comment [32m200[0m 59.008 ms - 58[0m
[0mPOST /like/toggle/?id=608cf662736b2120b8e78b62&type=Comment [32m200[0m 100.514 ms - 57[0m
[0mPOST /comment/create_comment [32m200[0m 89.753 ms - 441[0m
[0mGET /like/toggle/?id=608cf684736b2120b8e78b6a&type=Comment [33m404[0m 35.350 ms - 151[0m
[0mGET /like/toggle/?id=608cf684736b2120b8e78b6a&type=Comment [33m404[0m 19.861 ms - 151[0m
[0mGET / [32m200[0m 3696.786 ms - 125711[0m
[0mGET / [32m200[0m 2918.272 ms - 125711[0m
[0mGET / [32m200[0m 568.090 ms - 125711[0m
[0mPOST /like/toggle/?id=608cf5b8eb3ad032d8cef42b&type=Post [32m200[0m 139.265 ms - 57[0m
[0mPOST /like/toggle/?id=608cf5b8eb3ad032d8cef42b&type=Post [32m200[0m 139.171 ms - 58[0m
[0mPOST /like/toggle/?id=608cf5b8eb3ad032d8cef42b&type=Post [32m200[0m 62.412 ms - 57[0m
[0mPOST /like/toggle/?id=608cf5b8eb3ad032d8cef42b&type=Post [32m200[0m 50.134 ms - 58[0m
[0mPOST /like/toggle/?id=608cf5b8eb3ad032d8cef42b&type=Post [32m200[0m 57.581 ms - 57[0m
[0mPOST /like/toggle/?id=608cf5b8eb3ad032d8cef42b&type=Post [32m200[0m 46.657 ms - 58[0m
[0mPOST /post/create [32m200[0m 196.439 ms - 331[0m
[0mGET /comment/destroy/608cf684736b2120b8e78b6a [32m200[0m 205.837 ms - 88[0m
[0mGET /comment/destroy/608cf662736b2120b8e78b62 [32m200[0m 79.225 ms - 88[0m
[0mPOST /comment/create_comment [32m200[0m 219.525 ms - 604[0m
[0mGET /like/toggle/?id=608d510f2edd690ee4e94d40&type=Comment [33m404[0m 41.317 ms - 151[0m
[0mGET / [32m200[0m 439.758 ms - 130756[0m
[0mGET / [32m200[0m 728.889 ms - 130752[0m
[0mGET / [32m200[0m 753.346 ms - 130752[0m
[0mPOST /comment/create_comment [32m200[0m 148.160 ms - 606[0m
[0mGET /like/toggle/?id=608d51614f83c30e402b6d74&type=Comment [33m404[0m 40.882 ms - 151[0m
[0mGET / [32m200[0m 1235.763 ms - 132010[0m
[0mGET / [32m200[0m 483.089 ms - 132010[0m
[0mGET / [32m200[0m 723.482 ms - 132010[0m
[0mGET / [32m200[0m 557.806 ms - 132010[0m
[0mGET /post/destroy/608d50f22edd690ee4e94d3f [32m200[0m 237.390 ms - 73[0m
[0mGET /post/destroy/608cf5b8eb3ad032d8cef42b [32m200[0m 75.676 ms - 73[0m
[0mPOST /post/create [32m200[0m 124.802 ms - 330[0m
[0mPOST /like/toggle/?id=608d51a46b803b33b0fd2d8d&type=Post [32m200[0m 57.955 ms - 58[0m
[0mPOST /like/toggle/?id=608d51a46b803b33b0fd2d8d&type=Post [32m200[0m 44.334 ms - 57[0m
[0mGET / [32m200[0m 607.108 ms - 123195[0m
[0mGET / [32m200[0m 642.342 ms - 123195[0m
[0mPOST /comment/create_comment [32m200[0m 117.121 ms - 610[0m
[0mGET /like/toggle/?id=608d5207c92817016462e7da&type=Comment [33m404[0m 68.579 ms - 151[0m
[0mGET / [32m200[0m 712.478 ms - 124456[0m
[0mGET / [32m200[0m 625.042 ms - 124456[0m
[0mGET /post/destroy/608d51a46b803b33b0fd2d8d [32m200[0m 343.133 ms - 73[0m
[0mGET / [32m200[0m 849.258 ms - 116897[0m
[0mGET / [32m200[0m 914.837 ms - 116897[0m
[0mPOST /post/create [32m200[0m 110.843 ms - 332[0m
[0mPOST /like/toggle/?id=608d52e1e2c5b711f45e13ca&type=Post [32m200[0m 75.413 ms - 58[0m
[0mPOST /comment/create_comment [36m302[0m 147.641 ms - 88[0m
[0mGET / [32m200[0m 475.918 ms - 124464[0m
[0mGET / [32m200[0m 713.226 ms - 124464[0m
[0mGET / [32m200[0m 1715.965 ms - 116773[0m
[0mGET / [32m200[0m 977.094 ms - 116773[0m
[0mGET /post/destroy/608d5e53ebe11612f0f76468 [32m200[0m 335.293 ms - 73[0m
[0mPOST /post/create [32m200[0m 151.293 ms - 328[0m
[0mPOST /like/toggle/?id=608d69d8c9eebe13c4487d12&type=Post [32m200[0m 104.979 ms - 58[0m
[0mPOST /like/toggle/?id=608d69d8c9eebe13c4487d12&type=Post [32m200[0m 68.533 ms - 57[0m
[0mGET / [32m200[0m 958.283 ms - 116774[0m
[0mGET / [32m200[0m 583.736 ms - 116774[0m
[0mPOST /comment/create_comment [32m200[0m 693.562 ms - 608[0m
[0mGET /like/toggle/?id=608d6a635aca7a0ed00a116a&type=Comment [33m404[0m 36.576 ms - 151[0m
[0mGET / [32m200[0m 1077.966 ms - 118037[0m
[0mGET / [32m200[0m 1995.975 ms - 118037[0m
[0mGET / [32m200[0m 1994.724 ms - 118032[0m
[0mGET / [32m200[0m 2415.579 ms - 118033[0m
[0mGET /post/destroy/608d69d8c9eebe13c4487d12 [32m200[0m 430.855 ms - 73[0m
[0mPOST /post/create [32m200[0m 126.436 ms - 326[0m
[0mPOST /like/toggle/?id=608d6ad06923d818ccb957f0&type=Post [32m200[0m 87.978 ms - 58[0m
[0mPOST /like/toggle/?id=608d6ad06923d818ccb957f0&type=Post [32m200[0m 73.121 ms - 57[0m
[0mPOST /comment/create_comment [36m302[0m 531.754 ms - 88[0m
[0mGET / [32m200[0m 448.346 ms - 118039[0m
[0mGET / [32m200[0m 820.227 ms - 118039[0m
[0mPOST /like/toggle/?id=608d6add6923d818ccb957f4&type=Comment [32m200[0m 77.521 ms - 58[0m
[0mPOST /like/toggle/?id=608d6add6923d818ccb957f4&type=Comment [32m200[0m 53.406 ms - 57[0m
[0mGET /comment/destroy/608d6add6923d818ccb957f4 [32m200[0m 64.467 ms - 88[0m
[0mPOST /comment/create_comment [36m302[0m 133.498 ms - 88[0m
[0mGET / [32m200[0m 603.588 ms - 118033[0m
[0mGET / [32m200[0m 1738.717 ms - 118033[0m
[0mGET / [32m200[0m 911.684 ms - 118029[0m
[0mGET / [32m200[0m 1645.190 ms - 118029[0m
[0mPOST /comment/create_comment [36m302[0m 988.606 ms - 88[0m
[0mGET / [32m200[0m 1605.472 ms - 119292[0m
[0mGET / [32m200[0m 1310.553 ms - 119292[0m
[0mGET /post/destroy/608d6ad06923d818ccb957f0 [32m200[0m 8716.050 ms - 73[0m
[0mGET / [32m200[0m 3627.946 ms - 119289[0m
[0mGET / [32m200[0m 628.752 ms - 110477[0m
[0mGET / [32m200[0m 1118.098 ms - 110477[0m
[0mGET / [32m200[0m 525.600 ms - 110477[0m
[0mPOST /post/create [36m302[0m 197.581 ms - 88[0m
[0mGET / [32m200[0m 606.888 ms - 110721[0m
[0mGET / [32m200[0m 498.479 ms - 110477[0m
[0mGET / [32m200[0m 571.602 ms - 110477[0m
[0mGET / [32m200[0m 2625.701 ms - 110477[0m
[0mGET / [0m-[0m - ms - -[0m
[0mGET / [32m200[0m 1317.209 ms - 110477[0m
[0mGET / [32m200[0m 643.937 ms - 110477[0m
[0mGET / [32m200[0m 1152.244 ms - 110852[0m
[0mGET / [32m200[0m 243.387 ms - 110852[0m
[0mGET / [32m200[0m 811.498 ms - 110852[0m
[0mGET / [32m200[0m 622.014 ms - 110852[0m
[0mPOST /post/create [32m200[0m 244.019 ms - 328[0m
[0mPOST /like/toggle/?id=608d6d90651d1d1ce00841dc&type=Post [32m200[0m 90.990 ms - 58[0m
[0mPOST /like/toggle/?id=608d6d90651d1d1ce00841dc&type=Post [32m200[0m 36.648 ms - 57[0m
[0mPOST /comment/create_comment [36m302[0m 115.150 ms - 88[0m
[0mGET / [32m200[0m 339.556 ms - 118441[0m
[0mGET / [32m200[0m 599.905 ms - 118441[0m
[0mPOST /comment/create_comment [32m200[0m 56.112 ms - 440[0m
[0mGET /post/destroy/608d6d90651d1d1ce00841dc [32m200[0m 285.268 ms - 73[0m
[0mGET / [32m200[0m 544.934 ms - 110852[0m
[0mGET / [32m200[0m 928.521 ms - 110852[0m
[0mGET / [32m200[0m 942.463 ms - 110852[0m
[0mPOST /post/create [32m200[0m 218.637 ms - 330[0m
[0mPOST /like/toggle/?id=608d6e1f4d203b1d00c20c0e&type=Post [32m200[0m 91.497 ms - 58[0m
[0mPOST /comment/create_comment [36m302[0m 443.683 ms - 88[0m
[0mGET / [32m200[0m 1148.088 ms - 118441[0m
[0mGET / [32m200[0m 347.430 ms - 118441[0m
[0mPOST /comment/create_comment [32m200[0m 63.516 ms - 440[0m
[0mGET /comment/destroy/608d6e354d203b1d00c20c13 [32m200[0m 50.053 ms - 88[0m
[0mPOST /like/toggle/?id=608d6e2b4d203b1d00c20c11&type=Comment [32m200[0m 68.952 ms - 58[0m
[0mGET /comment/destroy/608d6e2b4d203b1d00c20c11 [32m200[0m 73.217 ms - 88[0m
[0mPOST /comment/create_comment [32m200[0m 71.846 ms - 604[0m
[0mGET /comment/destroy/608d6e424d203b1d00c20c16 [32m200[0m 57.764 ms - 88[0m
[0mGET / [32m200[0m 660.148 ms - 117180[0m
[0mGET / [32m200[0m 620.014 ms - 117180[0m
[0mPOST /comment/create_comment [32m200[0m 100.087 ms - 606[0m
[0mGET /comment/destroy/608d6e4e4d203b1d00c20c18 [32m200[0m 52.017 ms - 88[0m
[0mGET /post/destroy/608d6e1f4d203b1d00c20c0e [32m200[0m 62.617 ms - 73[0m
[0mPOST /post/create [32m200[0m 60.626 ms - 327[0m
[0mPOST /comment/create_comment [36m302[0m 69.631 ms - 88[0m
[0mGET / [32m200[0m 366.678 ms - 118438[0m
[0mGET / [32m200[0m 498.041 ms - 118438[0m
[0mGET / [32m200[0m 1131.381 ms - 118428[0m
[0mGET / [32m200[0m 634.309 ms - 118428[0m
[0mGET /post/destroy/608d6e594d203b1d00c20c1a [32m200[0m 346.441 ms - 73[0m
[0mPOST /post/create [32m200[0m 307.006 ms - 328[0m
[0mPOST /comment/create_comment [36m302[0m 193.015 ms - 88[0m
[0mGET / [32m200[0m 649.312 ms - 118438[0m
[0mGET / [32m200[0m 644.457 ms - 118438[0m
[0mGET /post/destroy/608d6e9cb9dd710378ab797c [32m200[0m 45.611 ms - 73[0m
[0mPOST /post/create [32m200[0m 59.143 ms - 332[0m
[0mGET / [32m200[0m 1040.351 ms - 117178[0m
[0mGET / [32m200[0m 972.117 ms - 117178[0m
[0mGET /post/destroy/608d6ebdb9dd710378ab797f [32m200[0m 382.958 ms - 73[0m
[0mPOST /post/create [32m200[0m 132.047 ms - 328[0m
[0mPOST /like/toggle/?id=608d703c8f8bd016300eab67&type=Post [32m200[0m 162.088 ms - 58[0m
[0mPOST /comment/create_comment [36m302[0m 190.627 ms - 88[0m
[0mGET / [32m200[0m 527.584 ms - 118441[0m
[0mGET / [32m200[0m 552.354 ms - 118441[0m
[0mGET /post/destroy/608d703c8f8bd016300eab67 [32m200[0m 107.141 ms - 73[0m
[0mGET / [32m200[0m 1720.534 ms - 111092[0m
[0mGET / [32m200[0m 284.858 ms - 111092[0m
[0mGET / [32m200[0m 1473.734 ms - 111092[0m
[0mGET / [32m200[0m 324.531 ms - 111092[0m
[0mPOST /post/create [32m200[0m 213.467 ms - 328[0m
[0mPOST /comment/create_comment [36m302[0m 185.317 ms - 44[0m
[0mPOST /comment/create_comment [32m200[0m 230.339 ms - 608[0m
[0mGET / [32m200[0m 631.199 ms - 118697[0m
[0mGET /comment/destroy/608d717b4a205631285457bc [32m200[0m 245.419 ms - 88[0m
[0mPOST /comment/create_comment [36m302[0m 195.592 ms - 44[0m
[0mPOST /comment/create_comment [32m200[0m 327.913 ms - 602[0m
[0mGET / [32m200[0m 478.818 ms - 118694[0m
[0mPOST /like/toggle/?id=608d71824a205631285457bf&type=Comment [32m200[0m 39.024 ms - 58[0m
[0mGET / [32m200[0m 559.460 ms - 118686[0m
[0mGET / [32m200[0m 312.556 ms - 118686[0m
[0mGET /comment/destroy/608d71824a205631285457bf [32m200[0m 136.627 ms - 88[0m
[0mGET /post/destroy/608d71644a205631285457bb [32m200[0m 49.404 ms - 73[0m
[0mPOST /post/create [32m200[0m 204.182 ms - 328[0m
[0mPOST /comment/create_comment [36m302[0m 209.488 ms - 44[0m
[0mPOST /comment/create_comment [32m200[0m 318.082 ms - 608[0m
[0mGET / [32m200[0m 663.382 ms - 118697[0m
[0mPOST /comment/create_comment [32m200[0m 211.998 ms - 442[0m
[0mPOST /comment/create_comment [36m302[0m 293.386 ms - 44[0m
[0mGET / [32m200[0m 1498.813 ms - 119954[0m
[0mGET /comment/destroy/608d72634d6407066c4738bf [32m200[0m 39.999 ms - 88[0m
[0mGET /comment/destroy/608d72414d6407066c4738bc [32m200[0m 46.347 ms - 88[0m
[0mGET / [32m200[0m 444.415 ms - 117430[0m
[0mGET / [32m200[0m 295.048 ms - 117430[0m
[0mGET /post/destroy/608d72354d6407066c4738bb [32m200[0m 45.217 ms - 73[0m
[0mGET / [32m200[0m 7456.254 ms - 111092[0m
[0mGET / [32m200[0m 276.828 ms - 111092[0m
[0mPOST /post/create [32m200[0m 156.565 ms - 330[0m
[0mPOST /comment/create_comment [36m302[0m 381.574 ms - 44[0m
[0mPOST /comment/create_comment [32m200[0m 478.313 ms - 608[0m
[0mGET / [32m200[0m 608.150 ms - 118699[0m
[0mGET /comment/destroy/608d991a0f68c60ed09f6cd5 [32m200[0m 639.327 ms - 88[0m
[0mGET / [32m200[0m 1435.810 ms - 117432[0m
[0mGET / [32m200[0m 655.207 ms - 117432[0m
[0mPOST /comment/create_comment [32m200[0m 296.037 ms - 612[0m
[0mPOST /post/create [32m200[0m 135.907 ms - 328[0m
[0mPOST /comment/create_comment [32m200[0m 64.711 ms - 610[0m
[0mPOST /comment/create_comment [36m302[0m 1470.852 ms - 44[0m
[0mGET / [32m200[0m 1565.523 ms - 126298[0m
[0mGET /comment/destroy/608d9a4134980c0550578dac [32m200[0m 67.933 ms - 88[0m
[0mGET /post/destroy/608d990f0f68c60ed09f6cd4 [32m200[0m 126.008 ms - 73[0m
[0mPOST /comment/create_comment [36m302[0m 70.254 ms - 44[0m
[0mPOST /comment/create_comment [32m200[0m 406.934 ms - 624[0m
[0mGET / [32m200[0m 997.216 ms - 117430[0m
[0mGET /post/destroy/608d9a3334980c0550578dab [32m200[0m 181.427 ms - 73[0m
[0mGET / [32m200[0m 1945.200 ms - 111092[0m
[0mGET / [32m200[0m 708.148 ms - 111092[0m
[0mGET / [32m200[0m 530.577 ms - 111092[0m
[0mGET / [32m200[0m 811.205 ms - 111092[0m
[0mPOST /post/create [32m200[0m 763.888 ms - 327[0m
[0mPOST /comment/create_comment [36m302[0m 517.539 ms - 44[0m
[0mPOST /comment/create_comment [32m200[0m 602.520 ms - 610[0m
[0mGET / [32m200[0m 1139.691 ms - 118697[0m
[0mGET /post/destroy/608d9da98963bd36685ea8b3 [32m200[0m 183.192 ms - 72[0m
