[0mGET / [32m200[0m 365.404 ms - 65712[0m
[0mGET /upload/post/postimg/post_img-1600618449060 [33m404[0m 68.861 ms - 181[0m
[0mGET / [32m200[0m 121.231 ms - 65706[0m
[0mGET /upload/post/postimg/post_img-1600618449060 [33m404[0m 26.920 ms - 181[0m
[0mGET / [32m200[0m 201.296 ms - 65878[0m
[0mGET /upload/post/postimg/post_img-1600618449060 [33m404[0m 17.533 ms - 181[0m
[0mGET / [32m200[0m 297.517 ms - 65616[0m
[0mGET /upload/post/postimg/post_img-1600618449060 [33m404[0m 11.834 ms - 181[0m
[0mGET / [32m200[0m 296.242 ms - 65638[0m
[0mGET /upload/post/postimg/post_img-1600618449060 [33m404[0m 17.791 ms - 181[0m
[0mGET / [32m200[0m 503.017 ms - 66217[0m
[0mGET /upload/post/postimg/post_img-1600618449060 [33m404[0m 16.253 ms - 181[0m
[0mGET / [32m200[0m 365.751 ms - 66217[0m
[0mGET /upload/post/postimg/post_img-1600618449060 [33m404[0m 17.988 ms - 181[0m
[0mGET / [32m200[0m 480.866 ms - 66210[0m
[0mGET /upload/post/postimg/post_img-1600618449060 [33m404[0m 24.248 ms - 181[0m
[0mGET / [32m200[0m 410.065 ms - 66425[0m
[0mGET /upload/post/postimg/post_img-1600618449060 [33m404[0m 14.518 ms - 181[0m
[0mGET / [32m200[0m 137.327 ms - 65648[0m
[0mGET /upload/post/postimg/post_img-1600618449060 [33m404[0m 11.726 ms - 181[0m
[0mGET /like/toggle/?id=60772c47a9ef7c1c3c4385cc&type=Comment [33m404[0m 13.504 ms - 151[0m
[0mGET / [32m200[0m 326.941 ms - 66201[0m
[0mGET /upload/post/postimg/post_img-1600618449060 [33m404[0m 17.985 ms - 181[0m
[0mGET / [32m200[0m 411.117 ms - 66192[0m
[0mGET /upload/post/postimg/post_img-1600618449060 [33m404[0m 21.171 ms - 181[0m
[0mGET / [32m200[0m 553.840 ms - 66210[0m
[0mGET /upload/post/postimg/post_img-1600618449060 [33m404[0m 22.117 ms - 181[0m
[0mGET / [32m200[0m 180.233 ms - 66839[0m
[0mGET /upload/post/postimg/post_img-1600618449060 [33m404[0m 16.191 ms - 181[0m
[0mGET / [32m200[0m 553.565 ms - 66839[0m
[0mGET /upload/post/postimg/post_img-1600618449060 [33m404[0m 21.178 ms - 181[0m
[0mGET / [32m200[0m 432.337 ms - 64593[0m
[0mGET /upload/post/postimg/post_img-1600618449060 [33m404[0m 17.308 ms - 181[0m
[0mGET / [32m200[0m 1781.413 ms - 64996[0m
[0mGET /upload/post/postimg/post_img-1600618449060 [33m404[0m 52.115 ms - 181[0m
[0mGET / [32m200[0m 279.920 ms - 65087[0m
[0mGET /upload/post/postimg/post_img-1600618449060 [33m404[0m 24.825 ms - 181[0m
[0mGET / [32m200[0m 425.831 ms - 65087[0m
[0mGET /upload/post/postimg/post_img-1600618449060 [33m404[0m 15.851 ms - 181[0m
[0mGET / [32m200[0m 359.697 ms - 65096[0m
[0mGET /upload/post/postimg/post_img-1600618449060 [33m404[0m 20.275 ms - 181[0m
[0mGET / [32m200[0m 243.407 ms - 65059[0m
[0mGET /upload/post/postimg/post_img-1600618449060 [33m404[0m 13.434 ms - 181[0m
[0mGET / [32m200[0m 3280.194 ms - 25621[0m
[0mGET /upload/post/postimg/post_img-1600618449060 [33m404[0m 454.305 ms - 181[0m
[0mGET /user/sign_In [32m200[0m 138.800 ms - 6416[0m
[0mGET /favicon.ico [33m404[0m 6.752 ms - 150[0m
[0mGET /user/auth/google [36m302[0m 46.515 ms - 0[0m
[0mGET /user/auth/google/callback?code=4%2F0AY0e-g68UcqivU3parC7OlqE5gnsb1bF8F0wl4V8DJHPu2qtilnNb_1SQrmwSZSNcho85Q&scope=email+profile+https%3A%2F%2Fwww.googleapis.com%2Fauth%2Fuserinfo.profile+https%3A%2F%2Fwww.googleapis.com%2Fauth%2Fuserinfo.email+openid&authuser=0&prompt=consent [36m302[0m 1997.170 ms - 46[0m
[0mGET / [32m200[0m 2039.124 ms - 64618[0m
[0mGET /upload/post/postimg/post_img-1600618449060 [33m404[0m 37.336 ms - 181[0m
[0mGET /user/profile/6076e50ff0066e02f8fe84e7 [32m200[0m 1760.546 ms - 6319[0m
[0mGET / [32m200[0m 574.323 ms - 25621[0m
[0mGET /upload/post/postimg/post_img-1600618449060 [33m404[0m 15.197 ms - 181[0m
[0mGET /user/sign_In [32m200[0m 80.117 ms - 6416[0m
[0mPOST /user/create-session [36m302[0m 151.310 ms - 70[0m
[0mGET /user/sign_In [32m200[0m 142.274 ms - 6661[0m
[0mPOST /user/create-session [36m302[0m 41.336 ms - 46[0m
[0mGET / [32m200[0m 2549.199 ms - 65314[0m
[0mGET /upload/post/postimg/post_img-1600618449060 [33m404[0m 31.860 ms - 181[0m
[0mGET /user/profile/6045da43469ce71314ccf8c3/toggle_friend/?pid=6050b64d77211c041c2a49eb [36m302[0m 123.600 ms - 88[0m
[0mGET / [32m200[0m 1359.853 ms - 65726[0m
[0mGET /upload/post/postimg/post_img-1600618449060 [33m404[0m 44.807 ms - 181[0m
[0mGET / [32m200[0m 900.215 ms - 64849[0m
[0mGET /upload/post/postimg/post_img-1600618449060 [33m404[0m 35.157 ms - 181[0m
[0mGET /user/friendreq/cancel/6050b65077211c041c2a49ed [36m302[0m 49.269 ms - 88[0m
[0mGET / [32m200[0m 767.568 ms - 63972[0m
[0mGET /upload/post/postimg/post_img-1600618449060 [33m404[0m 38.871 ms - 181[0m
[0mGET /user/profile/6045da43469ce71314ccf8c3 [32m200[0m 134.852 ms - 6252[0m
[0mGET / [32m200[0m 588.516 ms - 64618[0m
[0mGET /upload/post/postimg/post_img-1600618449060 [33m404[0m 35.934 ms - 181[0m
[0mGET /user/profile/5f3d641afb7aec29d8dfa524 [32m200[0m 108.525 ms - 6279[0m
[0mGET /user/friendreq/5f3d641afb7aec29d8dfa524 [36m302[0m 69.966 ms - 162[0m
[0mGET /user/profile/5f3d641afb7aec29d8dfa524 [32m200[0m 95.760 ms - 6279[0m
[0mGET / [32m200[0m 1098.977 ms - 64865[0m
[0mGET /upload/post/postimg/post_img-1600618449060 [33m404[0m 209.227 ms - 181[0m
[0mGET /user/profile/5f539983e3ec643be08c4c37/toggle_friend/?pid=607abfbc7ff9b203685f9e04 [36m302[0m 37.270 ms - 88[0m
[0mGET / [32m200[0m 1641.342 ms - 64392[0m
[0mGET /upload/post/postimg/post_img-1600618449060 [33m404[0m 158.722 ms - 181[0m
[0mGET /user/profile/5f3d641afb7aec29d8dfa524 [32m200[0m 233.927 ms - 6275[0m
[0mGET /user/profile/5f3d641afb7aec29d8dfa524/toggle_friend [36m302[0m 642.592 ms - 162[0m
[0mGET /user/profile/5f3d641afb7aec29d8dfa524 [32m200[0m 1084.173 ms - 6279[0m
[0mGET / [32m200[0m 1758.805 ms - 63972[0m
[0mGET /upload/post/postimg/post_img-1600618449060 [33m404[0m 51.107 ms - 181[0m
[0mPOST /like/toggle/?id=6077291aa9ef7c1c3c4385c9&type=Post [32m200[0m 266.891 ms - 58[0m
[0mGET /user/friendreq/5f3d641afb7aec29d8dfa524 [36m302[0m 72.126 ms - 162[0m
[0mGET /user/profile/5f3d641afb7aec29d8dfa524 [32m200[0m 127.168 ms - 6279[0m
[0mGET / [32m200[0m 835.442 ms - 63972[0m
[0mGET /upload/post/postimg/post_img-1600618449060 [33m404[0m 47.490 ms - 181[0m
[0mGET /user/friendreq/5f3d641afb7aec29d8dfa524 [36m302[0m 41.925 ms - 162[0m
[0mGET /user/profile/5f3d641afb7aec29d8dfa524 [32m200[0m 113.004 ms - 6279[0m
[0mGET / [32m200[0m 1959.164 ms - 63972[0m
[0mGET /upload/post/postimg/post_img-1600618449060 [33m404[0m 29.511 ms - 181[0m
[0mGET /user/profile/5f3d641afb7aec29d8dfa524 [0m-[0m - ms - -[0m
[0mGET /user/profile/5f3d641afb7aec29d8dfa524 [32m200[0m 1052.935 ms - 6279[0m
[0mGET /user/friendreq/5f3d641afb7aec29d8dfa524 [36m302[0m 386.742 ms - 162[0m
[0mGET /user/profile/5f3d641afb7aec29d8dfa524 [32m200[0m 754.476 ms - 6279[0m
[0mGET / [32m200[0m 1211.592 ms - 63972[0m
[0mGET /upload/post/postimg/post_img-1600618449060 [33m404[0m 194.844 ms - 181[0m
[0mGET / [32m200[0m 198.516 ms - 63972[0m
[0mGET /upload/post/postimg/post_img-1600618449060 [33m404[0m 9.475 ms - 181[0m
[0mGET / [32m200[0m 382.272 ms - 64618[0m
[0mGET /user/profile/5f3d641afb7aec29d8dfa524 [32m200[0m 207.759 ms - 6279[0m
[0mGET /upload/post/postimg/post_img-1600618449060 [33m404[0m 32.340 ms - 181[0m
[0mGET /user/friendreq/5f3d641afb7aec29d8dfa524 [36m302[0m 58.468 ms - 162[0m
[0mGET /user/profile/5f3d641afb7aec29d8dfa524 [32m200[0m 108.596 ms - 6279[0m
[0mGET /user/friendreq/5f3d641afb7aec29d8dfa524 [36m302[0m 47.282 ms - 162[0m
[0mGET /user/profile/5f3d641afb7aec29d8dfa524 [32m200[0m 83.416 ms - 6279[0m
[0mGET /user/friendreq/5f3d641afb7aec29d8dfa524 [36m302[0m 41.219 ms - 162[0m
[0mGET /user/profile/5f3d641afb7aec29d8dfa524 [32m200[0m 91.210 ms - 6279[0m
[0mPOST /like/toggle/?id=60772891a9ef7c1c3c4385c8&type=Post [32m200[0m 522.446 ms - 58[0m
[0mPOST /like/toggle/?id=60772891a9ef7c1c3c4385c8&type=Post [32m200[0m 77.633 ms - 57[0m
[0mGET / [32m200[0m 1847.282 ms - 64618[0m
[0mGET /upload/post/postimg/post_img-1600618449060 [33m404[0m 30.329 ms - 181[0m
[0mGET /user/profile/6045da43469ce71314ccf8c3 [32m200[0m 451.104 ms - 6252[0m
[0mGET / [32m200[0m 538.813 ms - 63972[0m
[0mGET /upload/post/postimg/post_img-1600618449060 [33m404[0m 29.444 ms - 181[0m
[0mGET /user/profile/5f3d641afb7aec29d8dfa524 [32m200[0m 89.250 ms - 6279[0m
[0mGET /user/friendreq/5f3d641afb7aec29d8dfa524 [0m-[0m - ms - -[0m
[0mGET /user/profile/5f3d641afb7aec29d8dfa524 [32m200[0m 238.513 ms - 6279[0m
[0mGET /user/friendreq/5f3d641afb7aec29d8dfa524 [0m-[0m - ms - -[0m
[0mGET / [32m200[0m 860.144 ms - 64618[0m
[0mGET /user/profile/5f3d641afb7aec29d8dfa524 [32m200[0m 102.779 ms - 6279[0m
[0mGET /user/friendreq/5f3d641afb7aec29d8dfa524 [0m-[0m - ms - -[0m
[0mGET /user/profile/5f3d641afb7aec29d8dfa524 [32m200[0m 146.299 ms - 6279[0m
[0mGET /user/profile/5f3d641afb7aec29d8dfa524 [32m200[0m 776.234 ms - 6279[0m
[0mGET /user/friendreq/5f3d641afb7aec29d8dfa524 [36m302[0m 772.206 ms - 162[0m
[0mGET /user/profile/5f3d641afb7aec29d8dfa524 [32m200[0m 140.550 ms - 6279[0m
[0mGET /user/friendreq/5f3d641afb7aec29d8dfa524 [36m302[0m 140.483 ms - 162[0m
[0mGET /user/profile/5f3d641afb7aec29d8dfa524 [32m200[0m 108.819 ms - 6279[0m
[0mGET / [32m200[0m 553.622 ms - 65758[0m
[0mGET /upload/post/postimg/post_img-1600618449060 [33m404[0m 19.283 ms - 181[0m
[0mGET /user/friendreq/5f3d641afb7aec29d8dfa524 [36m302[0m 160.899 ms - 162[0m
[0mGET /user/profile/5f3d641afb7aec29d8dfa524 [32m200[0m 102.421 ms - 6279[0m
[0mGET / [32m200[0m 836.493 ms - 66651[0m
[0mGET /upload/post/postimg/post_img-1600618449060 [33m404[0m 37.398 ms - 181[0m
[0mGET /user/friendreq/5f3d641afb7aec29d8dfa524 [36m302[0m 629.598 ms - 162[0m
[0mGET /user/profile/5f3d641afb7aec29d8dfa524 [32m200[0m 179.681 ms - 6279[0m
[0mGET /user/friendreq/5f3d641afb7aec29d8dfa524 [36m302[0m 1017.487 ms - 81[0m
[0mGET /user/profile/5f3d641afb7aec29d8dfa524 [32m200[0m 103.610 ms - 6279[0m
[0mGET / [32m200[0m 1047.985 ms - 68437[0m
[0mGET /upload/post/postimg/post_img-1600618449060 [33m404[0m 31.073 ms - 181[0m
[0mGET /user/friendreq/cancel/607b0972b1cc6f4b6ca7bc7f [36m302[0m 102.644 ms - 88[0m
[0mGET / [32m200[0m 601.286 ms - 67544[0m
[0mGET /user/friendreq/cancel/607b097db1cc6f4b6ca7bc80 [36m302[0m 32.692 ms - 88[0m
[0mGET / [32m200[0m 384.344 ms - 66651[0m
[0mGET /upload/post/postimg/post_img-1600618449060 [33m404[0m 23.154 ms - 181[0m
[0mGET /user/friendreq/cancel/607b098ab1cc6f4b6ca7bc81 [36m302[0m 42.376 ms - 88[0m
[0mGET / [32m200[0m 740.336 ms - 65758[0m
[0mGET /user/friendreq/cancel/607b09b8214f4009d08a8c9f [36m302[0m 30.855 ms - 88[0m
[0mGET / [32m200[0m 385.532 ms - 64865[0m
[0mGET /upload/post/postimg/post_img-1600618449060 [33m404[0m 18.558 ms - 181[0m
[0mGET /user/friendreq/cancel/607b09f621470400f4351e45 [36m302[0m 45.488 ms - 88[0m
[0mGET / [32m200[0m 453.822 ms - 63972[0m
[0mGET /upload/post/postimg/post_img-1600618449060 [33m404[0m 21.100 ms - 181[0m
[0mGET /user/profile/5f3d641afb7aec29d8dfa524 [32m200[0m 74.950 ms - 6279[0m
[0mGET /user/friendreq/5f3d641afb7aec29d8dfa524 [36m302[0m 157.552 ms - 162[0m
[0mGET /user/profile/5f3d641afb7aec29d8dfa524 [32m200[0m 54.394 ms - 6279[0m
[0mGET / [32m200[0m 464.439 ms - 64865[0m
[0mGET /upload/post/postimg/post_img-1600618449060 [33m404[0m 28.114 ms - 181[0m
[0mGET /user/friendreq/5f3d641afb7aec29d8dfa524 [36m302[0m 100.878 ms - 162[0m
[0mGET /user/profile/5f3d641afb7aec29d8dfa524 [32m200[0m 65.910 ms - 6279[0m
[0mGET / [32m200[0m 439.601 ms - 65758[0m
[0mGET /upload/post/postimg/post_img-1600618449060 [33m404[0m 24.660 ms - 181[0m
[0mGET / [32m200[0m 938.837 ms - 65758[0m
[0mGET /upload/post/postimg/post_img-1600618449060 [33m404[0m 37.100 ms - 181[0m
[0mGET /user/friendreq/cancel/607b0a3fa133101de86108cd [36m302[0m 86.376 ms - 88[0m
[0mGET / [32m200[0m 437.171 ms - 64865[0m
[0mGET /upload/post/postimg/post_img-1600618449060 [33m404[0m 26.793 ms - 181[0m
[0mGET /user/friendreq/cancel/607b0a48a133101de86108ce [36m302[0m 41.949 ms - 88[0m
[0mGET / [32m200[0m 502.602 ms - 63972[0m
[0mGET /upload/post/postimg/post_img-1600618449060 [33m404[0m 24.377 ms - 181[0m
[0mGET /user/friendreq/5f3d641afb7aec29d8dfa524 [36m302[0m 218.155 ms - 162[0m
[0mGET /user/profile/5f3d641afb7aec29d8dfa524 [32m200[0m 74.645 ms - 6279[0m
[0mGET / [32m200[0m 749.458 ms - 64865[0m
[0mGET /upload/post/postimg/post_img-1600618449060 [33m404[0m 28.332 ms - 181[0m
[0mGET /user/friendreq/5f3d641afb7aec29d8dfa524 [36m302[0m 254.614 ms - 162[0m
[0mGET /user/profile/5f3d641afb7aec29d8dfa524 [32m200[0m 55.285 ms - 6279[0m
[0mGET / [32m200[0m 398.445 ms - 65758[0m
[0mGET /upload/post/postimg/post_img-1600618449060 [33m404[0m 39.532 ms - 181[0m
[0mGET /user/friendreq/cancel/607b0aa50f2f7a4fdc2a285f [36m302[0m 362.348 ms - 88[0m
[0mGET / [32m200[0m 300.340 ms - 64865[0m
[0mGET /upload/post/postimg/post_img-1600618449060 [33m404[0m 20.819 ms - 181[0m
[0mGET /user/friendreq/cancel/607b0b2cb0c7914aec60b44c [36m302[0m 43.435 ms - 88[0m
[0mGET / [32m200[0m 370.169 ms - 63972[0m
[0mGET /upload/post/postimg/post_img-1600618449060 [33m404[0m 22.266 ms - 181[0m
[0mGET /user/profile/5f3d641afb7aec29d8dfa524 [32m200[0m 118.391 ms - 6279[0m
[0mGET /user/friendreq/5f3d641afb7aec29d8dfa524 [36m302[0m 89.087 ms - 162[0m
[0mGET /user/profile/5f3d641afb7aec29d8dfa524 [32m200[0m 56.755 ms - 6279[0m
[0mGET /user/friendreq/5f3d641afb7aec29d8dfa524 [36m302[0m 333.351 ms - 162[0m
[0mGET /user/profile/5f3d641afb7aec29d8dfa524 [32m200[0m 98.046 ms - 6279[0m
[0mGET /user/friendreq/5f3d641afb7aec29d8dfa524 [36m302[0m 958.436 ms - 162[0m
[0mGET /user/profile/5f3d641afb7aec29d8dfa524 [32m200[0m 243.964 ms - 6279[0m
[0mGET / [32m200[0m 604.737 ms - 66651[0m
[0mGET /upload/post/postimg/post_img-1600618449060 [33m404[0m 34.855 ms - 181[0m
[0mGET /user/friendreq/cancel/607b0c3bf414760f4c11fc82 [36m302[0m 42.835 ms - 88[0m
[0mGET / [32m200[0m 354.649 ms - 65758[0m
[0mGET /upload/post/postimg/post_img-1600618449060 [33m404[0m 177.438 ms - 181[0m
[0mGET /user/friendreq/cancel/607b0c73e0a5242f0ce12928 [36m302[0m 29.362 ms - 88[0m
[0mGET / [32m200[0m 493.729 ms - 64865[0m
[0mGET /upload/post/postimg/post_img-1600618449060 [33m404[0m 22.583 ms - 181[0m
[0mGET /user/friendreq/cancel/607b0ca89d620e1f08933cd2 [36m302[0m 41.294 ms - 88[0m
[0mGET / [32m200[0m 403.067 ms - 63972[0m
[0mGET /upload/post/postimg/post_img-1600618449060 [33m404[0m 21.939 ms - 181[0m
[0mGET /user/friendreq/5f3d641afb7aec29d8dfa524 [36m302[0m 143.982 ms - 162[0m
[0mGET /user/profile/5f3d641afb7aec29d8dfa524 [32m200[0m 52.763 ms - 6279[0m
[0mGET / [32m200[0m 442.157 ms - 64865[0m
[0mGET /upload/post/postimg/post_img-1600618449060 [33m404[0m 24.086 ms - 181[0m
[0mGET /user/friendreq/5f3d641afb7aec29d8dfa524 [36m302[0m 258.906 ms - 162[0m
[0mGET /user/profile/5f3d641afb7aec29d8dfa524 [32m200[0m 72.147 ms - 6279[0m
[0mGET / [32m200[0m 401.861 ms - 65758[0m
[0mGET /upload/post/postimg/post_img-1600618449060 [33m404[0m 28.860 ms - 181[0m
[0mGET /user/friendreq/cancel/607b0cf9846b621a28f2a487 [36m302[0m 238.434 ms - 88[0m
[0mGET / [32m200[0m 695.159 ms - 64865[0m
[0mGET /upload/post/postimg/post_img-1600618449060 [33m404[0m 41.371 ms - 181[0m
[0mGET /user/friendreq/cancel/607b0d01846b621a28f2a488 [36m302[0m 46.710 ms - 88[0m
[0mGET / [32m200[0m 398.894 ms - 63972[0m
[0mGET /upload/post/postimg/post_img-1600618449060 [33m404[0m 30.950 ms - 181[0m
[0mGET / [32m200[0m 629.708 ms - 63972[0m
[0mGET /upload/post/postimg/post_img-1600618449060 [33m404[0m 26.276 ms - 181[0m
[0mGET /user/friendreq/5f3d641afb7aec29d8dfa524 [36m302[0m 260.362 ms - 162[0m
[0mGET /user/profile/5f3d641afb7aec29d8dfa524 [32m200[0m 99.209 ms - 6279[0m
[0mGET / [32m200[0m 463.974 ms - 64865[0m
[0mGET /upload/post/postimg/post_img-1600618449060 [33m404[0m 18.186 ms - 181[0m
[0mGET /user/friendreq/5f3d641afb7aec29d8dfa524 [36m302[0m 110.131 ms - 162[0m
[0mGET /user/profile/5f3d641afb7aec29d8dfa524 [32m200[0m 67.780 ms - 6279[0m
[0mGET /user/profile/5f3d641afb7aec29d8dfa524 [32m200[0m 46.257 ms - 6279[0m
[0mGET / [32m200[0m 359.018 ms - 65758[0m
[0mGET /upload/post/postimg/post_img-1600618449060 [33m404[0m 16.002 ms - 181[0m
[0mGET /user/friendreq/5f3d641afb7aec29d8dfa524 [36m302[0m 509.863 ms - 162[0m
[0mGET /user/profile/5f3d641afb7aec29d8dfa524 [32m200[0m 97.657 ms - 6279[0m
[0mGET / [32m200[0m 481.423 ms - 66651[0m
[0mGET /upload/post/postimg/post_img-1600618449060 [33m404[0m 24.769 ms - 181[0m
[0mGET /user/friendreq/cancel/607b0dc9c3de2d22d499ea51 [36m302[0m 218.899 ms - 88[0m
[0mGET / [32m200[0m 453.304 ms - 65758[0m
[0mGET /upload/post/postimg/post_img-1600618449060 [33m404[0m 31.944 ms - 181[0m
[0mGET / [32m200[0m 408.886 ms - 65758[0m
[0mGET /upload/post/postimg/post_img-1600618449060 [33m404[0m 25.259 ms - 181[0m
[0mGET / [32m200[0m 1344.393 ms - 65758[0m
[0mGET /upload/post/postimg/post_img-1600618449060 [33m404[0m 241.076 ms - 181[0m
[0mGET / [32m200[0m 863.517 ms - 65758[0m
[0mGET /upload/post/postimg/post_img-1600618449060 [33m404[0m 36.661 ms - 181[0m
[0mGET /user/friendreq/5f3d641afb7aec29d8dfa524 [36m302[0m 235.020 ms - 162[0m
[0mGET /user/profile/5f3d641afb7aec29d8dfa524 [32m200[0m 70.606 ms - 6279[0m
[0mGET / [32m200[0m 363.655 ms - 66651[0m
[0mGET /upload/post/postimg/post_img-1600618449060 [33m404[0m 32.948 ms - 181[0m
[0mGET /user/friendreq/5f3d641afb7aec29d8dfa524 [36m302[0m 245.374 ms - 162[0m
[0mGET /user/profile/5f3d641afb7aec29d8dfa524 [32m200[0m 110.816 ms - 6279[0m
[0mGET / [32m200[0m 453.608 ms - 66651[0m
[0mGET /upload/post/postimg/post_img-1600618449060 [33m404[0m 31.689 ms - 181[0m
[0mGET / [32m200[0m 354.316 ms - 66651[0m
[0mGET /upload/post/postimg/post_img-1600618449060 [33m404[0m 28.101 ms - 181[0m
[0mGET / [32m200[0m 500.216 ms - 25621[0m
[0mGET /upload/post/postimg/post_img-1600618449060 [33m404[0m 20.308 ms - 181[0m
[0mGET /user/sign_In [32m200[0m 62.486 ms - 6416[0m
[0mPOST /user/create-session [36m302[0m 76.968 ms - 46[0m
[0mGET / [32m200[0m 499.088 ms - 63993[0m
[0mGET /upload/post/postimg/post_img-1600618449060 [33m404[0m 20.673 ms - 181[0m
[0mGET / [32m200[0m 458.439 ms - 63116[0m
[0mGET /upload/post/postimg/post_img-1600618449060 [33m404[0m 56.632 ms - 181[0m
[0mGET /user/profile/5f3d641afb7aec29d8dfa524 [31m500[0m 68.477 ms - 2114[0m
[0mGET /user/profile/5f3d641afb7aec29d8dfa524 [31m500[0m 67.906 ms - 2114[0m
[0mGET /user/profile/5f3d641afb7aec29d8dfa524 [31m500[0m 65.175 ms - 2114[0m
[0mGET /user/profile/5f3d641afb7aec29d8dfa524 [31m500[0m 65.015 ms - 2114[0m
[0mGET /user/ [33m404[0m 41.854 ms - 144[0m
[0mGET / [32m200[0m 420.039 ms - 64172[0m
[0mGET /upload/post/postimg/post_img-1600618449060 [33m404[0m 20.159 ms - 181[0m
[0mGET /user/profile/5f468b815972b018780ad880 [32m200[0m 99.163 ms - 6291[0m
[0mGET /user/friendreq/5f468b815972b018780ad880 [36m302[0m 213.277 ms - 162[0m
[0mGET /user/profile/5f468b815972b018780ad880 [32m200[0m 50.015 ms - 6291[0m
[0mGET / [32m200[0m 456.426 ms - 64009[0m
[0mGET /upload/post/postimg/post_img-1600618449060 [33m404[0m 30.841 ms - 181[0m
[0mGET /user/profile/5f468b815972b018780ad880 [32m200[0m 84.815 ms - 6291[0m
[0mGET / [32m200[0m 281.889 ms - 64009[0m
[0mGET /upload/post/postimg/post_img-1600618449060 [33m404[0m 18.588 ms - 181[0m
[0mGET /user/friendreq/5f468b815972b018780ad880 [36m302[0m 97.437 ms - 162[0m
[0mGET /user/profile/5f468b815972b018780ad880 [32m200[0m 88.652 ms - 6291[0m
[0mGET / [32m200[0m 471.686 ms - 64009[0m
[0mGET /upload/post/postimg/post_img-1600618449060 [33m404[0m 19.698 ms - 181[0m
[0mGET /user/friendreq/cancel/607b172a8e1300548cefaaf7 [36m302[0m 157.001 ms - 88[0m
[0mGET / [32m200[0m 395.730 ms - 63116[0m
[0mGET /upload/post/postimg/post_img-1600618449060 [33m404[0m 19.806 ms - 181[0m
[0mGET /user/chatbox/?id=5f468b815972b018780ad880 [32m200[0m 66.736 ms - 6592[0m
[0mGET / [32m200[0m 334.356 ms - 64172[0m
[0mGET /upload/post/postimg/post_img-1600618449060 [33m404[0m 15.452 ms - 181[0m
[0mGET / [32m200[0m 1138.305 ms - 63116[0m
[0mGET /upload/post/postimg/post_img-1600618449060 [33m404[0m 27.478 ms - 181[0m
[0mGET /user/profile/5f539983e3ec643be08c4c37 [32m200[0m 94.115 ms - 6272[0m
[0mGET /user/profile/5f539983e3ec643be08c4c37 [32m200[0m 118.768 ms - 7415[0m
[0mGET /user/profile/5f539983e3ec643be08c4c37 [32m200[0m 127.106 ms - 7415[0m
[0mGET /user/profile/5f539983e3ec643be08c4c37 [32m200[0m 100.178 ms - 8441[0m
[0mGET /user/profile/5f539983e3ec643be08c4c37 [32m200[0m 99.829 ms - 7417[0m
[0mGET /user/profile/5f539983e3ec643be08c4c37 [32m200[0m 93.152 ms - 7197[0m
[0mGET /user/profile/5f468b815972b018780ad880 [32m200[0m 83.502 ms - 8592[0m
[0mGET /user/profile/5f468b815972b018780ad880 [32m200[0m 61.261 ms - 8592[0m
[0mGET /user/profile/5f539983e3ec643be08c4c37 [32m200[0m 101.067 ms - 7637[0m
[0mGET /user/profile/5f539983e3ec643be08c4c37 [32m200[0m 277.797 ms - 8903[0m
[0mGET /user/profile/5f539983e3ec643be08c4c37 [32m200[0m 105.151 ms - 8898[0m
[0mGET /user/profile/5f539983e3ec643be08c4c37 [32m200[0m 100.134 ms - 9210[0m
[0mGET /user/profile/5f539983e3ec643be08c4c37 [32m200[0m 123.744 ms - 9341[0m
[0mGET /user/profile/5f539983e3ec643be08c4c37 [32m200[0m 103.765 ms - 8360[0m
[0mGET /user/profile/5f539983e3ec643be08c4c37 [32m200[0m 73.963 ms - 10355[0m
[0mGET /user/profile/5f539983e3ec643be08c4c37 [32m200[0m 86.337 ms - 8302[0m
[0mGET /user/profile/5f539983e3ec643be08c4c37 [32m200[0m 65.917 ms - 8291[0m
[0mGET /user/profile/5f539983e3ec643be08c4c37 [32m200[0m 75.075 ms - 8300[0m
[0mGET /user/profile/5f539983e3ec643be08c4c37 [32m200[0m 117.988 ms - 8301[0m
[0mGET /user/profile/5f539983e3ec643be08c4c37 [32m200[0m 87.194 ms - 8298[0m
[0mGET /user/profile/5f539983e3ec643be08c4c37 [32m200[0m 106.997 ms - 8303[0m
[0mGET /user/profile/5f539983e3ec643be08c4c37 [32m200[0m 89.040 ms - 8309[0m
[0mGET /user/profile/5f539983e3ec643be08c4c37 [32m200[0m 95.186 ms - 8307[0m
[0mGET /user/profile/5f539983e3ec643be08c4c37 [32m200[0m 110.485 ms - 8307[0m
[0mGET /user/profile/5f539983e3ec643be08c4c37 [32m200[0m 81.043 ms - 8101[0m
[0mGET /user/profile/5f539983e3ec643be08c4c37 [32m200[0m 105.934 ms - 8105[0m
[0mGET /user/profile/5f539983e3ec643be08c4c37 [32m200[0m 121.161 ms - 8093[0m
[0mGET /user/profile/5f539983e3ec643be08c4c37 [32m200[0m 129.507 ms - 8119[0m
[0mGET /user/profile/5f539983e3ec643be08c4c37 [32m200[0m 92.102 ms - 8129[0m
[0mGET /user/profile/5f539983e3ec643be08c4c37 [32m200[0m 92.490 ms - 8134[0m
[0mGET /user/profile/5f539983e3ec643be08c4c37 [32m200[0m 92.377 ms - 8138[0m
[0mGET /user/profile/5f539983e3ec643be08c4c37 [32m200[0m 263.283 ms - 8380[0m
[0mGET / [32m200[0m 699.507 ms - 64392[0m
[0mGET /upload/post/postimg/post_img-1600618449060 [33m404[0m 25.701 ms - 181[0m
[0mGET / [32m200[0m 358.055 ms - 63336[0m
[0mGET /upload/post/postimg/post_img-1600618449060 [33m404[0m 19.218 ms - 181[0m
[0mGET / [32m200[0m 391.890 ms - 63336[0m
[0mGET /upload/post/postimg/post_img-1600618449060 [33m404[0m 22.018 ms - 181[0m
[0mGET / [32m200[0m 756.593 ms - 63336[0m
[0mGET /upload/post/postimg/post_img-1600618449060 [33m404[0m 17.176 ms - 181[0m
