[0mGET /user/profile/6076e50ff0066e02f8fe84e7 [36m302[0m 1464.386 ms - 70[0m
[0mGET /user/sign_In [31m500[0m 30101.957 ms - 433[0m
[0mGET / [0m-[0m - ms - -[0m
[0mGET / [32m200[0m 3255.183 ms - 45763[0m
[0mGET /favicon.ico [33m404[0m 49.085 ms - 150[0m
[0mGET / [32m200[0m 701.964 ms - 45763[0m
[0mGET /user/sign_In [32m200[0m 70.468 ms - 6416[0m
[0mGET /user/sign_Up [32m200[0m 97.588 ms - 6512[0m
[0mPOST /user/create [36m302[0m 252.053 ms - 70[0m
[0mGET /user/sign_In [32m200[0m 28.702 ms - 6667[0m
[0mPOST /user/create-session [36m302[0m 44.632 ms - 46[0m
[0mGET / [32m200[0m 990.384 ms - 110470[0m
[0mGET / [32m200[0m 648.726 ms - 110470[0m
[0mPOST /user/create-session [36m302[0m 25.992 ms - 46[0m
[0mGET / [32m200[0m 453.192 ms - 108843[0m
[0mGET / [32m200[0m 384.881 ms - 108843[0m
[0mGET /user/profile/5f539983e3ec643be08c4c37 [32m200[0m 626.306 ms - 26615[0m
[0mGET /user/profile/5f539983e3ec643be08c4c37/toggle_friend [36m302[0m 64.835 ms - 162[0m
[0mGET /user/profile/5f539983e3ec643be08c4c37 [32m200[0m 255.525 ms - 8294[0m
[0mGET / [32m200[0m 259.321 ms - 108447[0m
[0mGET / [32m200[0m 433.686 ms - 108447[0m
[0mGET /user/profile/5f539983e3ec643be08c4c37 [32m200[0m 74.049 ms - 8294[0m
[0mGET /user/friendreq/5f539983e3ec643be08c4c37 [36m302[0m 305.465 ms - 162[0m
[0mGET /user/profile/5f539983e3ec643be08c4c37 [32m200[0m 75.219 ms - 8294[0m
[0mGET / [32m200[0m 444.981 ms - 110922[0m
[0mGET / [32m200[0m 605.523 ms - 110922[0m
[0mGET /user/profile/6076e50ff0066e02f8fe84e7/toggle_friend/?pid=608118256546503214ee3963 [36m302[0m 34.237 ms - 88[0m
[0mGET / [32m200[0m 1655.853 ms - 110470[0m
[0mGET / [32m200[0m 539.826 ms - 110470[0m
[0mGET /user/profile/5f539983e3ec643be08c4c37 [32m200[0m 302.274 ms - 23999[0m
[0mGET /user/profile/5f539983e3ec643be08c4c37 [32m200[0m 95.629 ms - 23999[0m
[0mGET / [32m200[0m 356.901 ms - 110470[0m
[0mGET / [32m200[0m 452.811 ms - 110470[0m
[0mGET /user/profile/6076e50ff0066e02f8fe84e7 [32m200[0m 126.609 ms - 16869[0m
[0mGET / [32m200[0m 338.049 ms - 108843[0m
[0mGET / [32m200[0m 423.222 ms - 108843[0m
[0mGET /user/profile/5f539983e3ec643be08c4c37 [32m200[0m 95.020 ms - 22484[0m
[0mGET /user/profile/5f539983e3ec643be08c4c37 [32m200[0m 104.739 ms - 23212[0m
[0mGET /user/profile/6076e50ff0066e02f8fe84e7 [32m200[0m 94.902 ms - 18546[0m
[0mGET / [32m200[0m 314.318 ms - 110470[0m
[0mGET / [32m200[0m 553.137 ms - 110470[0m
[0mGET /sign-out [36m302[0m 26.895 ms - 70[0m
[0mGET /user/sign_In [32m200[0m 37.491 ms - 6654[0m
[0mPOST /user/create-session [36m302[0m 22.784 ms - 46[0m
[0mGET / [32m200[0m 329.248 ms - 106995[0m
[0mGET / [32m200[0m 229.105 ms - 106995[0m
[0mGET /user/profile/608117606546503214ee3962 [32m200[0m 83.551 ms - 11079[0m
[0mGET /user/profile/608117606546503214ee3962 [32m200[0m 56.108 ms - 11079[0m
[0mPOST /user/update/608117606546503214ee3962 [36m302[0m 134.836 ms - 162[0m
[0mGET /user/profile/608117606546503214ee3962 [32m200[0m 53.968 ms - 11398[0m
[0mGET /user/profile/608117606546503214ee3962 [32m200[0m 58.316 ms - 11161[0m
[0mGET / [32m200[0m 306.654 ms - 107036[0m
[0mGET / [32m200[0m 345.230 ms - 107036[0m
[0mGET / [32m200[0m 288.143 ms - 110511[0m
[0mGET / [32m200[0m 352.537 ms - 110511[0m
[0mGET /user/profile/6045da43469ce71314ccf8c3 [32m200[0m 77.967 ms - 8230[0m
[0mGET / [32m200[0m 323.168 ms - 110511[0m
[0mGET / [32m200[0m 494.921 ms - 110511[0m
[0mGET /user/profile/5f5b41738ec6da22cc6e3fd4 [32m200[0m 51.714 ms - 8281[0m
[0mGET / [32m200[0m 243.674 ms - 110511[0m
[0mGET / [32m200[0m 540.536 ms - 110511[0m
[0mGET /user/profile/6076e50ff0066e02f8fe84e7 [32m200[0m 110.195 ms - 18546[0m
[0mGET / [32m200[0m 327.783 ms - 110511[0m
[0mGET / [32m200[0m 426.428 ms - 110511[0m
[0mGET /user/profile/5f468b815972b018780ad880 [32m200[0m 346.348 ms - 32534[0m
[0mGET / [32m200[0m 300.116 ms - 110511[0m
[0mGET / [32m200[0m 296.853 ms - 110511[0m
[0mGET /user/profile/5f40c23b424c163b70d21cdf [32m200[0m 41.232 ms - 8266[0m
[0mGET / [32m200[0m 345.953 ms - 110511[0m
[0mGET / [32m200[0m 658.207 ms - 110511[0m
[0mGET /user/profile/5f53cb7e2eec89042862358a [32m200[0m 53.738 ms - 8250[0m
[0mGET / [32m200[0m 253.428 ms - 110511[0m
[0mGET / [32m200[0m 257.070 ms - 110511[0m
[0mPOST /like/toggle/?id=607d5bcd7fa5f0129ce93897&type=Post [32m200[0m 56.155 ms - 57[0m
[0mPOST /like/toggle/?id=607d5bcd7fa5f0129ce93897&type=Post [32m200[0m 40.003 ms - 58[0m
[0mPOST /like/toggle/?id=607d5eaf7f923e4948b95c04&type=Post [32m200[0m 44.282 ms - 58[0m
[0mGET /user/profile/5f539983e3ec643be08c4c37 [32m200[0m 186.458 ms - 23999[0m
[0mGET /user/profile/5f539983e3ec643be08c4c37 [32m200[0m 66.459 ms - 23999[0m
[0mGET / [32m200[0m 338.158 ms - 110511[0m
[0mGET / [32m200[0m 230.481 ms - 110511[0m
[0mGET / [32m200[0m 242.656 ms - 45763[0m
[0mGET / [32m200[0m 413.712 ms - 45763[0m
[0mGET /user/sign_In [32m200[0m 37.427 ms - 6416[0m
[0mPOST /user/create-session [36m302[0m 43.661 ms - 46[0m
[0mGET / [32m200[0m 297.208 ms - 107036[0m
[0mGET / [32m200[0m 384.461 ms - 107036[0m
[0mGET /user/profile/5f539983e3ec643be08c4c37 [32m200[0m 96.481 ms - 8298[0m
[0mGET /user/friendreq/5f539983e3ec643be08c4c37 [36m302[0m 109.351 ms - 162[0m
[0mGET /user/profile/5f539983e3ec643be08c4c37 [32m200[0m 100.297 ms - 8298[0m
[0mGET / [32m200[0m 306.134 ms - 111361[0m
[0mGET / [32m200[0m 372.986 ms - 111361[0m
[0mPOST /like/toggle/?id=607d5f927f923e4948b95c05&type=Post [32m200[0m 64.113 ms - 58[0m
[0mPOST /like/toggle/?id=607d5eaf7f923e4948b95c04&type=Post [32m200[0m 35.346 ms - 57[0m
[0mPOST /like/toggle/?id=607d5eaf7f923e4948b95c04&type=Post [32m200[0m 35.737 ms - 58[0m
[0mPOST /like/toggle/?id=6077280aa9ef7c1c3c4385c7&type=Post [32m200[0m 28.128 ms - 58[0m
[0mPOST /like/toggle/?id=6077291aa9ef7c1c3c4385c9&type=Post [32m200[0m 48.516 ms - 57[0m
[0mPOST /like/toggle/?id=6077291aa9ef7c1c3c4385c9&type=Post [32m200[0m 48.654 ms - 58[0m
[0mGET / [0m-[0m - ms - -[0m
[0mGET / [0m-[0m - ms - -[0m
[0mGET / [32m200[0m 4264.372 ms - 45769[0m
[0mGET / [32m200[0m 397.173 ms - 45769[0m
[0mGET /user/sign_In [32m200[0m 577.593 ms - 6416[0m
[0mPOST /user/create-session [36m302[0m 214.034 ms - 46[0m
[0mGET / [32m200[0m 1076.301 ms - 111367[0m
[0mGET / [32m200[0m 825.316 ms - 111367[0m
[0mGET /user/sign_In [32m200[0m 71.230 ms - 6416[0m
[0mPOST /user/create-session [36m302[0m 38.349 ms - 70[0m
[0mGET /user/sign_In [32m200[0m 22.925 ms - 6661[0m
[0mPOST /user/create-session [36m302[0m 36.216 ms - 70[0m
[0mGET /user/sign_In [32m200[0m 39.964 ms - 6661[0m
[0mPOST /user/create-session [36m302[0m 28.335 ms - 70[0m
[0mGET /user/sign_In [32m200[0m 30.143 ms - 6661[0m
[0mPOST /user/create-session [36m302[0m 31.079 ms - 46[0m
[0mGET / [32m200[0m 606.620 ms - 108890[0m
[0mGET / [32m200[0m 601.779 ms - 108890[0m
[0mGET /user/profile/5f539983e3ec643be08c4c37 [32m200[0m 713.356 ms - 23212[0m
[0mGET /user/profile/5f539983e3ec643be08c4c37 [32m200[0m 605.993 ms - 23215[0m
[0mGET / [32m200[0m 519.274 ms - 108890[0m
[0mGET / [32m200[0m 575.273 ms - 108890[0m
[0mGET /user/profile/5f539983e3ec643be08c4c37 [0m-[0m - ms - -[0m
[0mGET /user/profile/5f539983e3ec643be08c4c37 [32m200[0m 140.841 ms - 23215[0m
[0mGET /user/profile/5f539983e3ec643be08c4c37/toggle_friend [36m302[0m 90.663 ms - 162[0m
[0mGET /user/profile/5f539983e3ec643be08c4c37 [32m200[0m 111.026 ms - 23215[0m
[0mGET /user/profile/5f539983e3ec643be08c4c37 [32m200[0m 121.581 ms - 8364[0m
[0mGET /user/profile/5f539983e3ec643be08c4c37 [32m200[0m 308.258 ms - 8364[0m
[0mGET /user/friendreq/5f539983e3ec643be08c4c37 [32m200[0m 214.566 ms - 75[0m
[0mGET /user/profile/5f539983e3ec643be08c4c37 [32m200[0m 327.586 ms - 8364[0m
[0mPOST /user/friendreq/5f539983e3ec643be08c4c37 [36m302[0m 96.980 ms - 81[0m
[0mGET /user/profile/5f539983e3ec643be08c4c37 [32m200[0m 105.287 ms - 8364[0m
[0mGET /user/profile/5f539983e3ec643be08c4c37 [32m200[0m 128.298 ms - 8364[0m
[0mPOST /user/friendreq/5f539983e3ec643be08c4c37 [36m302[0m 82.391 ms - 81[0m
[0mGET /user/profile/5f539983e3ec643be08c4c37 [32m200[0m 105.160 ms - 8364[0m
[0mGET /user/profile/5f539983e3ec643be08c4c37 [32m200[0m 356.771 ms - 8364[0m
[0mPOST /user/friendreq/5f539983e3ec643be08c4c37 [36m302[0m 111.233 ms - 81[0m
[0mGET /user/profile/5f539983e3ec643be08c4c37 [32m200[0m 102.376 ms - 8364[0m
[0mGET / [32m200[0m 680.971 ms - 111819[0m
[0mGET / [32m200[0m 568.401 ms - 111819[0m
[0mGET /user/friendreq/cancel/608518156183fa2e5092ec47 [36m302[0m 88.652 ms - 88[0m
[0mGET / [32m200[0m 430.310 ms - 110973[0m
[0mGET / [32m200[0m 738.443 ms - 110973[0m
[0mGET /user/profile/5f539983e3ec643be08c4c37 [32m200[0m 89.886 ms - 8364[0m
[0mPOST /user/friendreq/5f539983e3ec643be08c4c37 [32m200[0m 220.566 ms - 75[0m
[0mGET / [32m200[0m 858.424 ms - 111819[0m
[0mGET / [32m200[0m 640.519 ms - 111819[0m
[0mGET /user/friendreq/cancel/6085193a63ca421fb85f4f1d [36m302[0m 175.285 ms - 88[0m
[0mGET / [32m200[0m 445.797 ms - 110973[0m
[0mGET / [32m200[0m 662.215 ms - 110973[0m
[0mGET /user/profile/5f539983e3ec643be08c4c37 [32m200[0m 114.471 ms - 8364[0m
[0mGET /user/profile/5f539983e3ec643be08c4c37 [32m200[0m 97.274 ms - 8364[0m
[0mPOST /user/friendreq/5f539983e3ec643be08c4c37 [32m200[0m 144.794 ms - 75[0m
[0mGET /user/friendreq/cancel/5f539983e3ec643be08c4c37 [0m-[0m - ms - -[0m
[0mGET /user/profile/5f539983e3ec643be08c4c37 [32m200[0m 100.827 ms - 8379[0m
[0mGET / [32m200[0m 541.373 ms - 111819[0m
[0mGET / [32m200[0m 574.082 ms - 111819[0m
[0mGET /user/friendreq/cancel/6085199e2a7aea1cf0087990 [36m302[0m 59.250 ms - 88[0m
[0mGET / [32m200[0m 369.168 ms - 110973[0m
[0mGET / [32m200[0m 548.009 ms - 110973[0m
[0mPOST /user/friendreq/5f539983e3ec643be08c4c37 [32m200[0m 110.082 ms - 75[0m
[0mGET /user/profile/5f539983e3ec643be08c4c37 [32m200[0m 368.319 ms - 8379[0m
[0mPOST /user/friendreq/5f539983e3ec643be08c4c37 [36m302[0m 138.327 ms - 81[0m
[0mGET /user/profile/5f539983e3ec643be08c4c37 [32m200[0m 115.390 ms - 8379[0m
[0mPOST /user/friendreq/5f539983e3ec643be08c4c37 [36m302[0m 62.865 ms - 81[0m
[0mGET /user/profile/5f539983e3ec643be08c4c37 [32m200[0m 76.031 ms - 8379[0m
[0mPOST /user/friendreq/5f539983e3ec643be08c4c37 [36m302[0m 60.680 ms - 81[0m
[0mGET /user/profile/5f539983e3ec643be08c4c37 [32m200[0m 86.812 ms - 8379[0m
[0mGET /user/profile/5f539983e3ec643be08c4c37 [32m200[0m 335.658 ms - 8379[0m
[0mGET /user/profile/5f539983e3ec643be08c4c37 [32m200[0m 297.999 ms - 8379[0m
[0mGET /user/profile/5f539983e3ec643be08c4c37 [32m200[0m 349.316 ms - 8294[0m
[0mGET /user/friendreq/5f539983e3ec643be08c4c37 [36m302[0m 166.477 ms - 162[0m
[0mGET /user/profile/5f539983e3ec643be08c4c37 [32m200[0m 107.408 ms - 8294[0m
[0mGET / [32m200[0m 1084.842 ms - 111819[0m
[0mGET / [32m200[0m 657.191 ms - 111819[0m
[0mGET /user/profile/6076e50ff0066e02f8fe84e7/toggle_friend/?pid=60851aae2a7aea1cf0087991 [36m302[0m 89.689 ms - 88[0m
[0mGET / [32m200[0m 986.429 ms - 111367[0m
[0mGET / [32m200[0m 484.051 ms - 111367[0m
[0mGET /user/profile/5f539983e3ec643be08c4c37 [32m200[0m 206.338 ms - 21535[0m
[0mGET /user/profile/5f539983e3ec643be08c4c37 [36m302[0m 403.508 ms - 162[0m
[0mGET /user/profile/5f539983e3ec643be08c4c37 [36m302[0m 87.599 ms - 162[0m
[0mGET /user/profile/5f539983e3ec643be08c4c37 [36m302[0m 95.842 ms - 162[0m
[0mGET /user/profile/5f539983e3ec643be08c4c37 [36m302[0m 90.803 ms - 162[0m
[0mGET /user/profile/5f539983e3ec643be08c4c37 [36m302[0m 92.038 ms - 162[0m
[0mGET /user/profile/5f539983e3ec643be08c4c37 [36m302[0m 76.475 ms - 162[0m
[0mGET /user/profile/5f539983e3ec643be08c4c37 [36m302[0m 86.240 ms - 162[0m
[0mGET /user/profile/5f539983e3ec643be08c4c37 [36m302[0m 113.652 ms - 162[0m
[0mGET /user/profile/5f539983e3ec643be08c4c37 [36m302[0m 104.394 ms - 162[0m
[0mGET /user/profile/5f539983e3ec643be08c4c37 [36m302[0m 93.866 ms - 162[0m
[0mGET /user/profile/5f539983e3ec643be08c4c37 [36m302[0m 58.154 ms - 162[0m
[0mGET /user/profile/5f539983e3ec643be08c4c37 [36m302[0m 61.359 ms - 162[0m
[0mGET /user/profile/5f539983e3ec643be08c4c37 [36m302[0m 57.402 ms - 162[0m
[0mGET /user/profile/5f539983e3ec643be08c4c37 [36m302[0m 83.737 ms - 162[0m
[0mGET /user/profile/5f539983e3ec643be08c4c37 [36m302[0m 87.624 ms - 162[0m
[0mGET /user/profile/5f539983e3ec643be08c4c37 [36m302[0m 55.041 ms - 162[0m
[0mGET /user/profile/5f539983e3ec643be08c4c37 [36m302[0m 54.490 ms - 162[0m
[0mGET /user/profile/5f539983e3ec643be08c4c37 [36m302[0m 57.047 ms - 162[0m
[0mGET /user/profile/5f539983e3ec643be08c4c37 [36m302[0m 51.760 ms - 162[0m
[0mGET /user/profile/5f539983e3ec643be08c4c37 [36m302[0m 59.125 ms - 162[0m
[0mGET /user/profile/5f539983e3ec643be08c4c37 [36m302[0m 105.283 ms - 162[0m
[0mGET /user/profile/5f539983e3ec643be08c4c37 [36m302[0m 103.540 ms - 162[0m
[0mGET /user/profile/5f539983e3ec643be08c4c37 [36m302[0m 60.607 ms - 162[0m
[0mGET /user/profile/5f539983e3ec643be08c4c37 [36m302[0m 98.628 ms - 162[0m
[0mGET /user/profile/5f539983e3ec643be08c4c37 [36m302[0m 81.880 ms - 162[0m
[0mGET /user/profile/5f539983e3ec643be08c4c37 [36m302[0m 89.637 ms - 162[0m
[0mGET /user/profile/5f539983e3ec643be08c4c37 [36m302[0m 56.227 ms - 162[0m
[0mGET /user/profile/5f539983e3ec643be08c4c37 [36m302[0m 59.058 ms - 162[0m
[0mGET /user/profile/5f539983e3ec643be08c4c37 [36m302[0m 49.779 ms - 162[0m
[0mGET /user/profile/5f539983e3ec643be08c4c37 [36m302[0m 51.270 ms - 162[0m
[0mGET /user/profile/5f539983e3ec643be08c4c37 [36m302[0m 91.108 ms - 162[0m
[0mGET /user/profile/5f539983e3ec643be08c4c37 [36m302[0m 46.272 ms - 162[0m
[0mGET /user/profile/5f539983e3ec643be08c4c37 [36m302[0m 39.620 ms - 162[0m
[0mGET /user/profile/5f539983e3ec643be08c4c37 [36m302[0m 73.312 ms - 162[0m
[0mGET /user/profile/5f539983e3ec643be08c4c37 [36m302[0m 108.285 ms - 162[0m
[0mGET /user/profile/5f539983e3ec643be08c4c37 [36m302[0m 59.095 ms - 162[0m
[0mGET /user/profile/5f539983e3ec643be08c4c37 [36m302[0m 118.341 ms - 162[0m
[0mGET /user/profile/5f539983e3ec643be08c4c37 [36m302[0m 67.923 ms - 162[0m
[0mGET /user/profile/5f539983e3ec643be08c4c37 [36m302[0m 69.806 ms - 162[0m
[0mGET /user/profile/5f539983e3ec643be08c4c37 [36m302[0m 52.411 ms - 162[0m
[0mGET /user/profile/5f539983e3ec643be08c4c37 [36m302[0m 77.357 ms - 162[0m
[0mGET /user/profile/5f539983e3ec643be08c4c37 [36m302[0m 89.625 ms - 162[0m
[0mGET /user/profile/5f539983e3ec643be08c4c37 [36m302[0m 68.039 ms - 162[0m
[0mGET /user/profile/5f539983e3ec643be08c4c37 [36m302[0m 99.644 ms - 162[0m
[0mGET /user/profile/5f539983e3ec643be08c4c37 [36m302[0m 62.783 ms - 162[0m
[0mGET /user/profile/5f539983e3ec643be08c4c37 [36m302[0m 61.246 ms - 162[0m
[0mGET /user/profile/5f539983e3ec643be08c4c37 [36m302[0m 57.697 ms - 162[0m
[0mGET /user/profile/5f539983e3ec643be08c4c37 [36m302[0m 56.164 ms - 162[0m
[0mGET /user/profile/5f539983e3ec643be08c4c37 [36m302[0m 59.835 ms - 162[0m
[0mGET /user/profile/5f539983e3ec643be08c4c37 [36m302[0m 63.315 ms - 162[0m
[0mGET /user/profile/5f539983e3ec643be08c4c37 [36m302[0m 53.295 ms - 162[0m
[0mGET /user/profile/5f539983e3ec643be08c4c37 [36m302[0m 52.799 ms - 162[0m
[0mGET /user/profile/5f539983e3ec643be08c4c37 [36m302[0m 58.573 ms - 162[0m
[0mGET /user/profile/5f539983e3ec643be08c4c37 [36m302[0m 60.478 ms - 162[0m
[0mGET /user/profile/5f539983e3ec643be08c4c37 [36m302[0m 81.648 ms - 162[0m
[0mGET /user/profile/5f539983e3ec643be08c4c37 [36m302[0m 51.142 ms - 162[0m
[0mGET /user/profile/5f539983e3ec643be08c4c37 [36m302[0m 50.681 ms - 162[0m
[0mGET /user/profile/5f539983e3ec643be08c4c37 [36m302[0m 49.811 ms - 162[0m
[0mGET /user/profile/5f539983e3ec643be08c4c37 [36m302[0m 45.485 ms - 162[0m
[0mGET /user/profile/5f539983e3ec643be08c4c37 [36m302[0m 61.663 ms - 162[0m
[0mGET /user/profile/5f539983e3ec643be08c4c37 [36m302[0m 75.376 ms - 162[0m
[0mGET /user/profile/5f539983e3ec643be08c4c37 [36m302[0m 95.301 ms - 162[0m
[0mGET /user/profile/5f539983e3ec643be08c4c37 [36m302[0m 69.061 ms - 162[0m
[0mGET /user/profile/5f539983e3ec643be08c4c37 [36m302[0m 58.846 ms - 162[0m
[0mGET /user/profile/5f539983e3ec643be08c4c37 [36m302[0m 64.461 ms - 162[0m
[0mGET /user/profile/5f539983e3ec643be08c4c37 [36m302[0m 66.426 ms - 162[0m
[0mGET /user/profile/5f539983e3ec643be08c4c37 [36m302[0m 69.546 ms - 162[0m
[0mGET /user/profile/5f539983e3ec643be08c4c37 [36m302[0m 64.184 ms - 162[0m
[0mGET /user/profile/5f539983e3ec643be08c4c37 [36m302[0m 62.974 ms - 162[0m
[0mGET /user/profile/5f539983e3ec643be08c4c37 [36m302[0m 51.176 ms - 162[0m
[0mGET /user/profile/5f539983e3ec643be08c4c37 [36m302[0m 55.284 ms - 162[0m
[0mGET /user/profile/5f539983e3ec643be08c4c37 [36m302[0m 36.747 ms - 162[0m
[0mGET /user/profile/5f539983e3ec643be08c4c37 [36m302[0m 42.746 ms - 162[0m
[0mGET /user/profile/5f539983e3ec643be08c4c37 [36m302[0m 47.717 ms - 162[0m
[0mGET /user/profile/5f539983e3ec643be08c4c37 [36m302[0m 44.729 ms - 162[0m
[0mGET /user/profile/5f539983e3ec643be08c4c37 [36m302[0m 44.575 ms - 162[0m
[0mGET /user/profile/5f539983e3ec643be08c4c37 [36m302[0m 55.895 ms - 162[0m
[0mGET /user/profile/5f539983e3ec643be08c4c37 [36m302[0m 40.204 ms - 162[0m
[0mGET /user/profile/5f539983e3ec643be08c4c37 [36m302[0m 41.133 ms - 162[0m
[0mGET /user/profile/5f539983e3ec643be08c4c37 [36m302[0m 49.201 ms - 162[0m
[0mGET /user/profile/5f539983e3ec643be08c4c37 [32m200[0m 486.989 ms - 21535[0m
[0mGET /user/profile/5f539983e3ec643be08c4c37/toggle_friend [36m302[0m 82.604 ms - 162[0m
[0mGET /user/profile/5f539983e3ec643be08c4c37 [32m200[0m 195.567 ms - 8350[0m
[0mGET /user/profile/5f539983e3ec643be08c4c37 [32m200[0m 159.742 ms - 8340[0m
[0mGET /user/friendreq/5f539983e3ec643be08c4c37 [36m302[0m 165.156 ms - 162[0m
[0mGET /user/profile/5f539983e3ec643be08c4c37 [32m200[0m 172.841 ms - 8344[0m
[0mGET / [32m200[0m 613.823 ms - 111819[0m
[0mGET / [32m200[0m 586.219 ms - 111819[0m
[0mGET /user/profile/6076e50ff0066e02f8fe84e7/toggle_friend/?pid=6085273be7a712142ccf2612 [36m302[0m 34.479 ms - 88[0m
[0mGET / [32m200[0m 485.568 ms - 111367[0m
[0mGET / [32m200[0m 670.258 ms - 111367[0m
[0mGET /user/profile/5f539983e3ec643be08c4c37 [32m200[0m 142.273 ms - 21535[0m
[0mGET /user/profile/5f539983e3ec643be08c4c37/toggle_friend [36m302[0m 53.343 ms - 162[0m
[0mGET /user/profile/5f539983e3ec643be08c4c37 [32m200[0m 305.878 ms - 8340[0m
[0mGET /user/friendreq/5f539983e3ec643be08c4c37 [36m302[0m 122.379 ms - 162[0m
[0mGET /user/profile/5f539983e3ec643be08c4c37 [32m200[0m 134.629 ms - 8344[0m
[0mGET / [32m200[0m 560.238 ms - 111819[0m
[0mGET / [32m200[0m 408.766 ms - 111819[0m
[0mGET /user/friendreq/cancle/5f539983e3ec643be08c4c37 [33m404[0m 36.359 ms - 185[0m
[0mGET /user/friendreq/cancle/5f539983e3ec643be08c4c37 [33m404[0m 18.319 ms - 185[0m
[0mGET /user/friendreq/cancle/5f539983e3ec643be08c4c37 [33m404[0m 16.721 ms - 185[0m
[0mGET /user/profile/5f539983e3ec643be08c4c37 [32m200[0m 254.672 ms - 8344[0m
[0mGET /user/friendreq/cancel/5f539983e3ec643be08c4c37 [0m-[0m - ms - -[0m
[0mGET /user/profile/5f539983e3ec643be08c4c37 [32m200[0m 352.609 ms - 8344[0m
[0mGET /user/friendreq/cancel/5f539983e3ec643be08c4c37 [0m-[0m - ms - -[0m
[0mGET /user/profile/5f539983e3ec643be08c4c37 [32m200[0m 387.994 ms - 8344[0m
[0mGET /user/profile/5f539983e3ec643be08c4c37 [32m200[0m 261.585 ms - 8344[0m
[0mGET /user/friendreq/cancel/5f539983e3ec643be08c4c37 [33m404[0m 39.882 ms - 185[0m
[0mGET /user/profile/5f539983e3ec643be08c4c37 [32m200[0m 367.485 ms - 8344[0m
[0mGET /user/friendreq/cancel/5f539983e3ec643be08c4c37 [33m404[0m 38.300 ms - 185[0m
[0mGET /user/profile/5f539983e3ec643be08c4c37 [32m200[0m 257.186 ms - 8344[0m
[0mGET /user/friendreq/cancel/5f539983e3ec643be08c4c37 [0m-[0m - ms - -[0m
[0mGET /user/profile/5f539983e3ec643be08c4c37 [32m200[0m 386.575 ms - 8344[0m
[0mGET /user/friendreq/cancel/5f539983e3ec643be08c4c37 [0m-[0m - ms - -[0m
[0mGET /user/profile/5f539983e3ec643be08c4c37 [32m200[0m 324.369 ms - 8344[0m
[0mGET /user/friendreq/cancel/5f539983e3ec643be08c4c37 [0m-[0m - ms - -[0m
[0mGET /user/profile/5f539983e3ec643be08c4c37 [32m200[0m 262.044 ms - 8344[0m
[0mGET /user/friendreq/cancel/5f539983e3ec643be08c4c37 [0m-[0m - ms - -[0m
[0mGET /user/profile/5f539983e3ec643be08c4c37 [32m200[0m 413.472 ms - 8344[0m
[0mGET /user/friendreq/cancel/5f539983e3ec643be08c4c37 [0m-[0m - ms - -[0m
[0mGET / [32m200[0m 730.901 ms - 111819[0m
[0mGET / [32m200[0m 672.081 ms - 111819[0m
[0mGET /user/profile/5f539983e3ec643be08c4c37 [32m200[0m 789.809 ms - 8344[0m
[0mGET /user/friendreq/cancel/5f539983e3ec643be08c4c37 [0m-[0m - ms - -[0m
[0mGET /user/profile/5f539983e3ec643be08c4c37 [32m200[0m 186.047 ms - 8344[0m
[0mGET /user/friendreq/cancel/5f539983e3ec643be08c4c37 [0m-[0m - ms - -[0m
[0mGET /user/profile/5f539983e3ec643be08c4c37 [32m200[0m 392.706 ms - 8344[0m
[0mGET /user/friendreq/cancel/5f539983e3ec643be08c4c37 [0m-[0m - ms - -[0m
[0mGET /user/profile/5f539983e3ec643be08c4c37 [32m200[0m 389.688 ms - 8344[0m
[0mGET /user/friendreq/cancel/5f539983e3ec643be08c4c37 [36m302[0m 284.125 ms - 162[0m
[0mGET /user/profile/5f539983e3ec643be08c4c37 [32m200[0m 88.919 ms - 8340[0m
[0mGET / [32m200[0m 686.096 ms - 110973[0m
[0mGET / [32m200[0m 467.991 ms - 110973[0m
[0mGET /user/friendreq/5f539983e3ec643be08c4c37 [36m302[0m 175.105 ms - 162[0m
[0mGET /user/profile/5f539983e3ec643be08c4c37 [32m200[0m 161.234 ms - 8344[0m
[0mGET / [32m200[0m 565.889 ms - 111819[0m
[0mGET / [32m200[0m 391.725 ms - 111819[0m
[0mGET /user/friendreq/cancel/5f539983e3ec643be08c4c37 [36m302[0m 164.284 ms - 162[0m
[0mGET /user/profile/5f539983e3ec643be08c4c37 [32m200[0m 130.087 ms - 8340[0m
[0mGET / [32m200[0m 422.330 ms - 110973[0m
[0mGET / [32m200[0m 534.792 ms - 110973[0m
[0mGET /user/profile/5f539983e3ec643be08c4c37 [32m200[0m 497.511 ms - 8340[0m
[0mGET /user/friendreq/5f539983e3ec643be08c4c37 [36m302[0m 120.579 ms - 162[0m
[0mGET /user/profile/5f539983e3ec643be08c4c37 [32m200[0m 102.740 ms - 8344[0m
[0mGET / [32m200[0m 501.852 ms - 111819[0m
[0mGET / [32m200[0m 603.082 ms - 111819[0m
[0mGET /user/friendreq/cancel/5f539983e3ec643be08c4c37 [36m302[0m 93.485 ms - 162[0m
[0mGET /user/profile/5f539983e3ec643be08c4c37 [32m200[0m 220.150 ms - 8344[0m
[0mGET /user/profile/5f539983e3ec643be08c4c37 [32m200[0m 154.029 ms - 8344[0m
[0mGET /user/friendreq/cancel/5f539983e3ec643be08c4c37 [36m302[0m 296.567 ms - 162[0m
[0mGET /user/profile/5f539983e3ec643be08c4c37 [32m200[0m 179.777 ms - 8340[0m
[0mGET / [32m200[0m 582.266 ms - 110973[0m
[0mGET / [32m200[0m 738.693 ms - 110973[0m
[0mGET /user/friendreq/5f539983e3ec643be08c4c37 [36m302[0m 212.780 ms - 162[0m
[0mGET /user/profile/5f539983e3ec643be08c4c37 [32m200[0m 149.320 ms - 8344[0m
[0mGET / [32m200[0m 495.806 ms - 111819[0m
[0mGET / [32m200[0m 613.325 ms - 111819[0m
[0mGET /user/profile/6076e50ff0066e02f8fe84e7/toggle_friend/?pid=608530062c2c8a22f4d49087 [36m302[0m 44.738 ms - 88[0m
[0mGET / [32m200[0m 637.591 ms - 111367[0m
[0mGET / [32m200[0m 418.193 ms - 111367[0m
[0mGET /user/profile/5f539983e3ec643be08c4c37 [32m200[0m 177.713 ms - 21535[0m
[0mGET /user/profile/5f539983e3ec643be08c4c37 [32m200[0m 1027.963 ms - 21535[0m
[0mGET /user/profile/5f539983e3ec643be08c4c37/toggle_friend [36m302[0m 246.436 ms - 162[0m
[0mGET /user/profile/5f539983e3ec643be08c4c37 [32m200[0m 688.448 ms - 8340[0m
[0mGET /user/friendreq/5f539983e3ec643be08c4c37 [36m302[0m 219.449 ms - 162[0m
[0mGET /user/profile/5f539983e3ec643be08c4c37 [32m200[0m 186.702 ms - 8337[0m
[0mGET / [32m200[0m 710.688 ms - 111819[0m
[0mGET / [32m200[0m 735.147 ms - 111819[0m
[0mGET /user/friendreq/5f539983e3ec643be08c4c37 [36m302[0m 121.368 ms - 162[0m
[0mGET /user/profile/5f539983e3ec643be08c4c37 [32m200[0m 145.919 ms - 8340[0m
[0mGET / [32m200[0m 435.555 ms - 110973[0m
[0mGET / [32m200[0m 619.709 ms - 110973[0m
