[0mGET / [32m200[0m 442.742 ms - 25841[0m
[0mGET /upload/post/postimg/post_img-1600618449060 [33m404[0m 24.257 ms - 181[0m
[0mGET /user/sign_In [32m200[0m 34.807 ms - 6636[0m
[0mGET /favicon.ico [33m404[0m 19.254 ms - 150[0m
[0mPOST /user/create-session [36m302[0m 100.096 ms - 70[0m
[0mGET /user/sign_In [32m200[0m 27.474 ms - 6881[0m
[0mPOST /user/create-session [36m302[0m 23.133 ms - 70[0m
[0mGET /user/sign_In [32m200[0m 27.600 ms - 6881[0m
[0mPOST /user/create-session [36m302[0m 29.885 ms - 46[0m
[0mGET / [32m200[0m 270.562 ms - 63329[0m
[0mGET /upload/post/postimg/post_img-1600618449060 [33m404[0m 38.751 ms - 181[0m
[0mGET /user/chatbox/?id=5f539983e3ec643be08c4c37 [32m200[0m 43.725 ms - 6793[0m
[0mGET /user/chatbox/?message=hello [32m200[0m 711.897 ms - 6793[0m
[0mGET /user/profile/5f468b815972b018780ad880 [32m200[0m 120.875 ms - 8399[0m
[0mGET /user/chatbox/?message=hello [32m200[0m 85.582 ms - 6793[0m
[0mGET /user/chatbox/?message=hello [32m200[0m 49.516 ms - 6793[0m
[0mGET /user/chatbox/?id=5f468b815972b018780ad880 [32m200[0m 52.583 ms - 6803[0m
[0mGET /user/chatbox/?message=hello [32m200[0m 56.368 ms - 6803[0m
[0mGET /user/chatbox/?message=hello [32m200[0m 57.851 ms - 6803[0m
[0mGET /user/chatbox/?id=5f539983e3ec643be08c4c37 [32m200[0m 175.451 ms - 6793[0m
[0mGET /user/profile/5f539983e3ec643be08c4c37 [32m200[0m 218.073 ms - 8380[0m
[0mGET / [32m200[0m 452.255 ms - 63327[0m
[0mGET /upload/post/postimg/post_img-1600618449060 [33m404[0m 53.121 ms - 181[0m
[0mGET / [32m200[0m 405.060 ms - 64383[0m
[0mGET /upload/post/postimg/post_img-1600618449060 [33m404[0m 25.223 ms - 181[0m
[0mGET /user/profile/5f539983e3ec643be08c4c37 [32m200[0m 118.644 ms - 8380[0m
[0mGET /user/friendreq/5f539983e3ec643be08c4c37 [36m302[0m 450.253 ms - 162[0m
[0mGET /user/profile/5f539983e3ec643be08c4c37 [32m200[0m 100.260 ms - 8380[0m
[0mGET / [32m200[0m 558.787 ms - 65266[0m
[0mGET /upload/post/postimg/post_img-1600618449060 [33m404[0m 26.399 ms - 181[0m
[0mGET /user/profile/5f468b815972b018780ad880/toggle_friend/?pid=607b2ab789236f55d06370d8 [36m302[0m 41.449 ms - 88[0m
[0mGET / [32m200[0m 642.880 ms - 64798[0m
[0mGET /upload/post/postimg/post_img-1600618449060 [33m404[0m 29.901 ms - 181[0m
[0mGET /user/profile/5f468b815972b018780ad880 [32m200[0m 85.446 ms - 8558[0m
[0mGET /user/chatbox/?id=5f468b815972b018780ad880 [32m200[0m 48.514 ms - 6803[0m
[0mGET /user/chatbox/?message=hello [32m200[0m 58.543 ms - 6803[0m
[0mGET / [32m200[0m 590.483 ms - 64798[0m
[0mGET /upload/post/postimg/post_img-1600618449060 [33m404[0m 37.271 ms - 181[0m
[0mGET /user/chatbox/?id=5f539983e3ec643be08c4c37 [32m200[0m 98.534 ms - 6793[0m
[0mGET /user/profile/5f539983e3ec643be08c4c37 [32m200[0m 122.949 ms - 8541[0m
[0mGET /user/chatbox/?id=5f539983e3ec643be08c4c37 [32m200[0m 65.547 ms - 6793[0m
[0mGET /user/chatbox/?message=hello [32m200[0m 54.702 ms - 6793[0m
[0mGET /user/chatbox/?id=5f539983e3ec643be08c4c37 [32m200[0m 58.540 ms - 6793[0m
[0mGET /user/profile/5f468b815972b018780ad880 [32m200[0m 85.536 ms - 9567[0m
[0mGET /user/profile/5f468b815972b018780ad880 [32m200[0m 71.695 ms - 9567[0m
[0mGET / [32m200[0m 532.887 ms - 63747[0m
[0mGET /upload/post/postimg/post_img-1600618449060 [33m404[0m 26.846 ms - 181[0m
[0mGET /user/profile/5f539983e3ec643be08c4c37 [32m200[0m 123.848 ms - 8579[0m
[0mGET /user/chatbox/?id=5f539983e3ec643be08c4c37 [32m200[0m 96.049 ms - 6793[0m
[0mGET / [32m200[0m 608.590 ms - 63756[0m
[0mGET /upload/post/postimg/post_img-1600618449060 [33m404[0m 33.385 ms - 181[0m
[0mGET /user/profile/5f539983e3ec643be08c4c37 [32m200[0m 137.382 ms - 8556[0m
[0mGET /user/chatbox/?id=5f539983e3ec643be08c4c37 [32m200[0m 61.720 ms - 6793[0m
[0mGET /user/chatbox/?message=hello [32m200[0m 48.523 ms - 6793[0m
[0mGET / [32m200[0m 801.424 ms - 63756[0m
[0mGET /upload/post/postimg/post_img-1600618449060 [33m404[0m 39.957 ms - 181[0m
[0mGET /user/profile/5f539983e3ec643be08c4c37 [32m200[0m 143.998 ms - 8556[0m
[0mGET / [32m200[0m 500.201 ms - 63756[0m
[0mGET /upload/post/postimg/post_img-1600618449060 [33m404[0m 19.685 ms - 181[0m
[0mGET /user/profile/5f40c23b424c163b70d21cdf [32m200[0m 97.444 ms - 8410[0m
[0mGET /user/profile/5f40c23b424c163b70d21cdf [32m200[0m 43.348 ms - 10668[0m
[0mGET / [32m200[0m 568.960 ms - 63765[0m
[0mGET /upload/post/postimg/post_img-1600618449060 [33m404[0m 15.835 ms - 181[0m
[0mGET /user/profile/5f539983e3ec643be08c4c37 [32m200[0m 125.158 ms - 10814[0m
[0mGET /user/profile/5f539983e3ec643be08c4c37 [32m200[0m 125.916 ms - 10822[0m
[0mGET / [32m200[0m 341.679 ms - 63765[0m
[0mGET /upload/post/postimg/post_img-1600618449060 [33m404[0m 26.910 ms - 181[0m
[0mGET /user/profile/5f40c23b424c163b70d21cdf [32m200[0m 90.167 ms - 8412[0m
[0mGET / [32m200[0m 486.402 ms - 63765[0m
[0mGET /upload/post/postimg/post_img-1600618449060 [33m404[0m 18.079 ms - 181[0m
[0mGET /user/profile/5f539983e3ec643be08c4c37 [32m200[0m 110.540 ms - 10822[0m
[0mGET /user/profile/5f539983e3ec643be08c4c37 [32m200[0m 131.164 ms - 10866[0m
[0mGET / [32m200[0m 451.921 ms - 63765[0m
[0mGET /user/profile/5f539983e3ec643be08c4c37 [32m200[0m 96.493 ms - 10866[0m
[0mGET /upload/post/postimg/post_img-1600618449060 [33m404[0m 17.917 ms - 181[0m
[0mGET / [32m200[0m 327.676 ms - 63765[0m
[0mGET /upload/post/postimg/post_img-1600618449060 [33m404[0m 47.428 ms - 181[0m
[0mGET /user/profile/5f40c23b424c163b70d21cdf [32m200[0m 76.120 ms - 8433[0m
[0mGET / [32m200[0m 482.954 ms - 63765[0m
[0mGET /upload/post/postimg/post_img-1600618449060 [33m404[0m 21.892 ms - 181[0m
[0mGET /user/profile/5f539983e3ec643be08c4c37 [32m200[0m 115.796 ms - 10866[0m
[0mGET /user/profile/5f539983e3ec643be08c4c37 [32m200[0m 68.377 ms - 10849[0m
[0mGET /user/profile/5f539983e3ec643be08c4c37 [32m200[0m 131.473 ms - 10849[0m
[0mGET /user/profile/5f539983e3ec643be08c4c37 [32m200[0m 76.895 ms - 10850[0m
[0mGET /user/chatbox/?id=5f539983e3ec643be08c4c37 [32m200[0m 140.303 ms - 6793[0m
[0mGET / [32m200[0m 474.108 ms - 63765[0m
[0mGET /upload/post/postimg/post_img-1600618449060 [33m404[0m 117.332 ms - 181[0m
[0mGET /user/profile/5f539983e3ec643be08c4c37 [32m200[0m 89.976 ms - 10908[0m
[0mGET / [32m200[0m 678.308 ms - 63765[0m
[0mGET /upload/post/postimg/post_img-1600618449060 [33m404[0m 48.150 ms - 181[0m
[0mGET /user/profile/5f539983e3ec643be08c4c37 [32m200[0m 175.199 ms - 10850[0m
[0mGET /user/profile/5f539983e3ec643be08c4c37 [32m200[0m 347.303 ms - 10850[0m
[0mGET / [32m200[0m 321.738 ms - 63765[0m
[0mGET /upload/post/postimg/post_img-1600618449060 [33m404[0m 17.482 ms - 181[0m
[0mGET /user/profile/5f539983e3ec643be08c4c37 [32m200[0m 127.997 ms - 10850[0m
[0mGET / [32m200[0m 808.224 ms - 63765[0m
[0mGET /upload/post/postimg/post_img-1600618449060 [33m404[0m 23.853 ms - 181[0m
[0mGET /user/profile/5f539983e3ec643be08c4c37 [32m200[0m 139.870 ms - 10850[0m
[0mGET / [32m200[0m 693.774 ms - 64816[0m
[0mGET /upload/post/postimg/post_img-1600618449060 [33m404[0m 42.336 ms - 181[0m
[0mGET /user/profile/5f468b815972b018780ad880 [32m200[0m 177.970 ms - 10867[0m
[0mGET /user/profile/undefined [36m302[0m 85.528 ms - 81[0m
[0mGET /user/profile/5f468b815972b018780ad880 [32m200[0m 123.843 ms - 10867[0m
[0mGET /user/profile/undefined [36m302[0m 127.738 ms - 81[0m
[0mGET /user/profile/5f539983e3ec643be08c4c37 [32m200[0m 113.907 ms - 10850[0m
[0mGET / [32m200[0m 367.931 ms - 63338[0m
[0mGET /upload/post/postimg/post_img-1600618449060 [33m404[0m 24.807 ms - 181[0m
[0mGET /upload/post/postimg/post_img-1600618449060 [33m404[0m 31.134 ms - 181[0m
[0mGET /user/profile/5f468b815972b018780ad880 [32m200[0m 110.641 ms - 8432[0m
[0mGET / [32m200[0m 492.755 ms - 63338[0m
[0mGET /upload/post/postimg/post_img-1600618449060 [33m404[0m 22.750 ms - 181[0m
[0mGET /upload/post/postimg/post_img-1600618449060 [33m404[0m 17.887 ms - 181[0m
[0mGET /user/profile/5f539983e3ec643be08c4c37 [32m200[0m 447.107 ms - 10894[0m
[0mGET /user/profile/5f539983e3ec643be08c4c37?message=hello [32m200[0m 172.826 ms - 10894[0m
[0mGET /user/profile/5f539983e3ec643be08c4c37 [32m200[0m 380.455 ms - 10894[0m
[0mGET / [32m200[0m 497.823 ms - 63765[0m
[0mGET /upload/post/postimg/post_img-1600618449060 [33m404[0m 18.213 ms - 181[0m
[0mGET /user/profile/5f539983e3ec643be08c4c37 [32m200[0m 37.847 ms - 10894[0m
[0mGET /user/profile/5f539983e3ec643be08c4c37?message=hello [32m200[0m 131.336 ms - 10894[0m
[0mGET / [32m200[0m 990.401 ms - 64816[0m
[0mGET /upload/post/postimg/post_img-1600618449060 [33m404[0m 12.234 ms - 181[0m
[0mGET /user/profile/5f468b815972b018780ad880 [32m200[0m 104.803 ms - 10911[0m
[0mGET /user/profile/5f468b815972b018780ad880?message=hello [32m200[0m 101.669 ms - 10911[0m
[0mGET / [32m200[0m 1852.833 ms - 64816[0m
[0mGET /user/profile/5f468b815972b018780ad880 [32m200[0m 550.434 ms - 11043[0m
[0mGET /user/profile/5f468b815972b018780ad880 [32m200[0m 102.452 ms - 11001[0m
[0mGET / [32m200[0m 377.710 ms - 64816[0m
[0mGET /user/profile/5f468b815972b018780ad880 [32m200[0m 56.427 ms - 11001[0m
[0mGET /upload/post/postimg/post_img-1600618449060 [33m404[0m 11.141 ms - 181[0m
[0mGET / [32m200[0m 553.833 ms - 64816[0m
[0mGET /upload/post/postimg/post_img-1600618449060 [33m404[0m 15.405 ms - 181[0m
[0mGET /user/profile/5f468b815972b018780ad880 [32m200[0m 36.013 ms - 11004[0m
[0mGET / [32m200[0m 819.226 ms - 64816[0m
[0mGET /user/profile/5f468b815972b018780ad880 [32m200[0m 77.128 ms - 10911[0m
[0mGET /upload/post/postimg/post_img-1600618449060 [0m-[0m - ms - -[0m
[0mGET / [32m200[0m 649.531 ms - 63765[0m
[0mGET /upload/post/postimg/post_img-1600618449060 [33m404[0m 40.353 ms - 181[0m
[0mGET /user/profile/5f539983e3ec643be08c4c37 [32m200[0m 167.378 ms - 10896[0m
[0mGET / [32m200[0m 402.837 ms - 64816[0m
[0mGET /upload/post/postimg/post_img-1600618449060 [33m404[0m 10.016 ms - 181[0m
[0mGET /user/profile/5f468b815972b018780ad880 [32m200[0m 191.833 ms - 10913[0m
[0mGET / [32m200[0m 635.257 ms - 64979[0m
[0mGET /upload/post/postimg/post_img-1600618449060 [33m404[0m 30.018 ms - 181[0m
[0mGET /user/profile/5f468b815972b018780ad880 [32m200[0m 136.297 ms - 11085[0m
[0mGET / [32m200[0m 399.588 ms - 64979[0m
[0mGET /upload/post/postimg/post_img-1600618449060 [33m404[0m 12.327 ms - 181[0m
[0mGET /user/profile/5f468b815972b018780ad880 [32m200[0m 53.859 ms - 11085[0m
[0mGET / [32m200[0m 780.360 ms - 63928[0m
[0mGET /upload/post/postimg/post_img-1600618449060 [33m404[0m 38.940 ms - 181[0m
[0mGET /user/profile/5f539983e3ec643be08c4c37 [32m200[0m 408.357 ms - 11073[0m
[0mGET / [32m200[0m 833.890 ms - 63928[0m
[0mGET /upload/post/postimg/post_img-1600618449060 [33m404[0m 37.301 ms - 181[0m
[0mGET /user/profile/5f539983e3ec643be08c4c37 [32m200[0m 170.057 ms - 11073[0m
[0mGET / [32m200[0m 601.804 ms - 63928[0m
[0mGET /upload/post/postimg/post_img-1600618449060 [33m404[0m 36.462 ms - 181[0m
[0mGET /user/profile/5f539983e3ec643be08c4c37 [32m200[0m 71.705 ms - 11073[0m
[0mGET / [32m200[0m 1382.988 ms - 63928[0m
[0mGET /upload/post/postimg/post_img-1600618449060 [33m404[0m 17.578 ms - 181[0m
[0mGET / [32m200[0m 444.865 ms - 64979[0m
[0mGET /upload/post/postimg/post_img-1600618449060 [33m404[0m 45.300 ms - 181[0m
[0mGET /user/profile/5f539983e3ec643be08c4c37 [32m200[0m 168.275 ms - 11073[0m
[0mGET /user/profile/5f468b815972b018780ad880 [32m200[0m 135.520 ms - 11085[0m
[0mGET / [32m200[0m 809.887 ms - 64979[0m
[0mGET /upload/post/postimg/post_img-1600618449060 [33m404[0m 24.352 ms - 181[0m
[0mGET /user/profile/5f468b815972b018780ad880 [32m200[0m 118.281 ms - 11085[0m
[0mGET / [32m200[0m 361.122 ms - 63928[0m
[0mGET /upload/post/postimg/post_img-1600618449060 [33m404[0m 24.545 ms - 181[0m
[0mGET /user/profile/5f539983e3ec643be08c4c37 [32m200[0m 110.531 ms - 11073[0m
[0mGET / [32m200[0m 776.865 ms - 63928[0m
[0mGET /upload/post/postimg/post_img-1600618449060 [33m404[0m 32.953 ms - 181[0m
[0mGET /user/profile/5f539983e3ec643be08c4c37 [32m200[0m 67.383 ms - 11073[0m
[0mGET / [32m200[0m 336.801 ms - 63957[0m
[0mGET /upload/post/postimg/post_img-1600618449060 [33m404[0m 69.964 ms - 181[0m
[0mGET /user/profile/5f539983e3ec643be08c4c37 [32m200[0m 222.613 ms - 11102[0m
[0mGET / [32m200[0m 579.007 ms - 63957[0m
[0mGET /upload/post/postimg/post_img-1600618449060 [33m404[0m 20.868 ms - 181[0m
[0mGET /user/profile/5f539983e3ec643be08c4c37 [32m200[0m 141.408 ms - 11102[0m
[0mGET /user/profile/5f539983e3ec643be08c4c37 [32m200[0m 141.906 ms - 11058[0m
[0mGET / [32m200[0m 501.753 ms - 63913[0m
[0mGET /upload/post/postimg/post_img-1600618449060 [33m404[0m 17.225 ms - 181[0m
[0mGET /user/profile/5f539983e3ec643be08c4c37 [32m200[0m 1016.686 ms - 11102[0m
[0mGET / [32m200[0m 842.318 ms - 65008[0m
[0mGET /user/profile/5f468b815972b018780ad880 [32m200[0m 44.759 ms - 11114[0m
[0mGET / [32m200[0m 826.955 ms - 65008[0m
[0mGET /upload/post/postimg/post_img-1600618449060 [33m404[0m 7.963 ms - 181[0m
[0mGET / [32m200[0m 542.883 ms - 65008[0m
[0mGET /upload/post/postimg/post_img-1600618449060 [33m404[0m 15.988 ms - 181[0m
[0mGET / [32m200[0m 393.205 ms - 62551[0m
[0mGET /upload/post/postimg/post_img-1600618449060 [33m404[0m 18.337 ms - 181[0m
[0mGET /user/profile/5f539983e3ec643be08c4c37 [32m200[0m 165.333 ms - 11102[0m
[0mGET / [32m200[0m 344.348 ms - 61500[0m
[0mGET /upload/post/postimg/post_img-1600618449060 [33m404[0m 15.536 ms - 181[0m
[0mGET /user/profile/5f539983e3ec643be08c4c37 [32m200[0m 135.022 ms - 11102[0m
[0mGET /user/profile/5f468b815972b018780ad880 [32m200[0m 112.631 ms - 11114[0m
[0mGET /user/profile/5f539983e3ec643be08c4c37 [32m200[0m 979.322 ms - 11129[0m
[0mGET / [32m200[0m 1404.376 ms - 61500[0m
[0mGET / [32m200[0m 607.407 ms - 62551[0m
[0mGET /upload/post/postimg/post_img-1600618449060 [33m404[0m 13.777 ms - 181[0m
[0mGET /user/profile/5f468b815972b018780ad880 [32m200[0m 1276.960 ms - 11141[0m
[0mGET /user/profile/5f539983e3ec643be08c4c37 [32m200[0m 395.756 ms - 11129[0m
[0mGET / [32m200[0m 753.133 ms - 62551[0m
[0mGET /upload/post/postimg/post_img-1600618449060 [33m404[0m 14.607 ms - 181[0m
[0mGET /user/profile/5f468b815972b018780ad880 [32m200[0m 66.081 ms - 11141[0m
[0mGET / [32m200[0m 933.437 ms - 62551[0m
[0mGET /upload/post/postimg/post_img-1600618449060 [33m404[0m 146.741 ms - 181[0m
[0mGET /user/profile/5f468b815972b018780ad880 [32m200[0m 124.234 ms - 11141[0m
[0mGET / [32m200[0m 498.782 ms - 61500[0m
[0mGET /upload/post/postimg/post_img-1600618449060 [33m404[0m 13.790 ms - 181[0m
[0mGET /user/profile/5f539983e3ec643be08c4c37 [32m200[0m 86.605 ms - 11129[0m
[0mGET /user/profile/5f539983e3ec643be08c4c37 [32m200[0m 129.013 ms - 11129[0m
[0mGET / [32m200[0m 766.703 ms - 61500[0m
[0mGET /upload/post/postimg/post_img-1600618449060 [33m404[0m 30.846 ms - 181[0m
[0mGET /user/profile/5f539983e3ec643be08c4c37 [32m200[0m 316.321 ms - 11129[0m
[0mGET / [32m200[0m 493.435 ms - 62551[0m
[0mGET /upload/post/postimg/post_img-1600618449060 [33m404[0m 27.617 ms - 181[0m
[0mGET /user/profile/5f468b815972b018780ad880 [32m200[0m 50.263 ms - 11141[0m
[0mGET / [32m200[0m 569.222 ms - 62551[0m
[0mGET /upload/post/postimg/post_img-1600618449060 [33m404[0m 28.399 ms - 181[0m
[0mGET /user/profile/5f468b815972b018780ad880 [32m200[0m 263.029 ms - 11141[0m
[0mGET / [32m200[0m 293.027 ms - 61500[0m
[0mGET /upload/post/postimg/post_img-1600618449060 [33m404[0m 31.102 ms - 181[0m
[0mGET /user/profile/5f539983e3ec643be08c4c37 [32m200[0m 187.743 ms - 11129[0m
[0mGET / [32m200[0m 1682.527 ms - 61500[0m
[0mGET /upload/post/postimg/post_img-1600618449060 [33m404[0m 25.972 ms - 181[0m
[0mGET /user/profile/5f539983e3ec643be08c4c37 [32m200[0m 463.425 ms - 11129[0m
[0mGET / [32m200[0m 1242.024 ms - 62551[0m
[0mGET /upload/post/postimg/post_img-1600618449060 [33m404[0m 27.486 ms - 181[0m
[0mGET /user/profile/5f468b815972b018780ad880 [32m200[0m 105.169 ms - 11141[0m
[0mGET /user/profile/5f539983e3ec643be08c4c37 [32m200[0m 420.834 ms - 11129[0m
[0mGET /user/profile/5f468b815972b018780ad880 [32m200[0m 157.538 ms - 11141[0m
[0mGET /user/profile/5f468b815972b018780ad880 [32m200[0m 513.940 ms - 11141[0m
[0mGET / [32m200[0m 1132.947 ms - 62551[0m
[0mGET /upload/post/postimg/post_img-1600618449060 [33m404[0m 69.153 ms - 181[0m
[0mGET / [32m200[0m 1639.663 ms - 61500[0m
[0mGET /upload/post/postimg/post_img-1600618449060 [33m404[0m 72.113 ms - 181[0m
[0mGET /user/profile/5f539983e3ec643be08c4c37 [32m200[0m 474.546 ms - 11129[0m
[0mGET /user/profile/5f468b815972b018780ad880 [32m200[0m 326.536 ms - 11141[0m
[0mGET /user/profile/5f468b815972b018780ad880 [32m200[0m 528.933 ms - 11141[0m
[0mGET /user/profile/5f468b815972b018780ad880 [32m200[0m 857.987 ms - 11141[0m
[0mGET /user/profile/5f468b815972b018780ad880 [32m200[0m 2156.692 ms - 11141[0m
[0mGET /user/profile/5f468b815972b018780ad880 [32m200[0m 1367.613 ms - 11141[0m
[0mGET /user/profile/5f468b815972b018780ad880 [32m200[0m 1340.644 ms - 11141[0m
[0mGET / [32m200[0m 938.775 ms - 62551[0m
[0mGET /upload/post/postimg/post_img-1600618449060 [33m404[0m 31.851 ms - 181[0m
[0mGET /user/profile/5f468b815972b018780ad880 [32m200[0m 137.354 ms - 11141[0m
[0mGET / [32m200[0m 265.755 ms - 61500[0m
[0mGET /upload/post/postimg/post_img-1600618449060 [33m404[0m 29.388 ms - 181[0m
[0mGET /user/profile/5f539983e3ec643be08c4c37 [32m200[0m 934.586 ms - 11129[0m
[0mGET /user/profile/5f539983e3ec643be08c4c37 [32m200[0m 669.188 ms - 11129[0m
[0mGET /user/profile/5f539983e3ec643be08c4c37 [32m200[0m 268.731 ms - 11129[0m
[0mGET /user/profile/5f539983e3ec643be08c4c37 [32m200[0m 188.252 ms - 11129[0m
[0mGET /user/profile/5f539983e3ec643be08c4c37 [32m200[0m 1470.682 ms - 11129[0m
[0mGET /user/profile/5f539983e3ec643be08c4c37 [0m-[0m - ms - -[0m
[0mGET /user/profile/5f539983e3ec643be08c4c37 [32m200[0m 1088.162 ms - 11129[0m
[0mGET /user/profile/5f539983e3ec643be08c4c37?message=adjasdjlkasjdljas [32m200[0m 203.575 ms - 11129[0m
[0mGET /user/profile/5f539983e3ec643be08c4c37?message=adjasdjlkasjdljas [32m200[0m 641.185 ms - 11129[0m
[0mGET /user/profile/5f539983e3ec643be08c4c37?message=adjasdjlkasjdljas [32m200[0m 493.291 ms - 11129[0m
[0mGET /user/profile/5f468b815972b018780ad880 [32m200[0m 526.642 ms - 11141[0m
[0mGET /user/profile/5f468b815972b018780ad880 [31m500[0m 293.853 ms - 2347[0m
[0mGET /user/profile/5f468b815972b018780ad880 [31m500[0m 62.283 ms - 2609[0m
[0mGET / [32m200[0m 881.149 ms - 62551[0m
[0mGET /upload/post/postimg/post_img-1600618449060 [33m404[0m 21.558 ms - 181[0m
[0mGET /user/profile/5f468b815972b018780ad880 [31m500[0m 722.677 ms - 2609[0m
[0mGET /user/profile/5f468b815972b018780ad880 [31m500[0m 332.430 ms - 2605[0m
[0mGET /user/profile/5f468b815972b018780ad880 [31m500[0m 507.698 ms - 2605[0m
[0mGET / [0m-[0m - ms - -[0m
[0mGET / [32m200[0m 2787.217 ms - 62551[0m
[0mGET / [32m200[0m 806.828 ms - 62551[0m
[0mGET /user/profile/5f468b815972b018780ad880 [31m500[0m 253.608 ms - 2605[0m
[0mGET / [32m200[0m 1174.286 ms - 62551[0m
[0mGET /user/profile/5f468b815972b018780ad880 [31m500[0m 734.275 ms - 2408[0m
[0mGET /user/profile/5f468b815972b018780ad880 [31m500[0m 718.529 ms - 2418[0m
[0mGET /user/profile/5f468b815972b018780ad880 [31m500[0m 220.317 ms - 2302[0m
[0mGET /user/profile/5f468b815972b018780ad880 [31m500[0m 382.578 ms - 2318[0m
[0mGET /user/profile/5f468b815972b018780ad880 [31m500[0m 535.129 ms - 2302[0m
[0mGET /user/profile/5f468b815972b018780ad880 [31m500[0m 173.275 ms - 2019[0m
[0mGET /user/profile/5f468b815972b018780ad880 [31m500[0m 216.637 ms - 2041[0m
[0mGET /user/profile/5f468b815972b018780ad880 [31m500[0m 188.869 ms - 2310[0m
[0mGET /user/profile/5f468b815972b018780ad880 [32m200[0m 201.200 ms - 13745[0m
[0mGET /user/profile/5f468b815972b018780ad880 [32m200[0m 227.128 ms - 13225[0m
[0mGET /user/profile/5f468b815972b018780ad880 [32m200[0m 144.518 ms - 13997[0m
[0mGET /user/profile/5f468b815972b018780ad880 [32m200[0m 209.567 ms - 12177[0m
[0mGET /user/profile/5f468b815972b018780ad880 [31m500[0m 355.229 ms - 2349[0m
[0mGET /user/profile/5f468b815972b018780ad880 [32m200[0m 232.856 ms - 15315[0m
[0mGET /user/profile/5f539983e3ec643be08c4c37?message=adjasdjlkasjdljas [32m200[0m 225.211 ms - 15303[0m
[0mGET /user/profile/5f539983e3ec643be08c4c37?message=adjasdjlkasjdljas [32m200[0m 307.126 ms - 15303[0m
[0mGET /user/profile/5f539983e3ec643be08c4c37?message=adjasdjlkasjdljas [32m200[0m 195.790 ms - 14577[0m
[0mGET /user/profile/5f539983e3ec643be08c4c37?message=adjasdjlkasjdljas [31m500[0m 190.842 ms - 2651[0m
[0mGET /user/profile/5f539983e3ec643be08c4c37?message=adjasdjlkasjdljas [31m500[0m 197.449 ms - 2690[0m
[0mGET /user/profile/5f539983e3ec643be08c4c37?message=adjasdjlkasjdljas [32m200[0m 209.236 ms - 14401[0m
[0mGET /user/profile/5f539983e3ec643be08c4c37?message=adjasdjlkasjdljas [32m200[0m 235.465 ms - 14357[0m
[0mGET /user/profile/5f468b815972b018780ad880 [32m200[0m 482.514 ms - 14967[0m
[0mGET /user/profile/5f468b815972b018780ad880 [32m200[0m 195.589 ms - 14967[0m
[0mGET /user/profile/5f539983e3ec643be08c4c37?message=adjasdjlkasjdljas [32m200[0m 397.806 ms - 14724[0m
[0mGET /user/profile/5f539983e3ec643be08c4c37?message=adjasdjlkasjdljas [32m200[0m 1006.207 ms - 14771[0m
[0mGET /user/profile/5f468b815972b018780ad880 [32m200[0m 401.451 ms - 15456[0m
[0mGET /user/profile/5f539983e3ec643be08c4c37?message=adjasdjlkasjdljas [32m200[0m 258.949 ms - 15580[0m
[0mGET /user/profile/5f539983e3ec643be08c4c37?message=adjasdjlkasjdljas [32m200[0m 295.120 ms - 15580[0m
[0mGET /user/profile/5f539983e3ec643be08c4c37?message=adjasdjlkasjdljas [32m200[0m 482.809 ms - 15947[0m
[0mGET /user/profile/5f539983e3ec643be08c4c37?message=adjasdjlkasjdljas [32m200[0m 453.639 ms - 15794[0m
[0mGET /user/profile/5f539983e3ec643be08c4c37?message=adjasdjlkasjdljas [32m200[0m 417.171 ms - 15794[0m
[0mGET /user/profile/5f468b815972b018780ad880 [32m200[0m 151.344 ms - 16182[0m
[0mGET /user/profile/5f539983e3ec643be08c4c37?message=adjasdjlkasjdljas [32m200[0m 194.495 ms - 16253[0m
[0mGET /user/profile/5f539983e3ec643be08c4c37?message=adjasdjlkasjdljas [32m200[0m 574.408 ms - 17047[0m
[0mGET /user/profile/5f468b815972b018780ad880 [32m200[0m 405.296 ms - 17785[0m
[0mGET /user/profile/5f539983e3ec643be08c4c37?message=adjasdjlkasjdljas [32m200[0m 217.397 ms - 17841[0m
[0mGET /user/profile/5f539983e3ec643be08c4c37?message=adjasdjlkasjdljas [32m200[0m 678.640 ms - 18031[0m
[0mGET /user/profile/5f468b815972b018780ad880 [32m200[0m 348.215 ms - 18790[0m
[0mGET /user/profile/5f468b815972b018780ad880 [32m200[0m 376.265 ms - 18790[0m
[0mGET /user/profile/5f468b815972b018780ad880 [32m200[0m 442.398 ms - 18790[0m
[0mGET /user/profile/5f539983e3ec643be08c4c37?message=adjasdjlkasjdljas [32m200[0m 444.860 ms - 19228[0m
[0mGET /user/profile/5f468b815972b018780ad880 [32m200[0m 851.559 ms - 20070[0m
[0mGET /user/profile/5f539983e3ec643be08c4c37?message=adjasdjlkasjdljas [32m200[0m 156.141 ms - 20044[0m
[0mGET /user/profile/5f468b815972b018780ad880 [32m200[0m 584.332 ms - 20888[0m
[0mGET /user/profile/5f539983e3ec643be08c4c37?message=adjasdjlkasjdljas [32m200[0m 225.028 ms - 20406[0m
[0mGET / [32m200[0m 453.353 ms - 62551[0m
[0mGET /upload/post/postimg/post_img-1600618449060 [33m404[0m 39.208 ms - 181[0m
[0mGET /user/profile/5f468b815972b018780ad880 [32m200[0m 312.690 ms - 20888[0m
[0mGET /user/profile/5f539983e3ec643be08c4c37?message=adjasdjlkasjdljas [32m200[0m 331.842 ms - 20437[0m
[0mGET /user/profile/5f539983e3ec643be08c4c37?message=adjasdjlkasjdljas [32m200[0m 148.067 ms - 20497[0m
[0mGET /user/profile/5f539983e3ec643be08c4c37?message=adjasdjlkasjdljas [32m200[0m 212.330 ms - 20501[0m
[0mGET /user/profile/5f539983e3ec643be08c4c37?message=adjasdjlkasjdljas [32m200[0m 242.943 ms - 20503[0m
[0mGET /user/profile/5f539983e3ec643be08c4c37?message=adjasdjlkasjdljas [32m200[0m 800.673 ms - 20565[0m
[0mGET /user/profile/5f539983e3ec643be08c4c37?message=adjasdjlkasjdljas [32m200[0m 250.159 ms - 20565[0m
[0mGET /user/profile/5f539983e3ec643be08c4c37?message=adjasdjlkasjdljas [32m200[0m 257.813 ms - 20565[0m
[0mGET /user/profile/5f539983e3ec643be08c4c37?message=adjasdjlkasjdljas [32m200[0m 202.541 ms - 20572[0m
[0mGET /user/profile/5f468b815972b018780ad880 [32m200[0m 702.148 ms - 21508[0m
[0mGET /user/profile/5f539983e3ec643be08c4c37?message=adjasdjlkasjdljas [32m200[0m 194.727 ms - 20932[0m
[0mGET /user/profile/5f468b815972b018780ad880 [32m200[0m 564.154 ms - 21962[0m
[0mGET /user/profile/5f539983e3ec643be08c4c37?message=adjasdjlkasjdljas [32m200[0m 293.952 ms - 21746[0m
[0mGET /user/profile/5f468b815972b018780ad880 [32m200[0m 248.629 ms - 23131[0m
[0mGET /user/profile/5f539983e3ec643be08c4c37?message=adjasdjlkasjdljas [32m200[0m 359.481 ms - 22560[0m
[0mGET /user/profile/5f468b815972b018780ad880 [32m200[0m 400.618 ms - 24400[0m
[0mGET /user/profile/5f468b815972b018780ad880 [32m200[0m 146.522 ms - 24400[0m
[0mGET /user/profile/5f539983e3ec643be08c4c37?message=adjasdjlkasjdljas [32m200[0m 535.264 ms - 24191[0m
[0mGET /user/profile/5f468b815972b018780ad880 [32m200[0m 226.480 ms - 24762[0m
[0mGET /user/profile/5f468b815972b018780ad880 [32m200[0m 769.529 ms - 25120[0m
[0mGET /user/profile/5f539983e3ec643be08c4c37?message=adjasdjlkasjdljas [32m200[0m 166.930 ms - 24643[0m
[0mGET /user/profile/5f539983e3ec643be08c4c37?message=adjasdjlkasjdljas [32m200[0m 590.742 ms - 25095[0m
[0mGET /user/profile/5f468b815972b018780ad880 [32m200[0m 250.553 ms - 25478[0m
[0mGET /user/profile/5f468b815972b018780ad880 [32m200[0m 462.319 ms - 26779[0m
[0mGET / [32m200[0m 577.664 ms - 62551[0m
[0mGET /upload/post/postimg/post_img-1600618449060 [33m404[0m 17.961 ms - 181[0m
[0mGET / [32m200[0m 883.001 ms - 61500[0m
[0mGET /upload/post/postimg/post_img-1600618449060 [33m404[0m 38.263 ms - 181[0m
[0mGET / [32m200[0m 431.871 ms - 62977[0m
[0mGET /upload/post/postimg/post_img-1600618449060 [33m404[0m 28.166 ms - 181[0m
[0mGET / [32m200[0m 340.986 ms - 62977[0m
[0mGET /upload/post/postimg/post_img-1600618449060 [33m404[0m 21.016 ms - 181[0m
[0mGET / [32m200[0m 249.361 ms - 62678[0m
[0mGET /upload/post/postimg/post_img-1600618449060 [33m404[0m 14.598 ms - 181[0m
[0mGET / [32m200[0m 653.539 ms - 62467[0m
[0mGET /upload/post/postimg/post_img-1600618449060 [33m404[0m 21.931 ms - 181[0m
[0mGET / [32m200[0m 810.320 ms - 62467[0m
[0mGET /upload/post/postimg/post_img-1600618449060 [33m404[0m 50.148 ms - 181[0m
[0mGET / [32m200[0m 405.772 ms - 62467[0m
[0mGET /upload/post/postimg/post_img-1600618449060 [33m404[0m 19.375 ms - 181[0m
[0mGET / [32m200[0m 406.006 ms - 62467[0m
[0mGET /upload/post/postimg/post_img-1600618449060 [33m404[0m 29.015 ms - 181[0m
[0mGET / [32m200[0m 1220.694 ms - 25617[0m
[0mGET /user/sign_In [32m200[0m 161.517 ms - 6416[0m
[0mGET /upload/post/postimg/post_img-1600618449060 [33m404[0m 28.662 ms - 181[0m
[0mPOST /user/create-session [36m302[0m 87.249 ms - 70[0m
[0mGET /user/sign_In [32m200[0m 34.599 ms - 6661[0m
[0mGET / [32m200[0m 308.659 ms - 61328[0m
[0mGET /upload/post/postimg/post_img-1600618449060 [33m404[0m 30.189 ms - 181[0m
[0mPOST /post/create [32m200[0m 247.357 ms - 325[0m
[0mGET /post/destroy/607c3e6e4851ca5608fee2f1 [32m200[0m 251.542 ms - 73[0m
[0mGET / [32m200[0m 709.269 ms - 61854[0m
[0mGET /upload/post/postimg/post_img-1600618449060 [33m404[0m 46.417 ms - 181[0m
[0mGET / [32m200[0m 328.309 ms - 61854[0m
[0mGET /upload/post/postimg/post_img-1600618449060 [33m404[0m 30.611 ms - 181[0m
[0mGET / [32m200[0m 572.578 ms - 61611[0m
[0mGET /upload/post/postimg/post_img-1600618449060 [33m404[0m 19.303 ms - 181[0m
[0mGET / [32m200[0m 465.687 ms - 61615[0m
[0mGET /upload/post/postimg/post_img-1600618449060 [33m404[0m 25.287 ms - 181[0m
[0mGET / [32m200[0m 313.357 ms - 61632[0m
[0mGET /upload/post/postimg/post_img-1600618449060 [33m404[0m 23.281 ms - 181[0m
[0mGET / [32m200[0m 998.285 ms - 61913[0m
[0mGET /upload/post/postimg/post_img-1600618449060 [33m404[0m 15.138 ms - 181[0m
[0mGET / [32m200[0m 1251.791 ms - 61875[0m
[0mGET /upload/post/postimg/post_img-1600618449060 [33m404[0m 186.160 ms - 181[0m
[0mGET / [32m200[0m 600.599 ms - 61836[0m
[0mGET /upload/post/postimg/post_img-1600618449060 [33m404[0m 27.045 ms - 181[0m
[0mGET / [32m200[0m 291.120 ms - 61847[0m
[0mGET /upload/post/postimg/post_img-1600618449060 [33m404[0m 10.575 ms - 181[0m
[0mGET / [32m200[0m 218.911 ms - 61848[0m
[0mGET /upload/post/postimg/post_img-1600618449060 [33m404[0m 20.008 ms - 181[0m
[0mGET / [32m200[0m 555.164 ms - 61860[0m
[0mGET /upload/post/postimg/post_img-1600618449060 [33m404[0m 27.447 ms - 181[0m
[0mGET / [32m200[0m 168.277 ms - 61867[0m
[0mGET /upload/post/postimg/post_img-1600618449060 [33m404[0m 11.583 ms - 181[0m
[0mGET / [32m200[0m 225.701 ms - 61869[0m
[0mGET /upload/post/postimg/post_img-1600618449060 [33m404[0m 14.963 ms - 181[0m
[0mPOST /like/toggle/?id=60772c47a9ef7c1c3c4385cc&type=Comment [32m200[0m 118.037 ms - 58[0m
[0mPOST /like/toggle/?id=6077291aa9ef7c1c3c4385c9&type=Post [32m200[0m 46.884 ms - 58[0m
[0mGET /user/profile/5f539983e3ec643be08c4c37 [32m200[0m 312.456 ms - 26082[0m
[0mGET / [32m200[0m 320.409 ms - 61869[0m
[0mGET /upload/post/postimg/post_img-1600618449060 [33m404[0m 20.559 ms - 181[0m
[0mGET / [32m200[0m 357.311 ms - 61869[0m
[0mGET /upload/post/postimg/post_img-1600618449060 [33m404[0m 20.327 ms - 181[0m
[0mGET /user/profile/5f468b815972b018780ad880 [32m200[0m 81.569 ms - 9396[0m
[0mGET /user/profile/5f468b815972b018780ad880 [32m200[0m 78.846 ms - 9396[0m
[0mGET / [32m200[0m 322.854 ms - 61869[0m
[0mGET / [32m200[0m 337.048 ms - 61869[0m
[0mGET /upload/post/postimg/post_img-1600618449060 [33m404[0m 19.513 ms - 181[0m
[0mGET /user/profile/5f539983e3ec643be08c4c37 [32m200[0m 370.888 ms - 26082[0m
[0mGET /user/profile/5f539983e3ec643be08c4c37 [32m200[0m 372.835 ms - 26440[0m
[0mGET /user/profile/5f539983e3ec643be08c4c37 [32m200[0m 497.527 ms - 26798[0m
[0mGET /user/profile/5f539983e3ec643be08c4c37 [32m200[0m 226.190 ms - 27878[0m
[0mGET /user/profile/5f539983e3ec643be08c4c37 [32m200[0m 570.575 ms - 28593[0m
[0mGET /user/profile/5f539983e3ec643be08c4c37 [32m200[0m 596.843 ms - 28593[0m
[0mGET /user/sign_In [32m200[0m 446.298 ms - 6416[0m
[0mGET /user/profile/5f539983e3ec643be08c4c37 [32m200[0m 1142.149 ms - 28593[0m
[0mGET /user/profile/5f539983e3ec643be08c4c37 [32m200[0m 549.202 ms - 29314[0m
[0mGET /user/profile/5f539983e3ec643be08c4c37 [32m200[0m 384.546 ms - 29314[0m
[0mGET /user/profile/5f539983e3ec643be08c4c37 [32m200[0m 753.207 ms - 29314[0m
[0mGET / [32m200[0m 251.547 ms - 61869[0m
[0mGET /upload/post/postimg/post_img-1600618449060 [33m404[0m 11.898 ms - 181[0m
[0mGET / [32m200[0m 119.878 ms - 61869[0m
[0mGET /upload/post/postimg/post_img-1600618449060 [33m404[0m 15.989 ms - 181[0m
[0mGET /user/profile/5f539983e3ec643be08c4c37 [32m200[0m 267.577 ms - 29314[0m
[0mGET /user/sign_In [32m200[0m 267.556 ms - 6416[0m
[0mGET /user/profile/5f539983e3ec643be08c4c37 [32m200[0m 391.112 ms - 29314[0m
[0mGET / [32m200[0m 1040.991 ms - 25623[0m
[0mGET /upload/post/postimg/post_img-1600618449060 [33m404[0m 74.394 ms - 181[0m
[0mGET /user/sign_In [32m200[0m 80.206 ms - 6416[0m
[0mGET /user/auth/google [36m302[0m 38.375 ms - 0[0m
[0mGET /user/auth/google [36m302[0m 21.027 ms - 0[0m
[0mGET /user/auth/google/callback?code=4%2F0AY0e-g4q0m0kGN-EdkXmw8ZnJMSKALfeN-3K8gNVOP5GwSEvAtvRqEPWY_IPgTfJrgdiJw&scope=email+profile+https%3A%2F%2Fwww.googleapis.com%2Fauth%2Fuserinfo.profile+https%3A%2F%2Fwww.googleapis.com%2Fauth%2Fuserinfo.email+openid&authuser=0&prompt=consent [36m302[0m 4759.911 ms - 46[0m
[0mGET / [32m200[0m 410.711 ms - 62896[0m
[0mGET /upload/post/postimg/post_img-1600618449060 [33m404[0m 18.332 ms - 181[0m
[0mGET /user/profile/5f539983e3ec643be08c4c37 [32m200[0m 155.975 ms - 10218[0m
[0mGET /upload/post/postimg/post_img-1600618449060 [33m404[0m 133.410 ms - 181[0m
[0mGET /user/profile/5f539983e3ec643be08c4c37 [32m200[0m 319.524 ms - 10218[0m
[0mGET / [32m200[0m 325.030 ms - 62896[0m
[0mGET /upload/post/postimg/post_img-1600618449060 [33m404[0m 29.952 ms - 181[0m
[0mGET /user/profile/5f539983e3ec643be08c4c37 [32m200[0m 74.007 ms - 10218[0m
[0mGET /upload/post/postimg/post_img-1600618449060 [33m404[0m 15.205 ms - 181[0m
[0mGET /user/profile/5f539983e3ec643be08c4c37 [32m200[0m 70.867 ms - 10218[0m
[0mGET / [32m200[0m 240.169 ms - 62896[0m
[0mGET /upload/post/postimg/post_img-1600618449060 [33m404[0m 15.673 ms - 181[0m
