[0mGET / [32m200[0m 6955.313 ms - 45769[0m
[0mGET / [32m200[0m 517.737 ms - 45769[0m
[0mGET /user/sign_In [32m200[0m 517.583 ms - 6416[0m
[0mGET /favicon.ico [33m404[0m 28.396 ms - 150[0m
[0mPOST /user/create-session [36m302[0m 143.037 ms - 46[0m
[0mGET / [32m200[0m 614.812 ms - 108494[0m
[0mGET / [32m200[0m 748.019 ms - 108494[0m
[0mGET /user/sign_Up [32m200[0m 104.937 ms - 6512[0m
[0mGET /user/sign_In [32m200[0m 1019.150 ms - 6416[0m
[0mPOST /user/create-session [36m302[0m 335.620 ms - 70[0m
[0mGET /user/sign_In [32m200[0m 101.524 ms - 6661[0m
[0mGET /user/auth/google [36m302[0m 49.556 ms - 0[0m
[0mGET /user/auth/google/callback?code=4%2F0AY0e-g4PfNVpA9AtdKggKZ1VP1yCpgY_Jt4jkXisidWNc1DmT6OuQ88nsatk3qaeUB_FGQ&scope=email+profile+https%3A%2F%2Fwww.googleapis.com%2Fauth%2Fuserinfo.profile+https%3A%2F%2Fwww.googleapis.com%2Fauth%2Fuserinfo.email+openid&authuser=0&prompt=consent [36m302[0m 1699.438 ms - 46[0m
[0mGET / [32m200[0m 1875.176 ms - 110973[0m
[0mGET / [32m200[0m 1365.919 ms - 110973[0m
[0mPOST /post/create_image [36m302[0m 759.401 ms - 88[0m
[0mGET / [32m200[0m 570.160 ms - 117623[0m
[0mGET / [32m200[0m 423.058 ms - 117387[0m
[0mPOST /like/toggle/?id=6087cc109744942444bac826&type=Post [32m200[0m 80.821 ms - 58[0m
[0mPOST /comment/create_comment [32m200[0m 359.050 ms - 622[0m
[0mGET /like/toggle/?id=6087cc209744942444bac829&type=Comment [33m404[0m 36.779 ms - 151[0m
[0mGET / [32m200[0m 539.821 ms - 118657[0m
[0mGET / [32m200[0m 584.409 ms - 118657[0m
[0mGET /sign-out [36m302[0m 40.721 ms - 70[0m
[0mGET /user/sign_In [32m200[0m 29.218 ms - 6654[0m
[0mGET /user/sign_In [32m200[0m 20.480 ms - 6416[0m
[0mGET /user/auth/google [36m302[0m 15.292 ms - 0[0m
[0mGET /user/auth/google/callback?code=4%2F0AY0e-g7YObvogR63sIfhzm_veTX5RLOuRnqcBKgaycD-Zne2hydR68PrQpbME1qzYQsysw&scope=email+profile+https%3A%2F%2Fwww.googleapis.com%2Fauth%2Fuserinfo.profile+https%3A%2F%2Fwww.googleapis.com%2Fauth%2Fuserinfo.email+openid&authuser=0&prompt=consent [36m302[0m 985.865 ms - 46[0m
[0mGET / [32m200[0m 529.158 ms - 118649[0m
[0mGET / [32m200[0m 390.507 ms - 118649[0m
[0mPOST /like/toggle/?id=6087cc209744942444bac829&type=Comment [32m200[0m 54.818 ms - 58[0m
[0mPOST /like/toggle/?id=6087cc209744942444bac829&type=Comment [32m200[0m 71.354 ms - 57[0m
[0mPOST /comment/create_comment [32m200[0m 76.427 ms - 440[0m
[0mGET /like/toggle/?id=6087ccc79744942444bac82e&type=Comment [33m404[0m 26.548 ms - 151[0m
[0mGET /like/toggle/?id=6087ccc79744942444bac82e&type=Comment [33m404[0m 139.109 ms - 151[0m
[0mGET /like/toggle/?id=6087ccc79744942444bac82e&type=Comment [33m404[0m 25.935 ms - 151[0m
[0mGET / [32m200[0m 771.154 ms - 119905[0m
[0mGET / [32m200[0m 372.369 ms - 119905[0m
[0mGET /post/destroy/6087cc109744942444bac826 [32m200[0m 604.411 ms - 73[0m
[0mGET /sign-out [36m302[0m 92.158 ms - 70[0m
[0mGET /user/sign_In [32m200[0m 36.128 ms - 6654[0m
[0mGET /css/style.css.map [33m404[0m 10.308 ms - 156[0m
[0mGET /user/sign_Up [32m200[0m 114.843 ms - 6512[0m
[0mGET /user/sign_In [32m200[0m 26.979 ms - 6416[0m
[0mPOST /user/create-session [36m302[0m 205.500 ms - 70[0m
[0mGET /user/sign_In [32m200[0m 68.199 ms - 6661[0m
[0mGET /user/auth/google [36m302[0m 20.614 ms - 0[0m
[0mGET /user/auth/google/callback?code=4%2F0AY0e-g7URIuiDEPuadwWq4aM9DUT3QTERAVBIYVqLe2KXbxhW-Ihe4s-pEagYe6GOfCRdA&scope=email+profile+https%3A%2F%2Fwww.googleapis.com%2Fauth%2Fuserinfo.profile+https%3A%2F%2Fwww.googleapis.com%2Fauth%2Fuserinfo.email+openid&authuser=0&prompt=consent [36m302[0m 940.707 ms - 46[0m
[0mGET / [32m200[0m 458.439 ms - 110973[0m
[0mGET / [32m200[0m 346.963 ms - 110973[0m
[0mPOST /like/toggle/?id=607d5f927f923e4948b95c05&type=Post [32m200[0m 57.497 ms - 57[0m
[0mPOST /like/toggle/?id=607d5f927f923e4948b95c05&type=Post [32m200[0m 91.207 ms - 58[0m
[0mPOST /post/create [32m200[0m 106.988 ms - 328[0m
[0mPOST /like/toggle/?id=6087ce78ed87de21603c1b39&type=Post [32m200[0m 56.348 ms - 58[0m
[0mGET /post/destroy/6087ce78ed87de21603c1b39 [32m200[0m 159.427 ms - 73[0m
[0mPOST /post/create_image [36m302[0m 485.768 ms - 88[0m
[0mGET / [32m200[0m 521.660 ms - 117625[0m
[0mGET / [32m200[0m 543.736 ms - 117389[0m
[0mGET /user/profile/5f539983e3ec643be08c4c37 [32m200[0m 172.588 ms - 25762[0m
[0mGET /user/profile/5f539983e3ec643be08c4c37 [32m200[0m 123.345 ms - 25762[0m
[0mPOST /user/update/5f539983e3ec643be08c4c37 [36m302[0m 195.487 ms - 162[0m
[0mGET /user/profile/5f539983e3ec643be08c4c37 [32m200[0m 132.190 ms - 25999[0m
[0mGET /user/profile/5f539983e3ec643be08c4c37 [32m200[0m 111.701 ms - 25762[0m
[0mGET / [32m200[0m 389.877 ms - 117384[0m
[0mGET / [32m200[0m 402.772 ms - 117384[0m
[0mGET /user/profile/6076e50ff0066e02f8fe84e7 [32m200[0m 107.150 ms - 8335[0m
[0mGET / [32m200[0m 480.688 ms - 114693[0m
[0mGET / [32m200[0m 445.290 ms - 114694[0m
[0mPOST /like/toggle/?id=6087cea4ed87de21603c1b3c&type=Post [32m200[0m 58.094 ms - 58[0m
[0mPOST /comment/create_comment [32m200[0m 129.756 ms - 600[0m
[0mGET /user/profile/5f539983e3ec643be08c4c37 [32m200[0m 114.763 ms - 8340[0m
[0mGET /user/friendreq/5f539983e3ec643be08c4c37 [36m302[0m 133.724 ms - 162[0m
[0mGET /user/profile/5f539983e3ec643be08c4c37 [32m200[0m 249.726 ms - 8337[0m
[0mGET / [32m200[0m 234.716 ms - 119490[0m
[0mGET / [32m200[0m 335.605 ms - 119490[0m
[0mGET /user/friendreq/5f539983e3ec643be08c4c37 [36m302[0m 133.814 ms - 162[0m
[0mGET /user/profile/5f539983e3ec643be08c4c37 [32m200[0m 143.204 ms - 8340[0m
[0mGET / [32m200[0m 612.849 ms - 118644[0m
[0mGET / [32m200[0m 1832.186 ms - 118644[0m
[0mGET /user/friendreq/5f539983e3ec643be08c4c37 [36m302[0m 116.290 ms - 162[0m
[0mGET /user/profile/5f539983e3ec643be08c4c37 [32m200[0m 176.293 ms - 8337[0m
[0mGET / [32m200[0m 941.678 ms - 119485[0m
[0mGET / [32m200[0m 977.614 ms - 119485[0m
[0mGET /user/profile/6076e50ff0066e02f8fe84e7/toggle_friend/?pid=6087cf37ed87de21603c1b42 [36m302[0m 53.703 ms - 88[0m
[0mGET / [32m200[0m 2227.648 ms - 119879[0m
[0mGET / [32m200[0m 884.392 ms - 119033[0m
[0mGET /user/profile/6076e50ff0066e02f8fe84e7 [32m200[0m 263.951 ms - 16869[0m
[0mGET / [32m200[0m 961.483 ms - 119033[0m
[0mGET / [32m200[0m 454.172 ms - 119033[0m
[0mGET /user/profile/6076e50ff0066e02f8fe84e7 [32m200[0m 195.803 ms - 16869[0m
[0mGET /user/profile/5f539983e3ec643be08c4c37 [32m200[0m 143.145 ms - 22927[0m
[0mPOST /user/sendmsg/5f539983e3ec643be08c4c37 [36m302[0m 108.583 ms - 162[0m
[0mGET /user/profile/5f539983e3ec643be08c4c37 [32m200[0m 151.750 ms - 23535[0m
[0mGET /user/profile/6076e50ff0066e02f8fe84e7/toggle_friend [36m302[0m 56.025 ms - 162[0m
[0mGET /user/profile/6076e50ff0066e02f8fe84e7 [32m200[0m 270.498 ms - 8335[0m
[0mGET / [32m200[0m 1137.562 ms - 118640[0m
[0mGET / [32m200[0m 1566.978 ms - 118640[0m
[0mGET /user/friendreq/cancel/60811f0b6546503214ee3970 [0m-[0m - ms - -[0m
[0mGET /user/friendreq/cancel/60811f0b6546503214ee3970 [0m-[0m - ms - -[0m
[0mGET / [32m200[0m 964.046 ms - 118642[0m
[0mGET / [32m200[0m 988.716 ms - 118642[0m
[0mGET /user/friendreq/cancel/60811f0b6546503214ee3970 [36m302[0m 158.775 ms - 88[0m
[0mGET / [32m200[0m 447.297 ms - 117792[0m
[0mGET / [32m200[0m 621.831 ms - 117792[0m
[0mGET /user/profile/5f539983e3ec643be08c4c37 [32m200[0m 215.425 ms - 25762[0m
[0mGET /user/profile/5f539983e3ec643be08c4c37 [32m200[0m 141.539 ms - 25762[0m
[0mGET / [32m200[0m 656.464 ms - 117760[0m
[0mGET / [32m200[0m 333.165 ms - 117760[0m
[0mGET /user/profile/5f468b815972b018780ad880 [32m200[0m 432.171 ms - 32534[0m
[0mGET / [32m200[0m 519.868 ms - 117760[0m
[0mGET / [32m200[0m 648.612 ms - 117760[0m
[0mGET /user/profile/60366b5bf67f880a442fd1b0 [32m200[0m 160.015 ms - 12489[0m
[0mGET / [32m200[0m 486.807 ms - 117760[0m
[0mGET / [32m200[0m 635.372 ms - 117760[0m
[0mGET / [32m200[0m 482.546 ms - 117760[0m
[0mGET / [32m200[0m 403.765 ms - 117760[0m
[0mGET /user/profile/5f539983e3ec643be08c4c37 [32m200[0m 111.659 ms - 25761[0m
[0mGET /user/profile/5f539983e3ec643be08c4c37 [32m200[0m 119.052 ms - 25761[0m
[0mGET / [32m200[0m 448.979 ms - 117760[0m
[0mGET / [32m200[0m 535.606 ms - 117760[0m
[0mGET /sign-out [36m302[0m 30.432 ms - 70[0m
[0mGET /user/sign_In [32m200[0m 67.857 ms - 6654[0m
[0mPOST /user/create-session [36m302[0m 23.263 ms - 70[0m
[0mGET /user/sign_In [32m200[0m 38.227 ms - 6661[0m
[0mPOST /user/create-session [36m302[0m 31.429 ms - 46[0m
[0mGET / [32m200[0m 376.337 ms - 114269[0m
[0mGET / [32m200[0m 288.827 ms - 114269[0m
[0mGET /user/profile/5f539983e3ec643be08c4c37 [32m200[0m 104.675 ms - 8344[0m
[0mGET /user/friendreq/5f539983e3ec643be08c4c37 [36m302[0m 145.243 ms - 162[0m
[0mGET /user/profile/5f539983e3ec643be08c4c37 [32m200[0m 137.657 ms - 8341[0m
[0mGET /sign-out [36m302[0m 33.608 ms - 70[0m
[0mGET /user/sign_In [32m200[0m 31.328 ms - 6654[0m
[0mPOST /user/create-session [36m302[0m 30.453 ms - 46[0m
[0mGET / [32m200[0m 458.046 ms - 115919[0m
[0mGET / [32m200[0m 722.568 ms - 115919[0m
[0mGET / [32m200[0m 414.821 ms - 118610[0m
[0mGET / [32m200[0m 335.764 ms - 118610[0m
[0mGET /post/destroy/6087cea4ed87de21603c1b3c [32m200[0m 110.059 ms - 73[0m
[0mGET / [32m200[0m 530.497 ms - 110941[0m
[0mGET / [32m200[0m 384.379 ms - 110941[0m
[0mGET /sign-out [36m302[0m 18.702 ms - 70[0m
[0mGET /user/sign_In [32m200[0m 18.839 ms - 6654[0m
[0mGET /user/sign_Up [32m200[0m 103.881 ms - 6512[0m
[0mGET /user/sign_In [32m200[0m 23.805 ms - 6416[0m
[0mPOST /user/create-session [36m302[0m 142.149 ms - 70[0m
[0mGET /user/sign_In [32m200[0m 23.346 ms - 6661[0m
[0mGET /user/auth/google [36m302[0m 99.142 ms - 0[0m
[0mGET /user/auth/google/callback?code=4%2F0AY0e-g6GooO5-bu-VX1Ly1qmVyqPuJifBCJE8fXeJNZ4TNUCqQoK1B22twt5L6-IG564Kg&scope=email+profile+https%3A%2F%2Fwww.googleapis.com%2Fauth%2Fuserinfo.profile+https%3A%2F%2Fwww.googleapis.com%2Fauth%2Fuserinfo.email+openid&authuser=0&prompt=consent [36m302[0m 1389.272 ms - 46[0m
[0mGET / [32m200[0m 706.147 ms - 110941[0m
[0mGET / [32m200[0m 556.892 ms - 110941[0m
[0mPOST /like/toggle/?id=607d5b257fa5f0129ce93895&type=Post [32m200[0m 110.927 ms - 58[0m
[0mPOST /like/toggle/?id=6077291aa9ef7c1c3c4385c9&type=Post [32m200[0m 47.674 ms - 57[0m
[0mPOST /like/toggle/?id=6077291aa9ef7c1c3c4385c9&type=Post [32m200[0m 117.525 ms - 58[0m
[0mGET /comment/destroy/60772c47a9ef7c1c3c4385cc [32m200[0m 153.423 ms - 88[0m
[0mPOST /post/create [32m200[0m 114.952 ms - 335[0m
[0mGET /post/destroy/6087d7edc8a60423888da002 [32m200[0m 55.388 ms - 73[0m
[0mPOST /post/create_image [36m302[0m 241.730 ms - 88[0m
[0mGET / [32m200[0m 475.846 ms - 116328[0m
[0mGET / [32m200[0m 497.062 ms - 116092[0m
[0mGET /user/profile/5f468b815972b018780ad880 [32m200[0m 304.307 ms - 32534[0m
[0mGET / [32m200[0m 633.227 ms - 116092[0m
[0mGET / [32m200[0m 565.958 ms - 116092[0m
[0mGET /user/profile/5f40c23b424c163b70d21cdf [32m200[0m 78.989 ms - 8280[0m
[0mGET / [32m200[0m 455.783 ms - 116092[0m
[0mGET / [32m200[0m 1044.172 ms - 116092[0m
[0mGET /user/profile/5f539983e3ec643be08c4c37 [32m200[0m 123.854 ms - 25761[0m
[0mGET /user/profile/5f539983e3ec643be08c4c37 [32m200[0m 134.244 ms - 25761[0m
[0mPOST /user/update/5f539983e3ec643be08c4c37 [36m302[0m 183.353 ms - 162[0m
[0mGET /user/profile/5f539983e3ec643be08c4c37 [32m200[0m 107.533 ms - 25998[0m
[0mGET /user/profile/5f539983e3ec643be08c4c37 [32m200[0m 113.295 ms - 25761[0m
[0mGET / [32m200[0m 372.274 ms - 116088[0m
[0mGET / [32m200[0m 423.391 ms - 116088[0m
[0mGET / [32m200[0m 531.124 ms - 113397[0m
[0mGET / [32m200[0m 324.991 ms - 113397[0m
[0mGET / [32m200[0m 258.204 ms - 113397[0m
[0mGET / [32m200[0m 506.849 ms - 113397[0m
[0mPOST /like/toggle/?id=6087d811c8a60423888da003&type=Post [32m200[0m 42.483 ms - 58[0m
[0mPOST /comment/create_comment [32m200[0m 142.368 ms - 612[0m
[0mGET /user/profile/5f539983e3ec643be08c4c37 [32m200[0m 166.375 ms - 8340[0m
[0mGET /user/friendreq/5f539983e3ec643be08c4c37 [36m302[0m 134.032 ms - 162[0m
[0mGET /user/profile/5f539983e3ec643be08c4c37 [32m200[0m 152.793 ms - 8337[0m
[0mGET / [32m200[0m 337.363 ms - 118199[0m
[0mGET / [32m200[0m 397.096 ms - 118199[0m
[0mGET /user/profile/6076e50ff0066e02f8fe84e7/toggle_friend/?pid=6087d89ec8a60423888da008 [36m302[0m 27.449 ms - 88[0m
[0mGET / [32m200[0m 583.833 ms - 117747[0m
[0mGET / [32m200[0m 400.809 ms - 117747[0m
[0mGET /user/profile/5f539983e3ec643be08c4c37 [32m200[0m 87.571 ms - 22467[0m
[0mGET /user/profile/5f539983e3ec643be08c4c37/toggle_friend [36m302[0m 63.389 ms - 162[0m
[0mGET /user/profile/5f539983e3ec643be08c4c37 [32m200[0m 342.031 ms - 8340[0m
[0mGET / [32m200[0m 432.648 ms - 117353[0m
[0mGET / [32m200[0m 482.303 ms - 117353[0m
[0mGET /user/friendreq/5f539983e3ec643be08c4c37 [36m302[0m 56.613 ms - 162[0m
[0mGET /user/profile/5f539983e3ec643be08c4c37 [32m200[0m 78.371 ms - 8337[0m
[0mGET / [32m200[0m 477.912 ms - 118194[0m
[0mGET / [32m200[0m 652.526 ms - 118194[0m
[0mGET /user/friendreq/5f539983e3ec643be08c4c37 [36m302[0m 67.108 ms - 162[0m
[0mGET /user/profile/5f539983e3ec643be08c4c37 [32m200[0m 134.718 ms - 8340[0m
[0mGET / [32m200[0m 196.097 ms - 117348[0m
[0mGET / [32m200[0m 304.636 ms - 117348[0m
[0mGET /user/friendreq/5f539983e3ec643be08c4c37 [36m302[0m 99.843 ms - 162[0m
[0mGET /user/profile/5f539983e3ec643be08c4c37 [32m200[0m 213.770 ms - 8337[0m
[0mGET / [32m200[0m 328.846 ms - 118194[0m
[0mGET / [32m200[0m 294.374 ms - 118194[0m
[0mGET /user/profile/6076e50ff0066e02f8fe84e7/toggle_friend/?pid=6087d8d2c8a60423888da00c [36m302[0m 23.447 ms - 88[0m
[0mGET / [32m200[0m 190.458 ms - 117742[0m
[0mGET / [32m200[0m 1786.402 ms - 117742[0m
[0mGET /user/profile/5f539983e3ec643be08c4c37 [32m200[0m 75.439 ms - 22467[0m
[0mGET /user/profile/6076e50ff0066e02f8fe84e7 [32m200[0m 81.905 ms - 16869[0m
[0mPOST /user/sendmsg/5f539983e3ec643be08c4c37 [36m302[0m 83.984 ms - 162[0m
[0mGET /user/profile/5f539983e3ec643be08c4c37 [32m200[0m 164.496 ms - 23535[0m
[0mGET / [32m200[0m 241.687 ms - 117743[0m
[0mGET / [32m200[0m 1482.870 ms - 117743[0m
[0mGET /user/friendreq/cancel/6087d6b21ce56b05f0a0c58a [36m302[0m 60.795 ms - 88[0m
[0mGET / [32m200[0m 1195.821 ms - 116893[0m
[0mGET / [32m200[0m 1267.494 ms - 116893[0m
